#unix acct name
#password
bin
!mkdir REV11-FAS
!mkdir REV11-FAS\_PH_
!mkdir REV11-FAS\NTMIGRATE.LOC
!mkdir REV11-FAS\tload.dir
!mkdir REV11-FAS\SAVEDLISTS
!mkdir REV11-FAS\_HOLD_
get /usr/ud/primac/rev11/base/REV11-FAS/VOC REV11-FAS\VOC
get /usr/ud/primac/rev11/base/REV11-FAS/D_VOC REV11-FAS\D_VOC
get /usr/ud/primac/rev11/base/REV11-FAS/D_SAVEDLISTS REV11-FAS\D_SAVEDLISTS
get /usr/ud/primac/rev11/base/REV11-FAS/D__HOLD_ REV11-FAS\D__HOLD_
get /usr/ud/primac/rev11/base/REV11-FAS/D_BP REV11-FAS\D_BP
get /usr/ud/primac/rev11/base/REV11-FAS/D__REPORT_ REV11-FAS\D__REPORT_
get /usr/ud/primac/rev11/base/REV11-FAS/_REPORT_ REV11-FAS\_REPORT_
get /usr/ud/primac/rev11/base/REV11-FAS/D__SCREEN_ REV11-FAS\D__SCREEN_
get /usr/ud/primac/rev11/base/REV11-FAS/_SCREEN_ REV11-FAS\_SCREEN_
get /usr/ud/primac/rev11/base/REV11-FAS/D_MENUFILE REV11-FAS\D_MENUFILE
get /usr/ud/primac/rev11/base/REV11-FAS/MENUFILE REV11-FAS\MENUFILE
get /usr/ud/primac/rev11/base/REV11-FAS/D___V__VIEW REV11-FAS\D___V__VIEW
get /usr/ud/primac/rev11/base/REV11-FAS/__V__VIEW REV11-FAS\__V__VIEW
get /usr/ud/primac/rev11/base/REV11-FAS/D_tload.dir REV11-FAS\D_tload.dir
get /usr/ud/primac/rev11/base/REV11-FAS/_ED_ REV11-FAS\_ED_
get /usr/ud/primac/rev11/base/REV11-FAS/D__ED_ REV11-FAS\D__ED_
get /usr/ud/primac/rev11/base/REV11-FAS/ASSETS REV11-FAS\ASSETS
get /usr/ud/primac/rev11/base/REV11-FAS/D_ASSETS REV11-FAS\D_ASSETS
get /usr/ud/primac/rev11/base/REV11-FAS/CLASS REV11-FAS\CLASS
get /usr/ud/primac/rev11/base/REV11-FAS/D_CLASS REV11-FAS\D_CLASS
get /usr/ud/primac/rev11/base/REV11-FAS/CLASS.XREF REV11-FAS\CLASS.XREF
get /usr/ud/primac/rev11/base/REV11-FAS/D_CLASS.XREF REV11-FAS\D_CLASS.XREF
get /usr/ud/primac/rev11/base/REV11-FAS/ITC REV11-FAS\ITC
get /usr/ud/primac/rev11/base/REV11-FAS/DEP.MAST REV11-FAS\DEP.MAST
get /usr/ud/primac/rev11/base/REV11-FAS/D_DEP.MAST REV11-FAS\D_DEP.MAST
get /usr/ud/primac/rev11/base/REV11-FAS/DISPOSAL REV11-FAS\DISPOSAL
get /usr/ud/primac/rev11/base/REV11-FAS/D_DISPOSAL REV11-FAS\D_DISPOSAL
get /usr/ud/primac/rev11/base/REV11-FAS/EQUIP.FILE REV11-FAS\EQUIP.FILE
get /usr/ud/primac/rev11/base/REV11-FAS/D_EQUIP.FILE REV11-FAS\D_EQUIP.FILE
get /usr/ud/primac/rev11/base/REV11-FAS/EQUIP.HIST REV11-FAS\EQUIP.HIST
get /usr/ud/primac/rev11/base/REV11-FAS/D_EQUIP.HIST REV11-FAS\D_EQUIP.HIST
get /usr/ud/primac/rev11/base/REV11-FAS/D_ITC REV11-FAS\D_ITC
get /usr/ud/primac/rev11/base/REV11-FAS/REPAIRS REV11-FAS\REPAIRS
get /usr/ud/primac/rev11/base/REV11-FAS/D_REPAIRS REV11-FAS\D_REPAIRS
get /usr/ud/primac/rev11/base/REV11-FAS/D_AE_COMS REV11-FAS\D_AE_COMS
get /usr/ud/primac/rev11/base/REV11-FAS/AE_COMS REV11-FAS\AE_COMS
get /usr/ud/primac/rev11/base/REV11-FAS/vocupgrade REV11-FAS\vocupgrade
get /usr/ud/primac/rev11/base/REV11-FAS/D__PH_ REV11-FAS\D__PH_
get /usr/ud/primac/rev11/base/REV11-FAS/D_ASSETS.DEPR REV11-FAS\D_ASSETS.DEPR
get /usr/ud/primac/rev11/base/REV11-FAS/ASSETS.DEPR REV11-FAS\ASSETS.DEPR
get /usr/ud/primac/rev11/base/REV11-FAS/GUIDE_STATS.LIS_020698_C REV11-FAS\GUIDE_STATS.LIS_020698_C
get /usr/ud/primac/rev11/base/REV11-FAS/D_LOAD.FA.LOG REV11-FAS\D_LOAD.FA.LOG
get /usr/ud/primac/rev11/base/REV11-FAS/LOAD.FA.LOG REV11-FAS\LOAD.FA.LOG
get /usr/ud/primac/rev11/base/REV11-FAS/D_REPAIRS.DETAIL REV11-FAS\D_REPAIRS.DETAIL
get /usr/ud/primac/rev11/base/REV11-FAS/REPAIRS.DETAIL REV11-FAS\REPAIRS.DETAIL
get /usr/ud/primac/rev11/base/REV11-FAS/D_NTMIGRATE.LOC REV11-FAS\D_NTMIGRATE.LOC
get /usr/ud/primac/rev11/base/REV11-FAS/ATTEND.CODE REV11-FAS\ATTEND.CODE
get /usr/ud/primac/rev11/base/REV11-FAS/D_AE_SCRATCH REV11-FAS\D_AE_SCRATCH
get /usr/ud/primac/rev11/base/REV11-FAS/BATCH REV11-FAS\BATCH
get /usr/ud/primac/rev11/base/REV11-FAS/ANNUAL.QTD-YTD REV11-FAS\ANNUAL.QTD-YTD
get /usr/ud/primac/rev11/base/REV11-FAS/ATTEND.HIST REV11-FAS\ATTEND.HIST
get /usr/ud/primac/rev11/base/REV11-FAS/BATCH.ANAL REV11-FAS\BATCH.ANAL
get /usr/ud/primac/rev11/base/REV11-FAS/BATCH.DETAIL REV11-FAS\BATCH.DETAIL
get /usr/ud/primac/rev11/base/REV11-FAS/BATCH.HEADER REV11-FAS\BATCH.HEADER
get /usr/ud/primac/rev11/base/REV11-FAS/BATCH1 REV11-FAS\BATCH1
get /usr/ud/primac/rev11/base/REV11-FAS/DAILY.HOURS REV11-FAS\DAILY.HOURS
get /usr/ud/primac/rev11/base/REV11-FAS/DEDRECAP REV11-FAS\DEDRECAP
get /usr/ud/primac/rev11/base/REV11-FAS/DEDREG REV11-FAS\DEDREG
get /usr/ud/primac/rev11/base/REV11-FAS/DLY.HRS.CONTROL REV11-FAS\DLY.HRS.CONTROL
get /usr/ud/primac/rev11/base/REV11-FAS/EMPLOYEE.INVEST.CONTR REV11-FAS\EMPLOYEE.INVEST.CONTR
get /usr/ud/primac/rev11/base/REV11-FAS/EMPTRANS REV11-FAS\EMPTRANS
get /usr/ud/primac/rev11/base/REV11-FAS/EPS.DAILY.HOURS REV11-FAS\EPS.DAILY.HOURS
get /usr/ud/primac/rev11/base/REV11-FAS/HOLIDAY REV11-FAS\HOLIDAY
get /usr/ud/primac/rev11/base/REV11-FAS/INVEST.FUND.CODE REV11-FAS\INVEST.FUND.CODE
get /usr/ud/primac/rev11/base/REV11-FAS/JOB.CLASS REV11-FAS\JOB.CLASS
get /usr/ud/primac/rev11/base/REV11-FAS/JOB.GROUP REV11-FAS\JOB.GROUP
get /usr/ud/primac/rev11/base/REV11-FAS/JOB.RATE REV11-FAS\JOB.RATE
get /usr/ud/primac/rev11/base/REV11-FAS/MDS REV11-FAS\MDS
get /usr/ud/primac/rev11/base/REV11-FAS/MISCDED REV11-FAS\MISCDED
get /usr/ud/primac/rev11/base/REV11-FAS/MPAYREG REV11-FAS\MPAYREG
get /usr/ud/primac/rev11/base/REV11-FAS/MTAXRECAP REV11-FAS\MTAXRECAP
get /usr/ud/primac/rev11/base/REV11-FAS/MTH-UNION REV11-FAS\MTH-UNION
get /usr/ud/primac/rev11/base/REV11-FAS/MUNION REV11-FAS\MUNION
get /usr/ud/primac/rev11/base/REV11-FAS/OTH.INC.RECAP REV11-FAS\OTH.INC.RECAP
get /usr/ud/primac/rev11/base/REV11-FAS/OTHER-INC REV11-FAS\OTHER-INC
get /usr/ud/primac/rev11/base/REV11-FAS/PAYREG REV11-FAS\PAYREG
get /usr/ud/primac/rev11/base/REV11-FAS/PAYTYPE REV11-FAS\PAYTYPE
get /usr/ud/primac/rev11/base/REV11-FAS/PETTY.CASH REV11-FAS\PETTY.CASH
get /usr/ud/primac/rev11/base/REV11-FAS/PRCHECK REV11-FAS\PRCHECK
get /usr/ud/primac/rev11/base/REV11-FAS/PRD REV11-FAS\PRD
get /usr/ud/primac/rev11/base/REV11-FAS/PRS.EOM.TRANS REV11-FAS\PRS.EOM.TRANS
get /usr/ud/primac/rev11/base/REV11-FAS/PRS.POST.REJECTS REV11-FAS\PRS.POST.REJECTS
get /usr/ud/primac/rev11/base/REV11-FAS/QHR REV11-FAS\QHR
get /usr/ud/primac/rev11/base/REV11-FAS/QTD-YTD REV11-FAS\QTD-YTD
get /usr/ud/primac/rev11/base/REV11-FAS/S.COMPANY REV11-FAS\S.COMPANY
get /usr/ud/primac/rev11/base/REV11-FAS/S.EMPLOYEE REV11-FAS\S.EMPLOYEE
get /usr/ud/primac/rev11/base/REV11-FAS/S.EMPLOYEE.INVEST.CONTR REV11-FAS\S.EMPLOYEE.INVEST.CONTR
get /usr/ud/primac/rev11/base/REV11-FAS/S.FICA.TABLE REV11-FAS\S.FICA.TABLE
get /usr/ud/primac/rev11/base/REV11-FAS/S.QTD-YTD REV11-FAS\S.QTD-YTD
get /usr/ud/primac/rev11/base/REV11-FAS/STATE REV11-FAS\STATE
get /usr/ud/primac/rev11/base/REV11-FAS/TAX2 REV11-FAS\TAX2
get /usr/ud/primac/rev11/base/REV11-FAS/UNION REV11-FAS\UNION
get /usr/ud/primac/rev11/base/REV11-FAS/UNPAY.DEDUCT REV11-FAS\UNPAY.DEDUCT
get /usr/ud/primac/rev11/base/REV11-FAS/W2.FORMS REV11-FAS\W2.FORMS
get /usr/ud/primac/rev11/base/REV11-FAS/W2.FORMS.BACKUP REV11-FAS\W2.FORMS.BACKUP
get /usr/ud/primac/rev11/base/REV11-FAS/WORK.CALC REV11-FAS\WORK.CALC
get /usr/ud/primac/rev11/base/REV11-FAS/WORK.SHIFT REV11-FAS\WORK.SHIFT
get /usr/ud/primac/rev11/base/REV11-FAS/GUIDE_ADVICE.LIS_020698 REV11-FAS\GUIDE_ADVICE.LIS_020698
get /usr/ud/primac/rev11/base/REV11-FAS/GUIDE_ERRORS.LIS REV11-FAS\GUIDE_ERRORS.LIS
get /usr/ud/primac/rev11/base/REV11-FAS/GUIDE_STATS.LIS_020698_A REV11-FAS\GUIDE_STATS.LIS_020698_A
get /usr/ud/primac/rev11/base/REV11-FAS/GUIDE_ERRORS.LIS_020698 REV11-FAS\GUIDE_ERRORS.LIS_020698
get /usr/ud/primac/rev11/base/REV11-FAS/GUIDE_STATS.LIS_020698 REV11-FAS\GUIDE_STATS.LIS_020698
get /usr/ud/primac/rev11/base/REV11-FAS/GUIDE_ADVICE.LIS_020698_B REV11-FAS\GUIDE_ADVICE.LIS_020698_B
get /usr/ud/primac/rev11/base/REV11-FAS/GUIDE_ERRORS.LIS_020698_A REV11-FAS\GUIDE_ERRORS.LIS_020698_A
get /usr/ud/primac/rev11/base/REV11-FAS/GUIDE_ADVICE.LIS_020698_A REV11-FAS\GUIDE_ADVICE.LIS_020698_A
get /usr/ud/primac/rev11/base/REV11-FAS/GUIDE_ADVICE.LIS_020698_C REV11-FAS\GUIDE_ADVICE.LIS_020698_C
get /usr/ud/primac/rev11/base/REV11-FAS/GUIDE_ERRORS.LIS_020698_B REV11-FAS\GUIDE_ERRORS.LIS_020698_B
get /usr/ud/primac/rev11/base/REV11-FAS/GUIDE_STATS.LIS_020698_B REV11-FAS\GUIDE_STATS.LIS_020698_B
get /usr/ud/primac/rev11/base/REV11-FAS/GUIDE_ADVICE.LIS_020698_D REV11-FAS\GUIDE_ADVICE.LIS_020698_D
get /usr/ud/primac/rev11/base/REV11-FAS/GUIDE_ERRORS.LIS_020698_C REV11-FAS\GUIDE_ERRORS.LIS_020698_C
get /usr/ud/primac/rev11/base/REV11-FAS/GUIDE_STATS.LIS_020698_E REV11-FAS\GUIDE_STATS.LIS_020698_E
get /usr/ud/primac/rev11/base/REV11-FAS/GUIDE_ERRORS.LIS_020698_D REV11-FAS\GUIDE_ERRORS.LIS_020698_D
get /usr/ud/primac/rev11/base/REV11-FAS/GUIDE_STATS.LIS_020698_D REV11-FAS\GUIDE_STATS.LIS_020698_D
get /usr/ud/primac/rev11/base/REV11-FAS/GUIDE_ADVICE.LIS_020698_F REV11-FAS\GUIDE_ADVICE.LIS_020698_F
get /usr/ud/primac/rev11/base/REV11-FAS/GUIDE_ERRORS.LIS_020698_E REV11-FAS\GUIDE_ERRORS.LIS_020698_E
get /usr/ud/primac/rev11/base/REV11-FAS/GUIDE_ADVICE.LIS_020698_E REV11-FAS\GUIDE_ADVICE.LIS_020698_E
get /usr/ud/primac/rev11/base/REV11-FAS/GUIDE_STATS.LIS_020698_H REV11-FAS\GUIDE_STATS.LIS_020698_H
get /usr/ud/primac/rev11/base/REV11-FAS/GUIDE_ERRORS.LIS_020698_F REV11-FAS\GUIDE_ERRORS.LIS_020698_F
get /usr/ud/primac/rev11/base/REV11-FAS/GUIDE_STATS.LIS_020698_F REV11-FAS\GUIDE_STATS.LIS_020698_F
get /usr/ud/primac/rev11/base/REV11-FAS/GUIDE_ERRORS.LIS_020698_G REV11-FAS\GUIDE_ERRORS.LIS_020698_G
get /usr/ud/primac/rev11/base/REV11-FAS/GUIDE_STATS.LIS_020698_G REV11-FAS\GUIDE_STATS.LIS_020698_G
get /usr/ud/primac/rev11/base/REV11-FAS/GUIDE_ADVICE.LIS_020698_G REV11-FAS\GUIDE_ADVICE.LIS_020698_G
get /usr/ud/primac/rev11/base/REV11-FAS/GUIDE_ERRORS.LIS_020698_H REV11-FAS\GUIDE_ERRORS.LIS_020698_H
get /usr/ud/primac/rev11/base/REV11-FAS/GUIDE_ADVICE.LIS_020698_H REV11-FAS\GUIDE_ADVICE.LIS_020698_H
get /usr/ud/primac/rev11/base/REV11-FAS/GUIDE_ADVICE.LIS_020698_Q REV11-FAS\GUIDE_ADVICE.LIS_020698_Q
get /usr/ud/primac/rev11/base/REV11-FAS/GUIDE_ADVICE.LIS_020698_R REV11-FAS\GUIDE_ADVICE.LIS_020698_R
get /usr/ud/primac/rev11/base/REV11-FAS/GUIDE_ERRORS.LIS_020698_I REV11-FAS\GUIDE_ERRORS.LIS_020698_I
get /usr/ud/primac/rev11/base/REV11-FAS/GUIDE_STATS.LIS_020698_I REV11-FAS\GUIDE_STATS.LIS_020698_I
get /usr/ud/primac/rev11/base/REV11-FAS/GUIDE_ADVICE.LIS_020698_I REV11-FAS\GUIDE_ADVICE.LIS_020698_I
get /usr/ud/primac/rev11/base/REV11-FAS/GUIDE_ERRORS.LIS_020698_J REV11-FAS\GUIDE_ERRORS.LIS_020698_J
get /usr/ud/primac/rev11/base/REV11-FAS/GUIDE_STATS.LIS_020698_J REV11-FAS\GUIDE_STATS.LIS_020698_J
get /usr/ud/primac/rev11/base/REV11-FAS/GUIDE_ADVICE.LIS_020698_J REV11-FAS\GUIDE_ADVICE.LIS_020698_J
get /usr/ud/primac/rev11/base/REV11-FAS/GUIDE_ERRORS.LIS_020698_K REV11-FAS\GUIDE_ERRORS.LIS_020698_K
get /usr/ud/primac/rev11/base/REV11-FAS/GUIDE_STATS.LIS_020698_K REV11-FAS\GUIDE_STATS.LIS_020698_K
get /usr/ud/primac/rev11/base/REV11-FAS/GUIDE_ADVICE.LIS_020698_K REV11-FAS\GUIDE_ADVICE.LIS_020698_K
get /usr/ud/primac/rev11/base/REV11-FAS/GUIDE_ERRORS.LIS_020698_L REV11-FAS\GUIDE_ERRORS.LIS_020698_L
get /usr/ud/primac/rev11/base/REV11-FAS/GUIDE_STATS.LIS_020698_L REV11-FAS\GUIDE_STATS.LIS_020698_L
get /usr/ud/primac/rev11/base/REV11-FAS/GUIDE_ADVICE.LIS_020698_L REV11-FAS\GUIDE_ADVICE.LIS_020698_L
get /usr/ud/primac/rev11/base/REV11-FAS/GUIDE_STATS.LIS_020698_V REV11-FAS\GUIDE_STATS.LIS_020698_V
get /usr/ud/primac/rev11/base/REV11-FAS/GUIDE_ERRORS.LIS_020698_M REV11-FAS\GUIDE_ERRORS.LIS_020698_M
get /usr/ud/primac/rev11/base/REV11-FAS/GUIDE_STATS.LIS_020698_M REV11-FAS\GUIDE_STATS.LIS_020698_M
get /usr/ud/primac/rev11/base/REV11-FAS/GUIDE_ADVICE.LIS_020698_M REV11-FAS\GUIDE_ADVICE.LIS_020698_M
get /usr/ud/primac/rev11/base/REV11-FAS/GUIDE_ERRORS.LIS_020698_N REV11-FAS\GUIDE_ERRORS.LIS_020698_N
get /usr/ud/primac/rev11/base/REV11-FAS/GUIDE_STATS.LIS_020698_N REV11-FAS\GUIDE_STATS.LIS_020698_N
get /usr/ud/primac/rev11/base/REV11-FAS/GUIDE_ADVICE.LIS_020698_N REV11-FAS\GUIDE_ADVICE.LIS_020698_N
get /usr/ud/primac/rev11/base/REV11-FAS/GUIDE_ERRORS.LIS_020698_O REV11-FAS\GUIDE_ERRORS.LIS_020698_O
get /usr/ud/primac/rev11/base/REV11-FAS/GUIDE_STATS.LIS_020698_O REV11-FAS\GUIDE_STATS.LIS_020698_O
get /usr/ud/primac/rev11/base/REV11-FAS/GUIDE_ADVICE.LIS_020698_O REV11-FAS\GUIDE_ADVICE.LIS_020698_O
get /usr/ud/primac/rev11/base/REV11-FAS/GUIDE_ERRORS.LIS_020698_P REV11-FAS\GUIDE_ERRORS.LIS_020698_P
get /usr/ud/primac/rev11/base/REV11-FAS/GUIDE_STATS.LIS_020698_P REV11-FAS\GUIDE_STATS.LIS_020698_P
get /usr/ud/primac/rev11/base/REV11-FAS/GUIDE_ADVICE.LIS_020698_P REV11-FAS\GUIDE_ADVICE.LIS_020698_P
get /usr/ud/primac/rev11/base/REV11-FAS/GUIDE_ERRORS.LIS_020698_Q REV11-FAS\GUIDE_ERRORS.LIS_020698_Q
get /usr/ud/primac/rev11/base/REV11-FAS/GUIDE_STATS.LIS_020698_Q REV11-FAS\GUIDE_STATS.LIS_020698_Q
get /usr/ud/primac/rev11/base/REV11-FAS/GUIDE_ERRORS.LIS_020698_R REV11-FAS\GUIDE_ERRORS.LIS_020698_R
get /usr/ud/primac/rev11/base/REV11-FAS/GUIDE_STATS.LIS_020698_R REV11-FAS\GUIDE_STATS.LIS_020698_R
get /usr/ud/primac/rev11/base/REV11-FAS/GUIDE_ERRORS.LIS_020698_S REV11-FAS\GUIDE_ERRORS.LIS_020698_S
get /usr/ud/primac/rev11/base/REV11-FAS/GUIDE_STATS.LIS_020698_S REV11-FAS\GUIDE_STATS.LIS_020698_S
get /usr/ud/primac/rev11/base/REV11-FAS/GUIDE_ADVICE.LIS_020698_S REV11-FAS\GUIDE_ADVICE.LIS_020698_S
get /usr/ud/primac/rev11/base/REV11-FAS/GUIDE_ERRORS.LIS_020698_T REV11-FAS\GUIDE_ERRORS.LIS_020698_T
get /usr/ud/primac/rev11/base/REV11-FAS/GUIDE_STATS.LIS_020698_T REV11-FAS\GUIDE_STATS.LIS_020698_T
get /usr/ud/primac/rev11/base/REV11-FAS/GUIDE_ADVICE.LIS_020698_T REV11-FAS\GUIDE_ADVICE.LIS_020698_T
get /usr/ud/primac/rev11/base/REV11-FAS/GUIDE_ERRORS.LIS_020698_U REV11-FAS\GUIDE_ERRORS.LIS_020698_U
get /usr/ud/primac/rev11/base/REV11-FAS/GUIDE_STATS.LIS_020698_U REV11-FAS\GUIDE_STATS.LIS_020698_U
get /usr/ud/primac/rev11/base/REV11-FAS/GUIDE_ADVICE.LIS_020698_U REV11-FAS\GUIDE_ADVICE.LIS_020698_U
get /usr/ud/primac/rev11/base/REV11-FAS/GUIDE_ERRORS.LIS_020698_V REV11-FAS\GUIDE_ERRORS.LIS_020698_V
get /usr/ud/primac/rev11/base/REV11-FAS/GUIDE_ADVICE.LIS_020698_V REV11-FAS\GUIDE_ADVICE.LIS_020698_V
get /usr/ud/primac/rev11/base/REV11-FAS/GUIDE_STATS.LIS REV11-FAS\GUIDE_STATS.LIS
get /usr/ud/primac/rev11/base/REV11-FAS/GUIDE_ADVICE.LIS REV11-FAS\GUIDE_ADVICE.LIS
get /usr/ud/primac/rev11/base/REV11-FAS/GUIDE_ERRORS.LIS_020698_W REV11-FAS\GUIDE_ERRORS.LIS_020698_W
get /usr/ud/primac/rev11/base/REV11-FAS/NTMIGRATE.LOC/tar2ftp.out REV11-FAS\NTMIGRATE.LOC\tar2ftp.out
get /usr/ud/primac/rev11/base/REV11-FAS/NTMIGRATE.LOC/tardir REV11-FAS\NTMIGRATE.LOC\tardir
get /usr/ud/primac/rev11/base/REV11-FAS/GUIDE_STATS.LIS_020698_W REV11-FAS\GUIDE_STATS.LIS_020698_W
get /usr/ud/primac/rev11/base/REV11-FAS/GUIDE_ADVICE.LIS_020698_W REV11-FAS\GUIDE_ADVICE.LIS_020698_W
get /usr/ud/primac/rev11/base/REV11-FAS/GUIDE_ERRORS.LIS_020698_X REV11-FAS\GUIDE_ERRORS.LIS_020698_X
get /usr/ud/primac/rev11/base/REV11-FAS/GUIDE_STATS.LIS_020698_X REV11-FAS\GUIDE_STATS.LIS_020698_X
get /usr/ud/primac/rev11/base/REV11-FAS/GUIDE_ADVICE.LIS_020698_X REV11-FAS\GUIDE_ADVICE.LIS_020698_X
get /usr/ud/primac/rev11/base/REV11-FAS/GUIDE_ERRORS.LIS_020698_Y REV11-FAS\GUIDE_ERRORS.LIS_020698_Y
get /usr/ud/primac/rev11/base/REV11-FAS/GUIDE_STATS.LIS_020698_Y REV11-FAS\GUIDE_STATS.LIS_020698_Y
get /usr/ud/primac/rev11/base/REV11-FAS/GUIDE_ADVICE.LIS_020698_Y REV11-FAS\GUIDE_ADVICE.LIS_020698_Y
get /usr/ud/primac/rev11/base/REV11-FAS/GUIDE_ERRORS.LIS_020698_Z REV11-FAS\GUIDE_ERRORS.LIS_020698_Z
get /usr/ud/primac/rev11/base/REV11-FAS/GUIDE_STATS.LIS_020698_Z REV11-FAS\GUIDE_STATS.LIS_020698_Z
get /usr/ud/primac/rev11/base/REV11-FAS/GUIDE_ADVICE.LIS_020698_Z REV11-FAS\GUIDE_ADVICE.LIS_020698_Z
get /usr/ud/primac/rev11/base/REV11-FAS/tload.dir/tloadmap REV11-FAS\tload.dir\tloadmap
get /usr/ud/primac/rev11/base/REV11-FAS/_HOLD_/P_0000 REV11-FAS\_HOLD_\P_0000
get /usr/ud/primac/rev11/base/REV11-FAS/_HOLD_/UNIX_NT_SUMMARY REV11-FAS\_HOLD_\UNIX_NT_SUMMARY
get /usr/ud/primac/rev11/base/REV11-FAS/_HOLD_/UNIX_NT_WARNING REV11-FAS\_HOLD_\UNIX_NT_WARNING
get /usr/ud/primac/rev11/base/REV11-FAS/_HOLD_/UNIX_NT_CATASTROPHIC REV11-FAS\_HOLD_\UNIX_NT_CATASTROPHIC
!convcode REV11-FAS
!convdata -r REV11-FAS
