#unix acct name
#password
bin
!mkdir REV11-JCS
!mkdir REV11-JCS\NTMIGRATE.LOC
!mkdir REV11-JCS\_PH_
!mkdir REV11-JCS\SAVEDLISTS
!mkdir REV11-JCS\tload.dir
!mkdir REV11-JCS\_HOLD_
get /usr/ud/primac/rev11/base/REV11-JCS/VOC REV11-JCS\VOC
get /usr/ud/primac/rev11/base/REV11-JCS/D_VOC REV11-JCS\D_VOC
get /usr/ud/primac/rev11/base/REV11-JCS/D__HOLD_ REV11-JCS\D__HOLD_
get /usr/ud/primac/rev11/base/REV11-JCS/D_BP REV11-JCS\D_BP
get /usr/ud/primac/rev11/base/REV11-JCS/D__REPORT_ REV11-JCS\D__REPORT_
get /usr/ud/primac/rev11/base/REV11-JCS/_REPORT_ REV11-JCS\_REPORT_
get /usr/ud/primac/rev11/base/REV11-JCS/D__SCREEN_ REV11-JCS\D__SCREEN_
get /usr/ud/primac/rev11/base/REV11-JCS/_SCREEN_ REV11-JCS\_SCREEN_
get /usr/ud/primac/rev11/base/REV11-JCS/D_MENUFILE REV11-JCS\D_MENUFILE
get /usr/ud/primac/rev11/base/REV11-JCS/MENUFILE REV11-JCS\MENUFILE
get /usr/ud/primac/rev11/base/REV11-JCS/D___V__VIEW REV11-JCS\D___V__VIEW
get /usr/ud/primac/rev11/base/REV11-JCS/__V__VIEW REV11-JCS\__V__VIEW
get /usr/ud/primac/rev11/base/REV11-JCS/D_tload.dir REV11-JCS\D_tload.dir
get /usr/ud/primac/rev11/base/REV11-JCS/_ED_ REV11-JCS\_ED_
get /usr/ud/primac/rev11/base/REV11-JCS/D__ED_ REV11-JCS\D__ED_
get /usr/ud/primac/rev11/base/REV11-JCS/ADC.ACCESS REV11-JCS\ADC.ACCESS
get /usr/ud/primac/rev11/base/REV11-JCS/D_ADC.ACCESS REV11-JCS\D_ADC.ACCESS
get /usr/ud/primac/rev11/base/REV11-JCS/ADC.MATL REV11-JCS\ADC.MATL
get /usr/ud/primac/rev11/base/REV11-JCS/D_ADC.MATL REV11-JCS\D_ADC.MATL
get /usr/ud/primac/rev11/base/REV11-JCS/ADC.TIME REV11-JCS\ADC.TIME
get /usr/ud/primac/rev11/base/REV11-JCS/D_ADC.TIME REV11-JCS\D_ADC.TIME
get /usr/ud/primac/rev11/base/REV11-JCS/D_CHANGE.ORD.CODE REV11-JCS\D_CHANGE.ORD.CODE
get /usr/ud/primac/rev11/base/REV11-JCS/D_COST.CNTR.WIP REV11-JCS\D_COST.CNTR.WIP
get /usr/ud/primac/rev11/base/REV11-JCS/JOB REV11-JCS\JOB
get /usr/ud/primac/rev11/base/REV11-JCS/COST.CNTR.WIP REV11-JCS\COST.CNTR.WIP
get /usr/ud/primac/rev11/base/REV11-JCS/COMMISSION REV11-JCS\COMMISSION
get /usr/ud/primac/rev11/base/REV11-JCS/D_COMMISSION REV11-JCS\D_COMMISSION
get /usr/ud/primac/rev11/base/REV11-JCS/D_DAILY.FNGD.REC REV11-JCS\D_DAILY.FNGD.REC
get /usr/ud/primac/rev11/base/REV11-JCS/D_DAILY.FNGD.SHIP REV11-JCS\D_DAILY.FNGD.SHIP
get /usr/ud/primac/rev11/base/REV11-JCS/DAILY.FNGD.SHIP REV11-JCS\DAILY.FNGD.SHIP
get /usr/ud/primac/rev11/base/REV11-JCS/D_DAILY.INVOICE REV11-JCS\D_DAILY.INVOICE
get /usr/ud/primac/rev11/base/REV11-JCS/DAILY.INVOICE REV11-JCS\DAILY.INVOICE
get /usr/ud/primac/rev11/base/REV11-JCS/D_DAILY.REVERSE REV11-JCS\D_DAILY.REVERSE
get /usr/ud/primac/rev11/base/REV11-JCS/DAILY.REVERSE REV11-JCS\DAILY.REVERSE
get /usr/ud/primac/rev11/base/REV11-JCS/DAILY.MATL REV11-JCS\DAILY.MATL
get /usr/ud/primac/rev11/base/REV11-JCS/D_DAILY.MATL REV11-JCS\D_DAILY.MATL
get /usr/ud/primac/rev11/base/REV11-JCS/DAILY.MISC REV11-JCS\DAILY.MISC
get /usr/ud/primac/rev11/base/REV11-JCS/D_DAILY.MISC REV11-JCS\D_DAILY.MISC
get /usr/ud/primac/rev11/base/REV11-JCS/DAILY.OSP REV11-JCS\DAILY.OSP
get /usr/ud/primac/rev11/base/REV11-JCS/D_DAILY.OSP REV11-JCS\D_DAILY.OSP
get /usr/ud/primac/rev11/base/REV11-JCS/DAILY.RCLS REV11-JCS\DAILY.RCLS
get /usr/ud/primac/rev11/base/REV11-JCS/D_DL_ID REV11-JCS\D_DL_ID
get /usr/ud/primac/rev11/base/REV11-JCS/D_DAILY.RCLS REV11-JCS\D_DAILY.RCLS
get /usr/ud/primac/rev11/base/REV11-JCS/D_DAILY.TIME.MATL REV11-JCS\D_DAILY.TIME.MATL
get /usr/ud/primac/rev11/base/REV11-JCS/DAILY.SHIP REV11-JCS\DAILY.SHIP
get /usr/ud/primac/rev11/base/REV11-JCS/D_DAILY.SHIP REV11-JCS\D_DAILY.SHIP
get /usr/ud/primac/rev11/base/REV11-JCS/DAILY.TIME REV11-JCS\DAILY.TIME
get /usr/ud/primac/rev11/base/REV11-JCS/D_DAILY.TIME REV11-JCS\D_DAILY.TIME
get /usr/ud/primac/rev11/base/REV11-JCS/FACTOR REV11-JCS\FACTOR
get /usr/ud/primac/rev11/base/REV11-JCS/D_FACTOR REV11-JCS\D_FACTOR
get /usr/ud/primac/rev11/base/REV11-JCS/D_FNGD.SHIP.HIST REV11-JCS\D_FNGD.SHIP.HIST
get /usr/ud/primac/rev11/base/REV11-JCS/FNGD.SHIP.HIST REV11-JCS\FNGD.SHIP.HIST
get /usr/ud/primac/rev11/base/REV11-JCS/D_SHERIDAN_TKT REV11-JCS\D_SHERIDAN_TKT
get /usr/ud/primac/rev11/base/REV11-JCS/SHERIDAN_TKT REV11-JCS\SHERIDAN_TKT
get /usr/ud/primac/rev11/base/REV11-JCS/D_JOB.ADD.INFO REV11-JCS\D_JOB.ADD.INFO
get /usr/ud/primac/rev11/base/REV11-JCS/FOH.TABLE REV11-JCS\FOH.TABLE
get /usr/ud/primac/rev11/base/REV11-JCS/D_FOH.TABLE REV11-JCS\D_FOH.TABLE
get /usr/ud/primac/rev11/base/REV11-JCS/INVOICE REV11-JCS\INVOICE
get /usr/ud/primac/rev11/base/REV11-JCS/D_INVOICE REV11-JCS\D_INVOICE
get /usr/ud/primac/rev11/base/REV11-JCS/JOB.ADD.INFO REV11-JCS\JOB.ADD.INFO
get /usr/ud/primac/rev11/base/REV11-JCS/D_JOB.CATEGORY REV11-JCS\D_JOB.CATEGORY
get /usr/ud/primac/rev11/base/REV11-JCS/D_JOB REV11-JCS\D_JOB
get /usr/ud/primac/rev11/base/REV11-JCS/JOB.CATEGORY REV11-JCS\JOB.CATEGORY
get /usr/ud/primac/rev11/base/REV11-JCS/D_JOB.COST.REPORT REV11-JCS\D_JOB.COST.REPORT
get /usr/ud/primac/rev11/base/REV11-JCS/JOB.COST.REPORT REV11-JCS\JOB.COST.REPORT
get /usr/ud/primac/rev11/base/REV11-JCS/D_JOB.CREDIT.STATS REV11-JCS\D_JOB.CREDIT.STATS
get /usr/ud/primac/rev11/base/REV11-JCS/JOB.CREDIT.STATS REV11-JCS\JOB.CREDIT.STATS
get /usr/ud/primac/rev11/base/REV11-JCS/D_JOB.REVERSE REV11-JCS\D_JOB.REVERSE
get /usr/ud/primac/rev11/base/REV11-JCS/JOB.REVERSE REV11-JCS\JOB.REVERSE
get /usr/ud/primac/rev11/base/REV11-JCS/JOB.FNGD REV11-JCS\JOB.FNGD
get /usr/ud/primac/rev11/base/REV11-JCS/D_JOB.FNGD REV11-JCS\D_JOB.FNGD
get /usr/ud/primac/rev11/base/REV11-JCS/JOB.MATL REV11-JCS\JOB.MATL
get /usr/ud/primac/rev11/base/REV11-JCS/D_JOB.MATL REV11-JCS\D_JOB.MATL
get /usr/ud/primac/rev11/base/REV11-JCS/JOB.MISC REV11-JCS\JOB.MISC
get /usr/ud/primac/rev11/base/REV11-JCS/D_JOB.MISC REV11-JCS\D_JOB.MISC
get /usr/ud/primac/rev11/base/REV11-JCS/JOB.OSP REV11-JCS\JOB.OSP
get /usr/ud/primac/rev11/base/REV11-JCS/D_JOB.OSP REV11-JCS\D_JOB.OSP
get /usr/ud/primac/rev11/base/REV11-JCS/JOB.RCLS REV11-JCS\JOB.RCLS
get /usr/ud/primac/rev11/base/REV11-JCS/D_JOB.RCLS REV11-JCS\D_JOB.RCLS
get /usr/ud/primac/rev11/base/REV11-JCS/D_JOB.RPT.SET REV11-JCS\D_JOB.RPT.SET
get /usr/ud/primac/rev11/base/REV11-JCS/JOB.RPT.SET REV11-JCS\JOB.RPT.SET
get /usr/ud/primac/rev11/base/REV11-JCS/D_JOB.RPT.SUM REV11-JCS\D_JOB.RPT.SUM
get /usr/ud/primac/rev11/base/REV11-JCS/JOB.RPT.SUM REV11-JCS\JOB.RPT.SUM
get /usr/ud/primac/rev11/base/REV11-JCS/D_JOB.STAT.CODE REV11-JCS\D_JOB.STAT.CODE
get /usr/ud/primac/rev11/base/REV11-JCS/JOB.STAT.CODE REV11-JCS\JOB.STAT.CODE
get /usr/ud/primac/rev11/base/REV11-JCS/JOB.SHIP REV11-JCS\JOB.SHIP
get /usr/ud/primac/rev11/base/REV11-JCS/D_JOB.SHIP REV11-JCS\D_JOB.SHIP
get /usr/ud/primac/rev11/base/REV11-JCS/D_JOB.TRACKING REV11-JCS\D_JOB.TRACKING
get /usr/ud/primac/rev11/base/REV11-JCS/SPOIL.STATS REV11-JCS\SPOIL.STATS
get /usr/ud/primac/rev11/base/REV11-JCS/JOB.STATS REV11-JCS\JOB.STATS
get /usr/ud/primac/rev11/base/REV11-JCS/D_JOB.STATS REV11-JCS\D_JOB.STATS
get /usr/ud/primac/rev11/base/REV11-JCS/JOB.TIME REV11-JCS\JOB.TIME
get /usr/ud/primac/rev11/base/REV11-JCS/D_JOB.TIME REV11-JCS\D_JOB.TIME
get /usr/ud/primac/rev11/base/REV11-JCS/D_REVERSE.WIP.HIST REV11-JCS\D_REVERSE.WIP.HIST
get /usr/ud/primac/rev11/base/REV11-JCS/JOB.TRANS REV11-JCS\JOB.TRANS
get /usr/ud/primac/rev11/base/REV11-JCS/D_JOB.TRANS REV11-JCS\D_JOB.TRANS
get /usr/ud/primac/rev11/base/REV11-JCS/JOB.XREF REV11-JCS\JOB.XREF
get /usr/ud/primac/rev11/base/REV11-JCS/D_JOB.XREF REV11-JCS\D_JOB.XREF
get /usr/ud/primac/rev11/base/REV11-JCS/OJOB.MATL REV11-JCS\OJOB.MATL
get /usr/ud/primac/rev11/base/REV11-JCS/D_OJOB.MATL REV11-JCS\D_OJOB.MATL
get /usr/ud/primac/rev11/base/REV11-JCS/OJOB.OSP REV11-JCS\OJOB.OSP
get /usr/ud/primac/rev11/base/REV11-JCS/D_OJOB.OSP REV11-JCS\D_OJOB.OSP
get /usr/ud/primac/rev11/base/REV11-JCS/OJOB.TIME REV11-JCS\OJOB.TIME
get /usr/ud/primac/rev11/base/REV11-JCS/D_OJOB.TIME REV11-JCS\D_OJOB.TIME
get /usr/ud/primac/rev11/base/REV11-JCS/OPERATION REV11-JCS\OPERATION
get /usr/ud/primac/rev11/base/REV11-JCS/D_OPERATION REV11-JCS\D_OPERATION
get /usr/ud/primac/rev11/base/REV11-JCS/PNP.LOG REV11-JCS\PNP.LOG
get /usr/ud/primac/rev11/base/REV11-JCS/PERF.STATS REV11-JCS\PERF.STATS
get /usr/ud/primac/rev11/base/REV11-JCS/D_PERF.STATS REV11-JCS\D_PERF.STATS
get /usr/ud/primac/rev11/base/REV11-JCS/PNP.ACCESS REV11-JCS\PNP.ACCESS
get /usr/ud/primac/rev11/base/REV11-JCS/D_PNP.ACCESS REV11-JCS\D_PNP.ACCESS
get /usr/ud/primac/rev11/base/REV11-JCS/TARGET REV11-JCS\TARGET
get /usr/ud/primac/rev11/base/REV11-JCS/D_PNP.LOG REV11-JCS\D_PNP.LOG
get /usr/ud/primac/rev11/base/REV11-JCS/PNP.TRAN REV11-JCS\PNP.TRAN
get /usr/ud/primac/rev11/base/REV11-JCS/D_PNP.TRAN REV11-JCS\D_PNP.TRAN
get /usr/ud/primac/rev11/base/REV11-JCS/PROD.STATS REV11-JCS\PROD.STATS
get /usr/ud/primac/rev11/base/REV11-JCS/D_PROD.STATS REV11-JCS\D_PROD.STATS
get /usr/ud/primac/rev11/base/REV11-JCS/D_SPOIL.STATS REV11-JCS\D_SPOIL.STATS
get /usr/ud/primac/rev11/base/REV11-JCS/D_SPOILAGE.CODES REV11-JCS\D_SPOILAGE.CODES
get /usr/ud/primac/rev11/base/REV11-JCS/SPOILAGE.CODES REV11-JCS\SPOILAGE.CODES
get /usr/ud/primac/rev11/base/REV11-JCS/D_VEND.TRANS.XREF REV11-JCS\D_VEND.TRANS.XREF
get /usr/ud/primac/rev11/base/REV11-JCS/VEND.TRANS.XREF REV11-JCS\VEND.TRANS.XREF
get /usr/ud/primac/rev11/base/REV11-JCS/D_TARGET REV11-JCS\D_TARGET
get /usr/ud/primac/rev11/base/REV11-JCS/TITLE REV11-JCS\TITLE
get /usr/ud/primac/rev11/base/REV11-JCS/D_TITLE REV11-JCS\D_TITLE
get /usr/ud/primac/rev11/base/REV11-JCS/D_AE_COMS REV11-JCS\D_AE_COMS
get /usr/ud/primac/rev11/base/REV11-JCS/AE_COMS REV11-JCS\AE_COMS
get /usr/ud/primac/rev11/base/REV11-JCS/UDTLOG REV11-JCS\UDTLOG
get /usr/ud/primac/rev11/base/REV11-JCS/D_savelist.map REV11-JCS\D_savelist.map
get /usr/ud/primac/rev11/base/REV11-JCS/savelist.map REV11-JCS\savelist.map
get /usr/ud/primac/rev11/base/REV11-JCS/D_ACD.ACCESS REV11-JCS\D_ACD.ACCESS
get /usr/ud/primac/rev11/base/REV11-JCS/D_CATEGORY.OSP REV11-JCS\D_CATEGORY.OSP
get /usr/ud/primac/rev11/base/REV11-JCS/CATEGORY.OSP REV11-JCS\CATEGORY.OSP
get /usr/ud/primac/rev11/base/REV11-JCS/CHANGE.ORD.CODE REV11-JCS\CHANGE.ORD.CODE
get /usr/ud/primac/rev11/base/REV11-JCS/DAILY.FNGD.REC REV11-JCS\DAILY.FNGD.REC
get /usr/ud/primac/rev11/base/REV11-JCS/DAILY.TIME.MATL REV11-JCS\DAILY.TIME.MATL
get /usr/ud/primac/rev11/base/REV11-JCS/D_FINSH.GOODS.XREF REV11-JCS\D_FINSH.GOODS.XREF
get /usr/ud/primac/rev11/base/REV11-JCS/FINSH.GOODS.XREF REV11-JCS\FINSH.GOODS.XREF
get /usr/ud/primac/rev11/base/REV11-JCS/D_FNGD.SHIP.DET.HIST REV11-JCS\D_FNGD.SHIP.DET.HIST
get /usr/ud/primac/rev11/base/REV11-JCS/FNGD.SHIP.DET.HIST REV11-JCS\FNGD.SHIP.DET.HIST
get /usr/ud/primac/rev11/base/REV11-JCS/JOB.TRACKING REV11-JCS\JOB.TRACKING
get /usr/ud/primac/rev11/base/REV11-JCS/REVERSE.WIP.HIST REV11-JCS\REVERSE.WIP.HIST
get /usr/ud/primac/rev11/base/REV11-JCS/vocupgrade REV11-JCS\vocupgrade
get /usr/ud/primac/rev11/base/REV11-JCS/D_JOB.TIME.TAG REV11-JCS\D_JOB.TIME.TAG
get /usr/ud/primac/rev11/base/REV11-JCS/JOB.TIME.TAG REV11-JCS\JOB.TIME.TAG
get /usr/ud/primac/rev11/base/REV11-JCS/D_BOX.CODE REV11-JCS\D_BOX.CODE
get /usr/ud/primac/rev11/base/REV11-JCS/BOX.CODE REV11-JCS\BOX.CODE
get /usr/ud/primac/rev11/base/REV11-JCS/D_CUST.SHIPTO.LIST REV11-JCS\D_CUST.SHIPTO.LIST
get /usr/ud/primac/rev11/base/REV11-JCS/CUST.SHIPTO.LIST REV11-JCS\CUST.SHIPTO.LIST
get /usr/ud/primac/rev11/base/REV11-JCS/D_CUST.TEMPLATE.LIST REV11-JCS\D_CUST.TEMPLATE.LIST
get /usr/ud/primac/rev11/base/REV11-JCS/CUST.TEMPLATE.LIST REV11-JCS\CUST.TEMPLATE.LIST
get /usr/ud/primac/rev11/base/REV11-JCS/D_DISTRIBUTION.CODE REV11-JCS\D_DISTRIBUTION.CODE
get /usr/ud/primac/rev11/base/REV11-JCS/DISTRIBUTION.CODE REV11-JCS\DISTRIBUTION.CODE
get /usr/ud/primac/rev11/base/REV11-JCS/D_DRS.JOB.SPEC REV11-JCS\D_DRS.JOB.SPEC
get /usr/ud/primac/rev11/base/REV11-JCS/DRS.JOB.SPEC REV11-JCS\DRS.JOB.SPEC
get /usr/ud/primac/rev11/base/REV11-JCS/D_FOLD.CODE REV11-JCS\D_FOLD.CODE
get /usr/ud/primac/rev11/base/REV11-JCS/FOLD.CODE REV11-JCS\FOLD.CODE
get /usr/ud/primac/rev11/base/REV11-JCS/D_FORMAT.CODE REV11-JCS\D_FORMAT.CODE
get /usr/ud/primac/rev11/base/REV11-JCS/FORMAT.CODE REV11-JCS\FORMAT.CODE
get /usr/ud/primac/rev11/base/REV11-JCS/D_PACK.CODE REV11-JCS\D_PACK.CODE
get /usr/ud/primac/rev11/base/REV11-JCS/PACK.CODE REV11-JCS\PACK.CODE
get /usr/ud/primac/rev11/base/REV11-JCS/D_SHIPTO.DETAIL REV11-JCS\D_SHIPTO.DETAIL
get /usr/ud/primac/rev11/base/REV11-JCS/SHIPTO.DETAIL REV11-JCS\SHIPTO.DETAIL
get /usr/ud/primac/rev11/base/REV11-JCS/D_SHIPTO.MASTER REV11-JCS\D_SHIPTO.MASTER
get /usr/ud/primac/rev11/base/REV11-JCS/SHIPTO.MASTER REV11-JCS\SHIPTO.MASTER
get /usr/ud/primac/rev11/base/REV11-JCS/D_TEMPLATE.DETAIL REV11-JCS\D_TEMPLATE.DETAIL
get /usr/ud/primac/rev11/base/REV11-JCS/TEMPLATE.DETAIL REV11-JCS\TEMPLATE.DETAIL
get /usr/ud/primac/rev11/base/REV11-JCS/D_TEMP.CTL. REV11-JCS\D_TEMP.CTL.
get /usr/ud/primac/rev11/base/REV11-JCS/TEMP.CTL. REV11-JCS\TEMP.CTL.
get /usr/ud/primac/rev11/base/REV11-JCS/D_TEMP.CSL. REV11-JCS\D_TEMP.CSL.
get /usr/ud/primac/rev11/base/REV11-JCS/TEMP.CSL. REV11-JCS\TEMP.CSL.
get /usr/ud/primac/rev11/base/REV11-JCS/D_JOB.FNGD.STATS REV11-JCS\D_JOB.FNGD.STATS
get /usr/ud/primac/rev11/base/REV11-JCS/JOB.FNGD.STATS REV11-JCS\JOB.FNGD.STATS
get /usr/ud/primac/rev11/base/REV11-JCS/D_JCS.EOM.TRANS100 REV11-JCS\D_JCS.EOM.TRANS100
get /usr/ud/primac/rev11/base/REV11-JCS/JCS.EOM.TRANS100 REV11-JCS\JCS.EOM.TRANS100
get /usr/ud/primac/rev11/base/REV11-JCS/JCS.POST.REJECTS100 REV11-JCS\JCS.POST.REJECTS100
get /usr/ud/primac/rev11/base/REV11-JCS/D_JCS.POST.REJECTS100 REV11-JCS\D_JCS.POST.REJECTS100
get /usr/ud/primac/rev11/base/REV11-JCS/__OVERFLOWED REV11-JCS\__OVERFLOWED
get /usr/ud/primac/rev11/base/REV11-JCS/D_GANG.JOB REV11-JCS\D_GANG.JOB
get /usr/ud/primac/rev11/base/REV11-JCS/GANG.JOB REV11-JCS\GANG.JOB
get /usr/ud/primac/rev11/base/REV11-JCS/D_GANG.ALLOC REV11-JCS\D_GANG.ALLOC
get /usr/ud/primac/rev11/base/REV11-JCS/GANG.ALLOC REV11-JCS\GANG.ALLOC
get /usr/ud/primac/rev11/base/REV11-JCS/D__PH_ REV11-JCS\D__PH_
get /usr/ud/primac/rev11/base/REV11-JCS/D_SAVEDLISTS REV11-JCS\D_SAVEDLISTS
get /usr/ud/primac/rev11/base/REV11-JCS/D_AE_SCRATCH REV11-JCS\D_AE_SCRATCH
get /usr/ud/primac/rev11/base/REV11-JCS/D_SF.PROMPT REV11-JCS\D_SF.PROMPT
get /usr/ud/primac/rev11/base/REV11-JCS/SF.PROMPT REV11-JCS\SF.PROMPT
get /usr/ud/primac/rev11/base/REV11-JCS/D_INP.QUEUE REV11-JCS\D_INP.QUEUE
get /usr/ud/primac/rev11/base/REV11-JCS/INP.QUEUE REV11-JCS\INP.QUEUE
get /usr/ud/primac/rev11/base/REV11-JCS/NTMIGRATE.LOC/tardir REV11-JCS\NTMIGRATE.LOC\tardir
get /usr/ud/primac/rev11/base/REV11-JCS/D_NTMIGRATE.LOC REV11-JCS\D_NTMIGRATE.LOC
get /usr/ud/primac/rev11/base/REV11-JCS/D_OUT.QUEUE REV11-JCS\D_OUT.QUEUE
get /usr/ud/primac/rev11/base/REV11-JCS/OUT.QUEUE REV11-JCS\OUT.QUEUE
get /usr/ud/primac/rev11/base/REV11-JCS/D_CMD.QUEUE REV11-JCS\D_CMD.QUEUE
get /usr/ud/primac/rev11/base/REV11-JCS/CMD.QUEUE REV11-JCS\CMD.QUEUE
get /usr/ud/primac/rev11/base/REV11-JCS/D_DOWNLOAD REV11-JCS\D_DOWNLOAD
get /usr/ud/primac/rev11/base/REV11-JCS/DOWNLOAD REV11-JCS\DOWNLOAD
get /usr/ud/primac/rev11/base/REV11-JCS/D_NDC.TRAN REV11-JCS\D_NDC.TRAN
get /usr/ud/primac/rev11/base/REV11-JCS/D_JOB_TKT_PURGE REV11-JCS\D_JOB_TKT_PURGE
get /usr/ud/primac/rev11/base/REV11-JCS/D_JOB_TKT REV11-JCS\D_JOB_TKT
get /usr/ud/primac/rev11/base/REV11-JCS/JOB_TKT REV11-JCS\JOB_TKT
get /usr/ud/primac/rev11/base/REV11-JCS/ndcproc REV11-JCS\ndcproc
get /usr/ud/primac/rev11/base/REV11-JCS/NDC.TRAN REV11-JCS\NDC.TRAN
get /usr/ud/primac/rev11/base/REV11-JCS/D_PERTS.TRACK REV11-JCS\D_PERTS.TRACK
get /usr/ud/primac/rev11/base/REV11-JCS/PERTS.TRACK REV11-JCS\PERTS.TRACK
get /usr/ud/primac/rev11/base/REV11-JCS/JOB_TKT_PURGE REV11-JCS\JOB_TKT_PURGE
get /usr/ud/primac/rev11/base/REV11-JCS/D_JOB_TKT_TAG REV11-JCS\D_JOB_TKT_TAG
get /usr/ud/primac/rev11/base/REV11-JCS/D_JKT_NOTIFY REV11-JCS\D_JKT_NOTIFY
get /usr/ud/primac/rev11/base/REV11-JCS/JKT_NOTIFY REV11-JCS\JKT_NOTIFY
get /usr/ud/primac/rev11/base/REV11-JCS/D_JOB_JKT_IMG REV11-JCS\D_JOB_JKT_IMG
get /usr/ud/primac/rev11/base/REV11-JCS/JOB_JKT_IMG REV11-JCS\JOB_JKT_IMG
get /usr/ud/primac/rev11/base/REV11-JCS/JOB_TKT_TAG REV11-JCS\JOB_TKT_TAG
get /usr/ud/primac/rev11/base/REV11-JCS/_PH_/nick71039_35555 REV11-JCS\_PH_\nick71039_35555
get /usr/ud/primac/rev11/base/REV11-JCS/_PH_/nick71054_30449 REV11-JCS\_PH_\nick71054_30449
get /usr/ud/primac/rev11/base/REV11-JCS/_PH_/nick57360_37332 REV11-JCS\_PH_\nick57360_37332
get /usr/ud/primac/rev11/base/REV11-JCS/_PH_/nick57399_36591 REV11-JCS\_PH_\nick57399_36591
get /usr/ud/primac/rev11/base/REV11-JCS/_PH_/nick57413_37122 REV11-JCS\_PH_\nick57413_37122
get /usr/ud/primac/rev11/base/REV11-JCS/_PH_/nick57577_35030 REV11-JCS\_PH_\nick57577_35030
get /usr/ud/primac/rev11/base/REV11-JCS/_PH_/gloria50361_8051 REV11-JCS\_PH_\gloria50361_8051
get /usr/ud/primac/rev11/base/REV11-JCS/_PH_/gloria50385_27801 REV11-JCS\_PH_\gloria50385_27801
get /usr/ud/primac/rev11/base/REV11-JCS/tload.dir/tloadmap REV11-JCS\tload.dir\tloadmap
get /usr/ud/primac/rev11/base/REV11-JCS/_HOLD_/P_0000 REV11-JCS\_HOLD_\P_0000
get /usr/ud/primac/rev11/base/REV11-JCS/_HOLD_/UNIX_NT_SUMMARY REV11-JCS\_HOLD_\UNIX_NT_SUMMARY
get /usr/ud/primac/rev11/base/REV11-JCS/_HOLD_/UNIX_NT_WARNING REV11-JCS\_HOLD_\UNIX_NT_WARNING
get /usr/ud/primac/rev11/base/REV11-JCS/_HOLD_/UNIX_NT_CATASTROPHIC REV11-JCS\_HOLD_\UNIX_NT_CATASTROPHIC
!convcode REV11-JCS
!convdata -r REV11-JCS
