
../REV12/CONTROL
  Basic statistics:
    File type............................... Static Hashing
    File size............................... 2700288
    File modulo............................. 23
    File hash type.......................... 0
    File block size......................... 1024
  Group count:
    Number of level 1 overflow groups....... 312
    Primary groups in level 1 overflow...... 23
    Number of level 2 overflow groups....... 52
    Primary groups in level 2 overflow...... 23
    Free blocks in group headers............ 2249
  Record count:
    Total number of records................. 2787
    Average number of records per group..... 121.17
    Standard deviation from average......... 7.81
  Record length:
    Average record length................... 92.60
    Standard deviation from average......... 679.09
  Key length:
    Average key length...................... 13.51
    Standard deviation from average......... 5.69
  Data size:
    Average data size....................... 116.12
    Standard deviation from average......... 679.35
    Total data size......................... 323614
  Predicted optimal size:
    Records per block....................... 10
    Percentage of near term growth.......... 10
    Scalar applied to calculation........... 0.80
    Block size.............................. 8192
    Modulo.................................. 73


Files processed:    1
Errors encountered: 0
