#unix acct name
#password
bin
!mkdir REV11-SAS
!mkdir REV11-SAS\_PH_
!mkdir REV11-SAS\SAVEDLISTS
!mkdir REV11-SAS\_HOLD_
!mkdir REV11-SAS\NTMIGRATE.LOC
get /usr/ud/primac/rev11/base/REV11-SAS/AE_COMS REV11-SAS\AE_COMS
get /usr/ud/primac/rev11/base/REV11-SAS/BUDGET.SALES REV11-SAS\BUDGET.SALES
get /usr/ud/primac/rev11/base/REV11-SAS/D_AE_COMS REV11-SAS\D_AE_COMS
get /usr/ud/primac/rev11/base/REV11-SAS/D_AE_SCRATCH REV11-SAS\D_AE_SCRATCH
get /usr/ud/primac/rev11/base/REV11-SAS/D_BP REV11-SAS\D_BP
get /usr/ud/primac/rev11/base/REV11-SAS/D_BUDGET.SALES REV11-SAS\D_BUDGET.SALES
get /usr/ud/primac/rev11/base/REV11-SAS/D_DL_ID REV11-SAS\D_DL_ID
get /usr/ud/primac/rev11/base/REV11-SAS/D_JOB.STATS.SUM REV11-SAS\D_JOB.STATS.SUM
get /usr/ud/primac/rev11/base/REV11-SAS/D_MENUFILE REV11-SAS\D_MENUFILE
get /usr/ud/primac/rev11/base/REV11-SAS/D_VOC REV11-SAS\D_VOC
get /usr/ud/primac/rev11/base/REV11-SAS/D__ED_ REV11-SAS\D__ED_
get /usr/ud/primac/rev11/base/REV11-SAS/D__HOLD_ REV11-SAS\D__HOLD_
get /usr/ud/primac/rev11/base/REV11-SAS/D__PH_ REV11-SAS\D__PH_
get /usr/ud/primac/rev11/base/REV11-SAS/D__REPORT_ REV11-SAS\D__REPORT_
get /usr/ud/primac/rev11/base/REV11-SAS/D__SCREEN_ REV11-SAS\D__SCREEN_
get /usr/ud/primac/rev11/base/REV11-SAS/D___V__VIEW REV11-SAS\D___V__VIEW
get /usr/ud/primac/rev11/base/REV11-SAS/D_tload.dir REV11-SAS\D_tload.dir
get /usr/ud/primac/rev11/base/REV11-SAS/JOB.STATS.SUM REV11-SAS\JOB.STATS.SUM
get /usr/ud/primac/rev11/base/REV11-SAS/MENUFILE REV11-SAS\MENUFILE
get /usr/ud/primac/rev11/base/REV11-SAS/VOC REV11-SAS\VOC
get /usr/ud/primac/rev11/base/REV11-SAS/_ED_ REV11-SAS\_ED_
get /usr/ud/primac/rev11/base/REV11-SAS/_REPORT_ REV11-SAS\_REPORT_
get /usr/ud/primac/rev11/base/REV11-SAS/_SCREEN_ REV11-SAS\_SCREEN_
get /usr/ud/primac/rev11/base/REV11-SAS/__V__VIEW REV11-SAS\__V__VIEW
get /usr/ud/primac/rev11/base/REV11-SAS/vocupgrade REV11-SAS\vocupgrade
get /usr/ud/primac/rev11/base/REV11-SAS/D_INV.SALES.STATS.SUM REV11-SAS\D_INV.SALES.STATS.SUM
get /usr/ud/primac/rev11/base/REV11-SAS/INV.SALES.STATS.SUM REV11-SAS\INV.SALES.STATS.SUM
get /usr/ud/primac/rev11/base/REV11-SAS/D_SAVEDLISTS REV11-SAS\D_SAVEDLISTS
get /usr/ud/primac/rev11/base/REV11-SAS/_HOLD_/P_0000 REV11-SAS\_HOLD_\P_0000
get /usr/ud/primac/rev11/base/REV11-SAS/_HOLD_/UNIX_NT_SUMMARY REV11-SAS\_HOLD_\UNIX_NT_SUMMARY
get /usr/ud/primac/rev11/base/REV11-SAS/_HOLD_/UNIX_NT_WARNING REV11-SAS\_HOLD_\UNIX_NT_WARNING
get /usr/ud/primac/rev11/base/REV11-SAS/_HOLD_/UNIX_NT_CATASTROPHIC REV11-SAS\_HOLD_\UNIX_NT_CATASTROPHIC
get /usr/ud/primac/rev11/base/REV11-SAS/NTMIGRATE.LOC/tardir REV11-SAS\NTMIGRATE.LOC\tardir
get /usr/ud/primac/rev11/base/REV11-SAS/D_NTMIGRATE.LOC REV11-SAS\D_NTMIGRATE.LOC
!convcode REV11-SAS
!convdata -r REV11-SAS
