#unix acct name
#password
bin
!mkdir REV11-APS
!mkdir REV11-APS\_PH_
!mkdir REV11-APS\_HOLD_
!mkdir REV11-APS\NTMIGRATE.LOC
!mkdir REV11-APS\tload.dir
!mkdir REV11-APS\SAVEDLISTS
get /usr/ud/primac/rev11/base/REV11-APS/VOC REV11-APS\VOC
get /usr/ud/primac/rev11/base/REV11-APS/D_VOC REV11-APS\D_VOC
get /usr/ud/primac/rev11/base/REV11-APS/D_SAVEDLISTS REV11-APS\D_SAVEDLISTS
get /usr/ud/primac/rev11/base/REV11-APS/D_BP REV11-APS\D_BP
get /usr/ud/primac/rev11/base/REV11-APS/D__REPORT_ REV11-APS\D__REPORT_
get /usr/ud/primac/rev11/base/REV11-APS/_REPORT_ REV11-APS\_REPORT_
get /usr/ud/primac/rev11/base/REV11-APS/D__SCREEN_ REV11-APS\D__SCREEN_
get /usr/ud/primac/rev11/base/REV11-APS/_SCREEN_ REV11-APS\_SCREEN_
get /usr/ud/primac/rev11/base/REV11-APS/D_MENUFILE REV11-APS\D_MENUFILE
get /usr/ud/primac/rev11/base/REV11-APS/MENUFILE REV11-APS\MENUFILE
get /usr/ud/primac/rev11/base/REV11-APS/D___V__VIEW REV11-APS\D___V__VIEW
get /usr/ud/primac/rev11/base/REV11-APS/__V__VIEW REV11-APS\__V__VIEW
get /usr/ud/primac/rev11/base/REV11-APS/D_tload.dir REV11-APS\D_tload.dir
get /usr/ud/primac/rev11/base/REV11-APS/_ED_ REV11-APS\_ED_
get /usr/ud/primac/rev11/base/REV11-APS/D__ED_ REV11-APS\D__ED_
get /usr/ud/primac/rev11/base/REV11-APS/AP.HIST REV11-APS\AP.HIST
get /usr/ud/primac/rev11/base/REV11-APS/D_AP.HIST REV11-APS\D_AP.HIST
get /usr/ud/primac/rev11/base/REV11-APS/APCHECK REV11-APS\APCHECK
get /usr/ud/primac/rev11/base/REV11-APS/D_APCHECK REV11-APS\D_APCHECK
get /usr/ud/primac/rev11/base/REV11-APS/D_AUTO.VOUCHERS REV11-APS\D_AUTO.VOUCHERS
get /usr/ud/primac/rev11/base/REV11-APS/AUTO.VOUCHERS REV11-APS\AUTO.VOUCHERS
get /usr/ud/primac/rev11/base/REV11-APS/CKP REV11-APS\CKP
get /usr/ud/primac/rev11/base/REV11-APS/D_CKP REV11-APS\D_CKP
get /usr/ud/primac/rev11/base/REV11-APS/CKR REV11-APS\CKR
get /usr/ud/primac/rev11/base/REV11-APS/D_CKR REV11-APS\D_CKR
get /usr/ud/primac/rev11/base/REV11-APS/CKREV REV11-APS\CKREV
get /usr/ud/primac/rev11/base/REV11-APS/D_CKREV REV11-APS\D_CKREV
get /usr/ud/primac/rev11/base/REV11-APS/D_TEMP.VOUCHERS REV11-APS\D_TEMP.VOUCHERS
get /usr/ud/primac/rev11/base/REV11-APS/D_DL_ID REV11-APS\D_DL_ID
get /usr/ud/primac/rev11/base/REV11-APS/HDCH REV11-APS\HDCH
get /usr/ud/primac/rev11/base/REV11-APS/D_HDCH REV11-APS\D_HDCH
get /usr/ud/primac/rev11/base/REV11-APS/INV.XREF REV11-APS\INV.XREF
get /usr/ud/primac/rev11/base/REV11-APS/D_INV.XREF REV11-APS\D_INV.XREF
get /usr/ud/primac/rev11/base/REV11-APS/MCD REV11-APS\MCD
get /usr/ud/primac/rev11/base/REV11-APS/D_MCD REV11-APS\D_MCD
get /usr/ud/primac/rev11/base/REV11-APS/MCD.TAG REV11-APS\MCD.TAG
get /usr/ud/primac/rev11/base/REV11-APS/D_MCD.TAG REV11-APS\D_MCD.TAG
get /usr/ud/primac/rev11/base/REV11-APS/OAP REV11-APS\OAP
get /usr/ud/primac/rev11/base/REV11-APS/D_OAP REV11-APS\D_OAP
get /usr/ud/primac/rev11/base/REV11-APS/SQV REV11-APS\SQV
get /usr/ud/primac/rev11/base/REV11-APS/D_SQV REV11-APS\D_SQV
get /usr/ud/primac/rev11/base/REV11-APS/AE_COMS REV11-APS\AE_COMS
get /usr/ud/primac/rev11/base/REV11-APS/TEMP.MCD REV11-APS\TEMP.MCD
get /usr/ud/primac/rev11/base/REV11-APS/D_TEMP.MCD REV11-APS\D_TEMP.MCD
get /usr/ud/primac/rev11/base/REV11-APS/D_VEND.PO.STATS REV11-APS\D_VEND.PO.STATS
get /usr/ud/primac/rev11/base/REV11-APS/D_VEND.PROD.STATS REV11-APS\D_VEND.PROD.STATS
get /usr/ud/primac/rev11/base/REV11-APS/VEND.PROD.STATS REV11-APS\VEND.PROD.STATS
get /usr/ud/primac/rev11/base/REV11-APS/VEND.POP REV11-APS\VEND.POP
get /usr/ud/primac/rev11/base/REV11-APS/D_VEND.POP REV11-APS\D_VEND.POP
get /usr/ud/primac/rev11/base/REV11-APS/D_VEND.VOUCH.STATS REV11-APS\D_VEND.VOUCH.STATS
get /usr/ud/primac/rev11/base/REV11-APS/VEND.STATS REV11-APS\VEND.STATS
get /usr/ud/primac/rev11/base/REV11-APS/D_VEND.STATS REV11-APS\D_VEND.STATS
get /usr/ud/primac/rev11/base/REV11-APS/D_VOUCHERS.TAG REV11-APS\D_VOUCHERS.TAG
get /usr/ud/primac/rev11/base/REV11-APS/VOUCHERS REV11-APS\VOUCHERS
get /usr/ud/primac/rev11/base/REV11-APS/D_VOUCHERS REV11-APS\D_VOUCHERS
get /usr/ud/primac/rev11/base/REV11-APS/D_AE_COMS REV11-APS\D_AE_COMS
get /usr/ud/primac/rev11/base/REV11-APS/UDTLOG REV11-APS\UDTLOG
get /usr/ud/primac/rev11/base/REV11-APS/D_NTMIGRATE.LOC REV11-APS\D_NTMIGRATE.LOC
get /usr/ud/primac/rev11/base/REV11-APS/APS.WORK.FILE3 REV11-APS\APS.WORK.FILE3
get /usr/ud/primac/rev11/base/REV11-APS/TEMP.VOUCHERS REV11-APS\TEMP.VOUCHERS
get /usr/ud/primac/rev11/base/REV11-APS/D_APS.WORK.FILE3 REV11-APS\D_APS.WORK.FILE3
get /usr/ud/primac/rev11/base/REV11-APS/GUIDE_STATS.LIS_020698_C REV11-APS\GUIDE_STATS.LIS_020698_C
get /usr/ud/primac/rev11/base/REV11-APS/D_DAILY.CHECK.REVERSAL REV11-APS\D_DAILY.CHECK.REVERSAL
get /usr/ud/primac/rev11/base/REV11-APS/DAILY.CHECK.REVERSAL REV11-APS\DAILY.CHECK.REVERSAL
get /usr/ud/primac/rev11/base/REV11-APS/VEND.PO.STATS REV11-APS\VEND.PO.STATS
get /usr/ud/primac/rev11/base/REV11-APS/VEND.VOUCH.STATS REV11-APS\VEND.VOUCH.STATS
get /usr/ud/primac/rev11/base/REV11-APS/VOUCHERS.TAG REV11-APS\VOUCHERS.TAG
get /usr/ud/primac/rev11/base/REV11-APS/vocupgrade REV11-APS\vocupgrade
get /usr/ud/primac/rev11/base/REV11-APS/D__PH_ REV11-APS\D__PH_
get /usr/ud/primac/rev11/base/REV11-APS/__OVERFLOWED REV11-APS\__OVERFLOWED
get /usr/ud/primac/rev11/base/REV11-APS/D_AE_SCRATCH REV11-APS\D_AE_SCRATCH
get /usr/ud/primac/rev11/base/REV11-APS/D__HOLD_ REV11-APS\D__HOLD_
get /usr/ud/primac/rev11/base/REV11-APS/core REV11-APS\core
get /usr/ud/primac/rev11/base/REV11-APS/GUIDE_ERRORS.LIS_020698 REV11-APS\GUIDE_ERRORS.LIS_020698
get /usr/ud/primac/rev11/base/REV11-APS/GUIDE_ADVICE.LIS_020698_C REV11-APS\GUIDE_ADVICE.LIS_020698_C
get /usr/ud/primac/rev11/base/REV11-APS/GUIDE_ADVICE.LIS_020698_L REV11-APS\GUIDE_ADVICE.LIS_020698_L
get /usr/ud/primac/rev11/base/REV11-APS/GUIDE_STATS.LIS_020698 REV11-APS\GUIDE_STATS.LIS_020698
get /usr/ud/primac/rev11/base/REV11-APS/GUIDE_ADVICE.LIS_020698 REV11-APS\GUIDE_ADVICE.LIS_020698
get /usr/ud/primac/rev11/base/REV11-APS/GUIDE_ERRORS.LIS_020698_A REV11-APS\GUIDE_ERRORS.LIS_020698_A
get /usr/ud/primac/rev11/base/REV11-APS/GUIDE_STATS.LIS_020698_A REV11-APS\GUIDE_STATS.LIS_020698_A
get /usr/ud/primac/rev11/base/REV11-APS/GUIDE_ADVICE.LIS_020698_A REV11-APS\GUIDE_ADVICE.LIS_020698_A
get /usr/ud/primac/rev11/base/REV11-APS/GUIDE_ERRORS.LIS_020698_B REV11-APS\GUIDE_ERRORS.LIS_020698_B
get /usr/ud/primac/rev11/base/REV11-APS/GUIDE_STATS.LIS_020698_B REV11-APS\GUIDE_STATS.LIS_020698_B
get /usr/ud/primac/rev11/base/REV11-APS/GUIDE_ADVICE.LIS_020698_B REV11-APS\GUIDE_ADVICE.LIS_020698_B
get /usr/ud/primac/rev11/base/REV11-APS/GUIDE_ERRORS.LIS_020698_C REV11-APS\GUIDE_ERRORS.LIS_020698_C
get /usr/ud/primac/rev11/base/REV11-APS/GUIDE_ADVICE.LIS_020698_M REV11-APS\GUIDE_ADVICE.LIS_020698_M
get /usr/ud/primac/rev11/base/REV11-APS/GUIDE_ERRORS.LIS_020698_D REV11-APS\GUIDE_ERRORS.LIS_020698_D
get /usr/ud/primac/rev11/base/REV11-APS/_HOLD_/UNIX_NT_SUMMARY REV11-APS\_HOLD_\UNIX_NT_SUMMARY
get /usr/ud/primac/rev11/base/REV11-APS/_HOLD_/UNIX_NT_WARNING REV11-APS\_HOLD_\UNIX_NT_WARNING
get /usr/ud/primac/rev11/base/REV11-APS/_HOLD_/UNIX_NT_CATASTROPHIC REV11-APS\_HOLD_\UNIX_NT_CATASTROPHIC
get /usr/ud/primac/rev11/base/REV11-APS/GUIDE_STATS.LIS_020698_D REV11-APS\GUIDE_STATS.LIS_020698_D
get /usr/ud/primac/rev11/base/REV11-APS/GUIDE_ADVICE.LIS_020698_D REV11-APS\GUIDE_ADVICE.LIS_020698_D
get /usr/ud/primac/rev11/base/REV11-APS/GUIDE_ERRORS.LIS_020698_E REV11-APS\GUIDE_ERRORS.LIS_020698_E
get /usr/ud/primac/rev11/base/REV11-APS/GUIDE_STATS.LIS_020698_E REV11-APS\GUIDE_STATS.LIS_020698_E
get /usr/ud/primac/rev11/base/REV11-APS/GUIDE_ADVICE.LIS_020698_E REV11-APS\GUIDE_ADVICE.LIS_020698_E
get /usr/ud/primac/rev11/base/REV11-APS/GUIDE_ERRORS.LIS_020698_F REV11-APS\GUIDE_ERRORS.LIS_020698_F
get /usr/ud/primac/rev11/base/REV11-APS/GUIDE_STATS.LIS_020698_F REV11-APS\GUIDE_STATS.LIS_020698_F
get /usr/ud/primac/rev11/base/REV11-APS/GUIDE_ADVICE.LIS_020698_F REV11-APS\GUIDE_ADVICE.LIS_020698_F
get /usr/ud/primac/rev11/base/REV11-APS/GUIDE_ERRORS.LIS_020698_G REV11-APS\GUIDE_ERRORS.LIS_020698_G
get /usr/ud/primac/rev11/base/REV11-APS/GUIDE_STATS.LIS_020698_G REV11-APS\GUIDE_STATS.LIS_020698_G
get /usr/ud/primac/rev11/base/REV11-APS/GUIDE_ADVICE.LIS_020698_G REV11-APS\GUIDE_ADVICE.LIS_020698_G
get /usr/ud/primac/rev11/base/REV11-APS/GUIDE_STATS.LIS_020698_Q REV11-APS\GUIDE_STATS.LIS_020698_Q
get /usr/ud/primac/rev11/base/REV11-APS/GUIDE_ERRORS.LIS_020698_H REV11-APS\GUIDE_ERRORS.LIS_020698_H
get /usr/ud/primac/rev11/base/REV11-APS/GUIDE_STATS.LIS_020698_H REV11-APS\GUIDE_STATS.LIS_020698_H
get /usr/ud/primac/rev11/base/REV11-APS/GUIDE_ADVICE.LIS_020698_H REV11-APS\GUIDE_ADVICE.LIS_020698_H
get /usr/ud/primac/rev11/base/REV11-APS/GUIDE_ERRORS.LIS_020698_I REV11-APS\GUIDE_ERRORS.LIS_020698_I
get /usr/ud/primac/rev11/base/REV11-APS/GUIDE_STATS.LIS_020698_I REV11-APS\GUIDE_STATS.LIS_020698_I
get /usr/ud/primac/rev11/base/REV11-APS/GUIDE_ADVICE.LIS_020698_I REV11-APS\GUIDE_ADVICE.LIS_020698_I
get /usr/ud/primac/rev11/base/REV11-APS/GUIDE_ERRORS.LIS_020698_J REV11-APS\GUIDE_ERRORS.LIS_020698_J
get /usr/ud/primac/rev11/base/REV11-APS/GUIDE_STATS.LIS_020698_J REV11-APS\GUIDE_STATS.LIS_020698_J
get /usr/ud/primac/rev11/base/REV11-APS/GUIDE_ADVICE.LIS_020698_J REV11-APS\GUIDE_ADVICE.LIS_020698_J
get /usr/ud/primac/rev11/base/REV11-APS/GUIDE_ERRORS.LIS_020698_K REV11-APS\GUIDE_ERRORS.LIS_020698_K
get /usr/ud/primac/rev11/base/REV11-APS/GUIDE_STATS.LIS_020698_K REV11-APS\GUIDE_STATS.LIS_020698_K
get /usr/ud/primac/rev11/base/REV11-APS/GUIDE_ADVICE.LIS_020698_K REV11-APS\GUIDE_ADVICE.LIS_020698_K
get /usr/ud/primac/rev11/base/REV11-APS/GUIDE_ERRORS.LIS_020698_L REV11-APS\GUIDE_ERRORS.LIS_020698_L
get /usr/ud/primac/rev11/base/REV11-APS/GUIDE_STATS.LIS_020698_L REV11-APS\GUIDE_STATS.LIS_020698_L
get /usr/ud/primac/rev11/base/REV11-APS/GUIDE_ERRORS.LIS_020698_M REV11-APS\GUIDE_ERRORS.LIS_020698_M
get /usr/ud/primac/rev11/base/REV11-APS/GUIDE_STATS.LIS_020698_M REV11-APS\GUIDE_STATS.LIS_020698_M
get /usr/ud/primac/rev11/base/REV11-APS/GUIDE_ERRORS.LIS_020698_N REV11-APS\GUIDE_ERRORS.LIS_020698_N
get /usr/ud/primac/rev11/base/REV11-APS/GUIDE_STATS.LIS_020698_N REV11-APS\GUIDE_STATS.LIS_020698_N
get /usr/ud/primac/rev11/base/REV11-APS/GUIDE_ADVICE.LIS_020698_N REV11-APS\GUIDE_ADVICE.LIS_020698_N
get /usr/ud/primac/rev11/base/REV11-APS/GUIDE_ERRORS.LIS_020698_O REV11-APS\GUIDE_ERRORS.LIS_020698_O
get /usr/ud/primac/rev11/base/REV11-APS/GUIDE_STATS.LIS_020698_O REV11-APS\GUIDE_STATS.LIS_020698_O
get /usr/ud/primac/rev11/base/REV11-APS/GUIDE_ADVICE.LIS_020698_O REV11-APS\GUIDE_ADVICE.LIS_020698_O
get /usr/ud/primac/rev11/base/REV11-APS/GUIDE_ERRORS.LIS_020698_P REV11-APS\GUIDE_ERRORS.LIS_020698_P
get /usr/ud/primac/rev11/base/REV11-APS/GUIDE_STATS.LIS_020698_P REV11-APS\GUIDE_STATS.LIS_020698_P
get /usr/ud/primac/rev11/base/REV11-APS/GUIDE_ADVICE.LIS_020698_P REV11-APS\GUIDE_ADVICE.LIS_020698_P
get /usr/ud/primac/rev11/base/REV11-APS/GUIDE_ERRORS.LIS_020698_Q REV11-APS\GUIDE_ERRORS.LIS_020698_Q
get /usr/ud/primac/rev11/base/REV11-APS/GUIDE_ADVICE.LIS_020698_Q REV11-APS\GUIDE_ADVICE.LIS_020698_Q
get /usr/ud/primac/rev11/base/REV11-APS/GUIDE_ADVICE.LIS_020698_Z REV11-APS\GUIDE_ADVICE.LIS_020698_Z
get /usr/ud/primac/rev11/base/REV11-APS/GUIDE_ERRORS.LIS REV11-APS\GUIDE_ERRORS.LIS
get /usr/ud/primac/rev11/base/REV11-APS/GUIDE_STATS.LIS REV11-APS\GUIDE_STATS.LIS
get /usr/ud/primac/rev11/base/REV11-APS/GUIDE_ADVICE.LIS REV11-APS\GUIDE_ADVICE.LIS
get /usr/ud/primac/rev11/base/REV11-APS/GUIDE_ERRORS.LIS_020698_R REV11-APS\GUIDE_ERRORS.LIS_020698_R
get /usr/ud/primac/rev11/base/REV11-APS/GUIDE_STATS.LIS_020698_R REV11-APS\GUIDE_STATS.LIS_020698_R
get /usr/ud/primac/rev11/base/REV11-APS/GUIDE_ADVICE.LIS_020698_R REV11-APS\GUIDE_ADVICE.LIS_020698_R
get /usr/ud/primac/rev11/base/REV11-APS/GUIDE_ERRORS.LIS_020698_S REV11-APS\GUIDE_ERRORS.LIS_020698_S
get /usr/ud/primac/rev11/base/REV11-APS/GUIDE_STATS.LIS_020698_S REV11-APS\GUIDE_STATS.LIS_020698_S
get /usr/ud/primac/rev11/base/REV11-APS/GUIDE_ADVICE.LIS_020698_S REV11-APS\GUIDE_ADVICE.LIS_020698_S
get /usr/ud/primac/rev11/base/REV11-APS/GUIDE_ERRORS.LIS_020698_T REV11-APS\GUIDE_ERRORS.LIS_020698_T
get /usr/ud/primac/rev11/base/REV11-APS/GUIDE_STATS.LIS_020698_T REV11-APS\GUIDE_STATS.LIS_020698_T
get /usr/ud/primac/rev11/base/REV11-APS/GUIDE_ADVICE.LIS_020698_T REV11-APS\GUIDE_ADVICE.LIS_020698_T
get /usr/ud/primac/rev11/base/REV11-APS/GUIDE_ERRORS.LIS_020698_U REV11-APS\GUIDE_ERRORS.LIS_020698_U
get /usr/ud/primac/rev11/base/REV11-APS/GUIDE_STATS.LIS_020698_U REV11-APS\GUIDE_STATS.LIS_020698_U
get /usr/ud/primac/rev11/base/REV11-APS/GUIDE_ADVICE.LIS_020698_U REV11-APS\GUIDE_ADVICE.LIS_020698_U
get /usr/ud/primac/rev11/base/REV11-APS/GUIDE_ERRORS.LIS_020698_V REV11-APS\GUIDE_ERRORS.LIS_020698_V
get /usr/ud/primac/rev11/base/REV11-APS/GUIDE_STATS.LIS_020698_V REV11-APS\GUIDE_STATS.LIS_020698_V
get /usr/ud/primac/rev11/base/REV11-APS/GUIDE_ADVICE.LIS_020698_V REV11-APS\GUIDE_ADVICE.LIS_020698_V
get /usr/ud/primac/rev11/base/REV11-APS/GUIDE_ERRORS.LIS_020698_W REV11-APS\GUIDE_ERRORS.LIS_020698_W
get /usr/ud/primac/rev11/base/REV11-APS/GUIDE_STATS.LIS_020698_W REV11-APS\GUIDE_STATS.LIS_020698_W
get /usr/ud/primac/rev11/base/REV11-APS/GUIDE_ADVICE.LIS_020698_W REV11-APS\GUIDE_ADVICE.LIS_020698_W
get /usr/ud/primac/rev11/base/REV11-APS/GUIDE_ERRORS.LIS_020698_X REV11-APS\GUIDE_ERRORS.LIS_020698_X
get /usr/ud/primac/rev11/base/REV11-APS/GUIDE_STATS.LIS_020698_X REV11-APS\GUIDE_STATS.LIS_020698_X
get /usr/ud/primac/rev11/base/REV11-APS/GUIDE_ADVICE.LIS_020698_X REV11-APS\GUIDE_ADVICE.LIS_020698_X
get /usr/ud/primac/rev11/base/REV11-APS/GUIDE_ERRORS.LIS_020698_Y REV11-APS\GUIDE_ERRORS.LIS_020698_Y
get /usr/ud/primac/rev11/base/REV11-APS/GUIDE_STATS.LIS_020698_Y REV11-APS\GUIDE_STATS.LIS_020698_Y
get /usr/ud/primac/rev11/base/REV11-APS/GUIDE_ADVICE.LIS_020698_Y REV11-APS\GUIDE_ADVICE.LIS_020698_Y
get /usr/ud/primac/rev11/base/REV11-APS/GUIDE_ERRORS.LIS_020698_Z REV11-APS\GUIDE_ERRORS.LIS_020698_Z
get /usr/ud/primac/rev11/base/REV11-APS/GUIDE_STATS.LIS_020698_Z REV11-APS\GUIDE_STATS.LIS_020698_Z
get /usr/ud/primac/rev11/base/REV11-APS/NTMIGRATE.LOC/tardir REV11-APS\NTMIGRATE.LOC\tardir
get /usr/ud/primac/rev11/base/REV11-APS/tload.dir/tloadmap REV11-APS\tload.dir\tloadmap
!convcode REV11-APS
!convdata -r REV11-APS
