#unix acct name
#password
bin
!mkdir REV11-GLS
!mkdir REV11-GLS\NTMIGRATE.LOC
!mkdir REV11-GLS\_PH_
!mkdir REV11-GLS\_HOLD_
!mkdir REV11-GLS\SAVEDLISTS
!mkdir REV11-GLS\tload.dir
get /usr/ud/primac/rev11/base/REV11-GLS/VOC REV11-GLS\VOC
get /usr/ud/primac/rev11/base/REV11-GLS/D_VOC REV11-GLS\D_VOC
get /usr/ud/primac/rev11/base/REV11-GLS/D_SAVEDLISTS REV11-GLS\D_SAVEDLISTS
get /usr/ud/primac/rev11/base/REV11-GLS/D__HOLD_ REV11-GLS\D__HOLD_
get /usr/ud/primac/rev11/base/REV11-GLS/NTMIGRATE.LOC/tardir REV11-GLS\NTMIGRATE.LOC\tardir
get /usr/ud/primac/rev11/base/REV11-GLS/D__REPORT_ REV11-GLS\D__REPORT_
get /usr/ud/primac/rev11/base/REV11-GLS/_REPORT_ REV11-GLS\_REPORT_
get /usr/ud/primac/rev11/base/REV11-GLS/D__SCREEN_ REV11-GLS\D__SCREEN_
get /usr/ud/primac/rev11/base/REV11-GLS/_SCREEN_ REV11-GLS\_SCREEN_
get /usr/ud/primac/rev11/base/REV11-GLS/D_MENUFILE REV11-GLS\D_MENUFILE
get /usr/ud/primac/rev11/base/REV11-GLS/MENUFILE REV11-GLS\MENUFILE
get /usr/ud/primac/rev11/base/REV11-GLS/D___V__VIEW REV11-GLS\D___V__VIEW
get /usr/ud/primac/rev11/base/REV11-GLS/__V__VIEW REV11-GLS\__V__VIEW
get /usr/ud/primac/rev11/base/REV11-GLS/D_tload.dir REV11-GLS\D_tload.dir
get /usr/ud/primac/rev11/base/REV11-GLS/_ED_ REV11-GLS\_ED_
get /usr/ud/primac/rev11/base/REV11-GLS/D__ED_ REV11-GLS\D__ED_
get /usr/ud/primac/rev11/base/REV11-GLS/ACCT.CATG REV11-GLS\ACCT.CATG
get /usr/ud/primac/rev11/base/REV11-GLS/D_ACCT.CATG REV11-GLS\D_ACCT.CATG
get /usr/ud/primac/rev11/base/REV11-GLS/ACCT.TYPE REV11-GLS\ACCT.TYPE
get /usr/ud/primac/rev11/base/REV11-GLS/D_ACCT.TYPE REV11-GLS\D_ACCT.TYPE
get /usr/ud/primac/rev11/base/REV11-GLS/GLA REV11-GLS\GLA
get /usr/ud/primac/rev11/base/REV11-GLS/COA.BAL REV11-GLS\COA.BAL
get /usr/ud/primac/rev11/base/REV11-GLS/CC.COA.BAL REV11-GLS\CC.COA.BAL
get /usr/ud/primac/rev11/base/REV11-GLS/CO.COA.BAL REV11-GLS\CO.COA.BAL
get /usr/ud/primac/rev11/base/REV11-GLS/D_CC.COA.BAL REV11-GLS\D_CC.COA.BAL
get /usr/ud/primac/rev11/base/REV11-GLS/D_CO.COA.BAL REV11-GLS\D_CO.COA.BAL
get /usr/ud/primac/rev11/base/REV11-GLS/D_COA.BAL REV11-GLS\D_COA.BAL
get /usr/ud/primac/rev11/base/REV11-GLS/COA.DIST REV11-GLS\COA.DIST
get /usr/ud/primac/rev11/base/REV11-GLS/D_COA.DIST REV11-GLS\D_COA.DIST
get /usr/ud/primac/rev11/base/REV11-GLS/DP.COA.BAL REV11-GLS\DP.COA.BAL
get /usr/ud/primac/rev11/base/REV11-GLS/D_DP.COA.BAL REV11-GLS\D_DP.COA.BAL
get /usr/ud/primac/rev11/base/REV11-GLS/DV.COA.BAL REV11-GLS\DV.COA.BAL
get /usr/ud/primac/rev11/base/REV11-GLS/D_DV.COA.BAL REV11-GLS\D_DV.COA.BAL
get /usr/ud/primac/rev11/base/REV11-GLS/D_GLA REV11-GLS\D_GLA
get /usr/ud/primac/rev11/base/REV11-GLS/GLH REV11-GLS\GLH
get /usr/ud/primac/rev11/base/REV11-GLS/D_GLH REV11-GLS\D_GLH
get /usr/ud/primac/rev11/base/REV11-GLS/GLHX REV11-GLS\GLHX
get /usr/ud/primac/rev11/base/REV11-GLS/D_GLHX REV11-GLS\D_GLHX
get /usr/ud/primac/rev11/base/REV11-GLS/GLM REV11-GLS\GLM
get /usr/ud/primac/rev11/base/REV11-GLS/D_GLM REV11-GLS\D_GLM
get /usr/ud/primac/rev11/base/REV11-GLS/GLR REV11-GLS\GLR
get /usr/ud/primac/rev11/base/REV11-GLS/D_GLR REV11-GLS\D_GLR
get /usr/ud/primac/rev11/base/REV11-GLS/GLS.REPORT REV11-GLS\GLS.REPORT
get /usr/ud/primac/rev11/base/REV11-GLS/D_GLS.REPORT REV11-GLS\D_GLS.REPORT
get /usr/ud/primac/rev11/base/REV11-GLS/GLX REV11-GLS\GLX
get /usr/ud/primac/rev11/base/REV11-GLS/D_GLX REV11-GLS\D_GLX
get /usr/ud/primac/rev11/base/REV11-GLS/JE REV11-GLS\JE
get /usr/ud/primac/rev11/base/REV11-GLS/D_JE REV11-GLS\D_JE
get /usr/ud/primac/rev11/base/REV11-GLS/JE.RECUR REV11-GLS\JE.RECUR
get /usr/ud/primac/rev11/base/REV11-GLS/D_JE.RECUR REV11-GLS\D_JE.RECUR
get /usr/ud/primac/rev11/base/REV11-GLS/JE.REVERSE REV11-GLS\JE.REVERSE
get /usr/ud/primac/rev11/base/REV11-GLS/D_JE.REVERSE REV11-GLS\D_JE.REVERSE
get /usr/ud/primac/rev11/base/REV11-GLS/D_AE_COMS REV11-GLS\D_AE_COMS
get /usr/ud/primac/rev11/base/REV11-GLS/AE_COMS REV11-GLS\AE_COMS
get /usr/ud/primac/rev11/base/REV11-GLS/UDTLOG REV11-GLS\UDTLOG
get /usr/ud/primac/rev11/base/REV11-GLS/D_ACCT.SUB.CATG REV11-GLS\D_ACCT.SUB.CATG
get /usr/ud/primac/rev11/base/REV11-GLS/ACCT.SUB.CATG REV11-GLS\ACCT.SUB.CATG
get /usr/ud/primac/rev11/base/REV11-GLS/D_ALL.COA.BAL REV11-GLS\D_ALL.COA.BAL
get /usr/ud/primac/rev11/base/REV11-GLS/ALL.COA.BAL REV11-GLS\ALL.COA.BAL
get /usr/ud/primac/rev11/base/REV11-GLS/D_CATG.AND.SUB REV11-GLS\D_CATG.AND.SUB
get /usr/ud/primac/rev11/base/REV11-GLS/CATG.AND.SUB REV11-GLS\CATG.AND.SUB
get /usr/ud/primac/rev11/base/REV11-GLS/D_COA.AUDIT.TRAIL REV11-GLS\D_COA.AUDIT.TRAIL
get /usr/ud/primac/rev11/base/REV11-GLS/COA.AUDIT.TRAIL REV11-GLS\COA.AUDIT.TRAIL
get /usr/ud/primac/rev11/base/REV11-GLS/D_COA.DIST.CAL REV11-GLS\D_COA.DIST.CAL
get /usr/ud/primac/rev11/base/REV11-GLS/COA.DIST.CAL REV11-GLS\COA.DIST.CAL
get /usr/ud/primac/rev11/base/REV11-GLS/vocupgrade REV11-GLS\vocupgrade
get /usr/ud/primac/rev11/base/REV11-GLS/D__PH_ REV11-GLS\D__PH_
get /usr/ud/primac/rev11/base/REV11-GLS/D_NTMIGRATE.LOC REV11-GLS\D_NTMIGRATE.LOC
get /usr/ud/primac/rev11/base/REV11-GLS/D_AE_SCRATCH REV11-GLS\D_AE_SCRATCH
get /usr/ud/primac/rev11/base/REV11-GLS/EXCEL100 REV11-GLS\EXCEL100
get /usr/ud/primac/rev11/base/REV11-GLS/_HOLD_/P_0000 REV11-GLS\_HOLD_\P_0000
get /usr/ud/primac/rev11/base/REV11-GLS/_HOLD_/UNIX_NT_SUMMARY REV11-GLS\_HOLD_\UNIX_NT_SUMMARY
get /usr/ud/primac/rev11/base/REV11-GLS/_HOLD_/UNIX_NT_WARNING REV11-GLS\_HOLD_\UNIX_NT_WARNING
get /usr/ud/primac/rev11/base/REV11-GLS/_HOLD_/UNIX_NT_CATASTROPHIC REV11-GLS\_HOLD_\UNIX_NT_CATASTROPHIC
get /usr/ud/primac/rev11/base/REV11-GLS/tload.dir/tloadmap REV11-GLS\tload.dir\tloadmap
!convcode REV11-GLS
!convdata -r REV11-GLS
