*********************************************************************
* REVISION    - [08.0]
* Copyright 1982 by Computer Business Associates (Vercom Software, Inc.)
* SYSTEM      - PRIMAC
* PROGRAM     - SCH.CASH.DISB.RPT
* BY          - JIHAD YAMOUT , C.B.A
* DATE        - 11/7/84
* DESCRIPTION - This program list all vouchers scheduled to be paid 
*                  to a vendor with a due date spacified.
* T20269 JR ALLOW CHECK RUNS WITH DIFFERENT DIVISIONS TO RUN SIMULTANEOUSLY
* T25759 edwin 04/19/2001 * Added remittance comments.
* T25879 lanny 06/13/2001 * Ensure that control record SCH.PAYDATE is
*                           readable.
* T26493 cmykleb 04/02/2002 * Change pgm to get the rpt # from the proc.
* T26685 cmykleb 09/16/2002 * Rev12 division security.
*ENDDOC
*********************************************************************
*COPY>APS.CPYLIB>OAP
*COPY>PMC.CPYLIB>VEND
*COPY>PMC.CPYLIB>COMPANY
*COPY>PMC.CPYLIB>GLTABLE
*COPY>CPYLIB>SYSCOM
*COPY>CPYLIB>EDIT.COM
*COPY>CPYLIB>EDIT.COM.DRIVER
*COPY>CPYLIB>FILE.VARS
*COPY>CPYLIB>CHAR
   DIM SVEND.REC(10)
   EQU SVEND.NO TO SVEND.REC(1)
   EQU SVEND.DS TO SVEND.REC(2)
   EQU SVEND.PT TO SVEND.REC(3)
**** INITIALZATION
   LINE.COUNT = 99 ; PAGE.NO = 0
   TOT.GRS = 0 ; TOT.PAD = 0 ; TOT.DSC = 0 ; TOT.NET = 0
   GTOT.GRS = 0 ; GTOT.PAD = 0 ; GTOT.DSC = 0 ; GTOT.NET = 0
   SP1 = " "
   PREV.VEND = '' ; PRT.VEND.FLG = 1
   C.LINE1 = SPACE(47):STR("*",72)
   C.LINE2 = SPACE(47):"*  THIS VENDOR HAS A NEGATIVE (OR ZERO) BALANCE AND WILL NOT BE PAID!! *"
**** SETUP FOR SYSTEM ERRMSGS
   SYS.TYPE = 1 ; CALL SYSCOM(MAT SYSCOM.REC)
**** GET PROC VALUES
   PROCREAD X ELSE
      ERRMSG = "THIS REPORT MUST RUN FROM A PROC." ; GOTO 93000
   END
   CONO = X<1>
*T26685 v
*  DIV.OWNER = X<6>
   DIV.OWNER = X<3>
*T26685 ^
**** OPEN ALL FILES
   OPEN "","OAP" TO OAP ELSE ERRMSG = "OAP FILE IS MISSING" ; GOTO 93000
   OPEN "","CONTROL" TO CONTROL ELSE ERRMSG = "CONTROL FILE IS MISSING";GOTO 93000
   OPEN "","VEND" TO VEND ELSE ERRMSG = "VENDOR FILE IS MISSING" ; GOTO 93000
**** GET VALUES FROM CONTROL FILES
   READV PAYDATE FROM CONTROL , CONO:"SCH.PAYDATE":DIV.OWNER,1 ELSE ERRMSG = "NO REPORT DATE";GOTO 93000
   PAID.DATE=ICONV(PAYDATE,"D2")
   MATREAD SVEND.REC FROM CONTROL , CONO:"VENDORS":DIV.OWNER ELSE FLG = 1 ; MAT SVEND.REC = ''
*
**** SETUP HEADING
*
*T26493 v
*  CONO.NAME = X<2>
*  REPORT.NAME = "SCHEDULED.CASH.DISBURSEMENTS JOURNAL"
*  REPORT.NUMBER = "XXXX"
   CONO.NAME = ""
   REPORT.NAME = ""
   REPORT.NUMBER = X<2>
*T26493 ^
   REPORT.DATE = DATE()
   HD1 = "" ; HD2 = ""
   CALL GET.PROG.HEAD(CONO,CONO.NAME,REPORT.NAME,REPORT.NUMBER,REPORT.DATE,HD1,HD2)
**** OPEN ALL FILES
*
   PRINTER ON
* T25759 v
*  HD3 = "VENDOR #           VENDOR NAME          VOUCH# INVOICE NO INV.DATE DUE DATE   GROSS AMT     PAID AMT      DISC AMT     NET AMOUNT  "
   HD3 = "VENDOR #   VENDOR NAME/REMIT COMMENTS   VOUCH# INVOICE NO INV.DATE DUE DATE   GROSS AMT     PAID AMT      DISC AMT     NET AMOUNT  "
* T25759 ^
   HD4 = "-------- ------------------------------ ------ ---------- -------- -------- ------------- ------------- ------------- -------------"
   HD5 = "                                                                            ------------- ------------- ------------- -------------"
   HD6 = "                                                                            ============= ============= ============= ============="
*
**** READ AND PROCESS FIRST REPORD
*
100*
   READNEXT ID ELSE
      PRINTER OFF
      X<4> = "END"; PROCWRITE X; * TASK 20269
      ERRMSG = "NO ITEMS SELECTED" ; GOSUB 91000 ; GOTO 99999
   END
   MATREAD OAP.REC FROM OAP, ID ELSE GOTO 100
   PREV.VEND = OAP.VEND<1,1>
   IF OAP.VEND<1,2> # "" THEN
      VEND.DESC = OAP.VEND<1,2>
   END ELSE
      MATREAD VEND.REC FROM VEND , CONO:OAP.VEND<1,1> ELSE
         VEND.DESC = "VEND NOT ON FILE"
      END
   END
   GOSUB 1000
**** PROCESS ALL RECORDS
200*
   DATA = 1
   LOOP
      READNEXT ID ELSE DATA = 0
   WHILE DATA = 1 DO
      MATREAD OAP.REC FROM OAP , ID ELSE GOTO 299
      GOSUB 900
      GOSUB 1000
299 REPEAT
   IF PRT.VEND.FLG = 1 THEN
      GOSUB 2000
   END
   GOSUB 3000
*  DELETE CONTROL , CONO:"VENDORS"
   GOTO 99999
*
**** FIND BREAK
*
900*
   IF OAP.VEND<1,1> # PREV.VEND THEN
      IF PRT.VEND.FLG = 1 THEN
         GOSUB 2000
      END 
      PRT.VEND.FLG = 1
      PRT.FLG = 1
      TOT.GRS = 0 ; TOT.PAD = 0 ; TOT.DSC = 0 ; TOT.NET = 0
      PREV.VEND = OAP.VEND<1,1>
      IF OAP.VEND<1,2> # "" THEN
         VEND.DESC = OAP.VEND<1,2>
      END ELSE
         MATREAD VEND.REC FROM VEND , CONO:OAP.VEND<1,1> ELSE
            VEND.DESC = "VEND NOT ON FILES"
         END
      END
   END
   RETURN
*
**** PRINT VOUCHER LINES AND ADD VENDOR TOTALS
*
1000*
   IF OAP.DUE.DATE > PAID.DATE THEN GOTO 1999
   IF ABS(OAP.GRS.AMT - OAP.DSC.AMT) <= ABS(OAP.PAID.AMT) THEN GOTO 1999
   LOCATE OAP.VEND<1,1> IN SVEND.NO<1>,1 SETTING VFND ELSE VFND = 0
   BEGIN CASE
      CASE VFND = 0 AND SVEND.PT = "P"
         PRT.VEND.FLG = 0
         GOTO 1999
      CASE VFND # 0 AND SVEND.PT # "P"
         PRT.VEND.FLG = 0
         GOTO 1999
   END CASE
   IF LINE.COUNT > 55 THEN
      GOSUB 8000
      PRT.FLG = 1
   END
   P.LINE = ""
* T25759 v
*  IF PRT.FLG = 1 THEN
*     P.LINE = P.LINE: OAP.VEND<1,1> "L#8":SP1
*     P.LINE = P.LINE: VEND.DESC "L#30":SP1
*     PRT.FLG = 0
*  END ELSE
*     P.LINE = SPACE(40)
*  END
   IF PRT.FLG = 1 THEN
      P.LINE := OAP.VEND<1,1> "L#8":SP1
      P.LINE := VEND.DESC "L#30":SP1
      PRINT P.LINE
      PRT.FLG = 0
      LINE.COUNT += 1
   END
   P.LINE = ""
   P.LINE = SPACE(9)
   P.LINE = P.LINE:OAP.REM.COMM "L#30":SP1 ; *T25759
   P.LINE = P.LINE:ID[4,6] "L#6":SP1
   P.LINE = P.LINE:OAP.INV "L#10":SP1
   P.LINE = P.LINE:OCONV(OAP.INV.DATE, "D2/") "R#8":SP1
   P.LINE = P.LINE:OCONV(OAP.DUE.DATE, "D2/") "L#8":SP1
   P.LINE = P.LINE:OCONV(OAP.GRS.AMT , "MD2,") "R#13":SP1
   P.LINE = P.LINE:OCONV(OAP.PAID.AMT, "MD2,") "R#13":SP1
   P.LINE = P.LINE:OCONV(OAP.DSC.AMT , "MD2,") "R#13":SP1
   P.LINE = P.LINE:OCONV(OAP.GRS.AMT - OAP.PAID.AMT - OAP.DSC.AMT, "MD2,") "R#13"
   PRINT P.LINE
   LINE.COUNT = LINE.COUNT + 1
   TOT.GRS = TOT.GRS + OAP.GRS.AMT
   TOT.PAD = TOT.PAD + OAP.PAID.AMT
   TOT.DSC = TOT.DSC + OAP.DSC.AMT
   TOT.NET = TOT.NET + (OAP.GRS.AMT - OAP.PAID.AMT - OAP.DSC.AMT)
1999 RETURN
*
**** PRINT VENDOR TOTAL LINE
*
2000*
   IF LINE.COUNT + 3 > 55 THEN
      GOSUB 8000
   END
   IF TOT.NET < 1 THEN
      PRINT C.LINE1
      PRINT C.LINE2
      PRINT C.LINE1
      IF SVEND.PT = 'S' THEN
         VNO.CNT = COUNT(SVEND.NO,VM) + (SVEND.NO # "") + 1
         SVEND.NO<1,VNO.CNT> = PREV.VEND
         SVEND.DS<1,VNO.CNT> = VEND.DESC
      END ELSE
         LOCATE PREV.VEND IN SVEND.NO<1>,1 SETTING FND ELSE FND = 0
         IF FND THEN
            SVEND.NO = DELETE(SVEND.NO,1,FND,0)
            SVEND.DS = DELETE(SVEND.DS,1,FND,0)
         END
      END
   END ELSE
      PRINT HD5
      T.LINE = ""
      T.LINE = T.LINE:SPACE(53):"VENDOR "
      T.LINE = T.LINE:PREV.VEND "L#8"
      T.LINE = T.LINE:"  TOTAL "
      T.LINE = T.LINE:OCONV(TOT.GRS, "MD2,") "R#13":SP1
      T.LINE = T.LINE:OCONV(TOT.PAD, "MD2,") "R#13":SP1
      T.LINE = T.LINE:OCONV(TOT.DSC, "MD2,") "R#13":SP1
      T.LINE = T.LINE:OCONV(TOT.GRS - TOT.PAD - TOT.DSC, "MD2,") "R#13"
      PRINT T.LINE
      PRINT
      GTOT.GRS = GTOT.GRS + TOT.GRS
      GTOT.PAD = GTOT.PAD + TOT.PAD
      GTOT.DSC = GTOT.DSC + TOT.DSC
      GTOT.NET = GTOT.NET + TOT.NET
   END
   LINE.COUNT = LINE.COUNT + 3
   TOT.GRS = 0 ; TOT.PAD = 0 ; TOT.DSC = 0 ; TOT.NET = 0
   RETURN
*
***** PRINT GRAND TOTAL
*
3000*
   IF LINE.COUNT + 2 >  55 THEN
      GOSUB 8000
   END
   PRINT HD6
   T.LINE = ""
   T.LINE = T.LINE:SPACE(63):"GRAND  TOTAL "
   T.LINE = T.LINE:OCONV(GTOT.GRS, "MD2,") "R#13":SP1
   T.LINE = T.LINE:OCONV(GTOT.PAD, "MD2,") "R#13":SP1
   T.LINE = T.LINE:OCONV(GTOT.DSC, "MD2,") "R#13":SP1
   T.LINE = T.LINE:OCONV(GTOT.GRS - GTOT.PAD - GTOT.DSC, "MD2,") "R#13"
   PRINT T.LINE
   RETURN
*
**** PRINT HEADING
*
8000*
   PRINT CHAR(12)
   PAGE.NO = PAGE.NO + 1
   PRINT HD1:PAGE.NO
   PRINT HD2
   PRINT
* TASK 20269
*     PRINT SPACE(52):"SCHEDULED THROUGH : ":PAYDATE
   PRINT "DIVISION : ":DIV.OWNER"L#3":SPACE(36):"SCHEDULED THROUGH : ":PAYDATE
   PRINT
   PRINT HD3
   PRINT HD4
   LINE.COUNT = 7
   RETURN
***** CALLS FOR SYSCOM
91000ERR.TYPE = 1; CALL SYSCOM(MAT SYSCOM.REC)
   RETURN
92000ERR.TYPE = 2; CALL SYSCOM(MAT SYSCOM.REC)
   RETURN
93000ERR.TYPE = 3; CALL SYSCOM(MAT SYSCOM.REC)
   PROCWRITE "END"; * TASK 20269
99999*
   PRINTER OFF
END
