*DESC - Logon information for employees using shop floor data collection.
*****************************
*  PNP.LOG FILE DEFINITION  *
*      KEY = CONO:EMP       *
*****************************
      DIM PNPL.REC(25)
      PNPL.L1 = 7
      PNPL.L2 = 19
      EQU PNPL.DIV              TO PNPL.REC(1)   ;* Logon division
      EQU PNPL.DEPT             TO PNPL.REC(2)   ;* Logon department
      EQU PNPL.SHIFT            TO PNPL.REC(3)   ;* Logon shift
      EQU PNPL.LOGON.PNP        TO PNPL.REC(4)   ;* Logon network processor
      EQU PNPL.LOGON.DATE       TO PNPL.REC(5)   ;* Logon date (date worked)
      EQU PNPL.LOGON.TIME       TO PNPL.REC(6)   ;* Logon time
      EQU PNPL.LAST.PNP         TO PNPL.REC(7)   ;* PNP of last trans
      EQU PNPL.LAST.DATE        TO PNPL.REC(8)   ;* Date of last trans
      EQU PNPL.LAST.TIME        TO PNPL.REC(9)   ;* Time of last trans
*
      EQU PNPL.CCTR             TO PNPL.REC(13)  ;* (MV2) Cost center ID
      EQU PNPL.CCTR.DATE        TO PNPL.REC(14)  ;* (MV2) Last date for CCTR
      EQU PNPL.CCTR.TIME        TO PNPL.REC(15)  ;* (MV2) Last time for CCTR
      EQU PNPL.CCTR.TIME.STAMP  TO PNPL.REC(16)  ;* (MV2,MSV) CCTR time stamp
      EQU PNPL.LO.AUTO.FLAG     TO PNPL.REC(17)  ;* LOGOFF FLAG (CPI)
*
      EQU PNPL.LOGOFF.FLAG      TO PNPL.REC(20)  ;* A=auto, U=user
      EQU PNPL.LOGOFF.DATE      TO PNPL.REC(21)  ;* Logoff Date
      EQU PNPL.LOGOFF.TIME      TO PNPL.REC(22)  ;* Logoff Time
