Date: 11/14/02 Time: 15:08 User: ajibaly Run mode: TEST
Starting process on /usr/ud/primac/rev12/base/CBA-REV12/JES.CPYLIB directory.
Wrote record EST_RL_ORD_STK, referencing location 43 (S) on dictionary for ESTIMATE.RL.
Wrote record EST_RL_LAM, referencing location 47 (S) on dictionary for ESTIMATE.RL.
Wrote record EST_RL_EXCESS_PAP_MSI, referencing location 65 (S) on dictionary for ESTIMATE.RL.
Wrote record EST_RL_EXCESS_LAM_MSI, referencing location 66 (S) on dictionary for ESTIMATE.RL.
Wrote record EST_RL_LAM_PRWIDTH, referencing location 67 (S) on dictionary for ESTIMATE.RL.
Wrote record EST_RL_LAM_RLWIDTH, referencing location 68 (S) on dictionary for ESTIMATE.RL.
Wrote record EST_RL_SP_AROUND, referencing location 69 (S) on dictionary for ESTIMATE.RL.
Wrote record EST_RL_SP_ACROSS, referencing location 70 (S) on dictionary for ESTIMATE.RL.
Wrote record EST_RL_SZ_AROUND, referencing location 71 (S) on dictionary for ESTIMATE.RL.
Wrote record EST_RL_SZ_ACROSS, referencing location 72 (S) on dictionary for ESTIMATE.RL.
Wrote record EST_RL_DIE_LOC, referencing location 73 (S) on dictionary for ESTIMATE.RL.
Wrote record EST_RL_DIE_CMTS, referencing location 74 (S) on dictionary for ESTIMATE.RL.
Wrote record EST_RL_SLS_REGION, referencing location 75 (S) on dictionary for ESTIMATE.RL.
Wrote record EST_RL_NO_PER_SHRK_WRP, referencing location 76 (S) on dictionary for ESTIMATE.RL.
Wrote record EST_RL_SHAPE, referencing location 77 (S) on dictionary for ESTIMATE.RL.
Wrote record EST_RL_MR_COPIES_PC, referencing location 78 (S) on dictionary for ESTIMATE.RL.
Wrote record EST_RL_MR_COLORS_PC, referencing location 79 (S) on dictionary for ESTIMATE.RL.
Wrote record EST_RL_MR_VERSIONS_PC, referencing location 80 (S) on dictionary for ESTIMATE.RL.
