#unix acct name
#password
bin
!mkdir REV11-PSS
!mkdir REV11-PSS\SAVEDLISTS
!mkdir REV11-PSS\tload.dir
!mkdir REV11-PSS\_PH_
!mkdir REV11-PSS\NTMIGRATE.LOC
!mkdir REV11-PSS\_HOLD_
get /usr/ud/primac/rev11/base/REV11-PSS/VOC REV11-PSS\VOC
get /usr/ud/primac/rev11/base/REV11-PSS/D_VOC REV11-PSS\D_VOC
get /usr/ud/primac/rev11/base/REV11-PSS/D__HOLD_ REV11-PSS\D__HOLD_
get /usr/ud/primac/rev11/base/REV11-PSS/D_BP REV11-PSS\D_BP
get /usr/ud/primac/rev11/base/REV11-PSS/D__REPORT_ REV11-PSS\D__REPORT_
get /usr/ud/primac/rev11/base/REV11-PSS/_REPORT_ REV11-PSS\_REPORT_
get /usr/ud/primac/rev11/base/REV11-PSS/D__SCREEN_ REV11-PSS\D__SCREEN_
get /usr/ud/primac/rev11/base/REV11-PSS/_SCREEN_ REV11-PSS\_SCREEN_
get /usr/ud/primac/rev11/base/REV11-PSS/D_MENUFILE REV11-PSS\D_MENUFILE
get /usr/ud/primac/rev11/base/REV11-PSS/MENUFILE REV11-PSS\MENUFILE
get /usr/ud/primac/rev11/base/REV11-PSS/D___V__VIEW REV11-PSS\D___V__VIEW
get /usr/ud/primac/rev11/base/REV11-PSS/__V__VIEW REV11-PSS\__V__VIEW
get /usr/ud/primac/rev11/base/REV11-PSS/D_tload.dir REV11-PSS\D_tload.dir
get /usr/ud/primac/rev11/base/REV11-PSS/_ED_ REV11-PSS\_ED_
get /usr/ud/primac/rev11/base/REV11-PSS/D__ED_ REV11-PSS\D__ED_
get /usr/ud/primac/rev11/base/REV11-PSS/CCTR.AVAIL REV11-PSS\CCTR.AVAIL
get /usr/ud/primac/rev11/base/REV11-PSS/D_CCTR.AVAIL REV11-PSS\D_CCTR.AVAIL
get /usr/ud/primac/rev11/base/REV11-PSS/CCTR.SCHED REV11-PSS\CCTR.SCHED
get /usr/ud/primac/rev11/base/REV11-PSS/D_AE_COMS REV11-PSS\D_AE_COMS
get /usr/ud/primac/rev11/base/REV11-PSS/AE_COMS REV11-PSS\AE_COMS
get /usr/ud/primac/rev11/base/REV11-PSS/D__PH_ REV11-PSS\D__PH_
get /usr/ud/primac/rev11/base/REV11-PSS/CCTR.SCHED.HIST REV11-PSS\CCTR.SCHED.HIST
get /usr/ud/primac/rev11/base/REV11-PSS/D_AE_SCRATCH REV11-PSS\D_AE_SCRATCH
get /usr/ud/primac/rev11/base/REV11-PSS/D_CCTR.SCHED REV11-PSS\D_CCTR.SCHED
get /usr/ud/primac/rev11/base/REV11-PSS/D_CCTR.SCHED.HIST REV11-PSS\D_CCTR.SCHED.HIST
get /usr/ud/primac/rev11/base/REV11-PSS/D_DL_ID REV11-PSS\D_DL_ID
get /usr/ud/primac/rev11/base/REV11-PSS/D_EXCEL-DISK REV11-PSS\D_EXCEL-DISK
get /usr/ud/primac/rev11/base/REV11-PSS/D_EXCEL.XFER REV11-PSS\D_EXCEL.XFER
get /usr/ud/primac/rev11/base/REV11-PSS/D_HOLIDAY.SCHED REV11-PSS\D_HOLIDAY.SCHED
get /usr/ud/primac/rev11/base/REV11-PSS/D_JOB.CRTL.DATE.EXC REV11-PSS\D_JOB.CRTL.DATE.EXC
get /usr/ud/primac/rev11/base/REV11-PSS/D_JOB.SCHED REV11-PSS\D_JOB.SCHED
get /usr/ud/primac/rev11/base/REV11-PSS/D_JOB.SCHED.REC.DUE REV11-PSS\D_JOB.SCHED.REC.DUE
get /usr/ud/primac/rev11/base/REV11-PSS/D_JOB.SCHED.TEMPLATE REV11-PSS\D_JOB.SCHED.TEMPLATE
get /usr/ud/primac/rev11/base/REV11-PSS/D_JOB.SCHED.TRANS REV11-PSS\D_JOB.SCHED.TRANS
get /usr/ud/primac/rev11/base/REV11-PSS/D_JOB.TRACK.ERR REV11-PSS\D_JOB.TRACK.ERR
get /usr/ud/primac/rev11/base/REV11-PSS/D_OVERDUE.JOB REV11-PSS\D_OVERDUE.JOB
get /usr/ud/primac/rev11/base/REV11-PSS/D_PEND.CCTR.SCHED REV11-PSS\D_PEND.CCTR.SCHED
get /usr/ud/primac/rev11/base/REV11-PSS/D_PEND.JOB.SCHED REV11-PSS\D_PEND.JOB.SCHED
get /usr/ud/primac/rev11/base/REV11-PSS/D_PSS.CONTROL REV11-PSS\D_PSS.CONTROL
get /usr/ud/primac/rev11/base/REV11-PSS/D_PSS.HIERARCHY REV11-PSS\D_PSS.HIERARCHY
get /usr/ud/primac/rev11/base/REV11-PSS/D_PSS.JOB.XREF REV11-PSS\D_PSS.JOB.XREF
get /usr/ud/primac/rev11/base/REV11-PSS/D_PSS.REPORTS REV11-PSS\D_PSS.REPORTS
get /usr/ud/primac/rev11/base/REV11-PSS/D_SCHEDULE REV11-PSS\D_SCHEDULE
get /usr/ud/primac/rev11/base/REV11-PSS/UDTLOG REV11-PSS\UDTLOG
get /usr/ud/primac/rev11/base/REV11-PSS/EXCEL-DISK REV11-PSS\EXCEL-DISK
get /usr/ud/primac/rev11/base/REV11-PSS/EXCEL.XFER REV11-PSS\EXCEL.XFER
get /usr/ud/primac/rev11/base/REV11-PSS/HOLIDAY.SCHED REV11-PSS\HOLIDAY.SCHED
get /usr/ud/primac/rev11/base/REV11-PSS/JOB.CRTL.DATE.EXC REV11-PSS\JOB.CRTL.DATE.EXC
get /usr/ud/primac/rev11/base/REV11-PSS/JOB.SCHED REV11-PSS\JOB.SCHED
get /usr/ud/primac/rev11/base/REV11-PSS/JOB.SCHED.REC.DUE REV11-PSS\JOB.SCHED.REC.DUE
get /usr/ud/primac/rev11/base/REV11-PSS/JOB.SCHED.TEMPLATE REV11-PSS\JOB.SCHED.TEMPLATE
get /usr/ud/primac/rev11/base/REV11-PSS/JOB.SCHED.TRANS REV11-PSS\JOB.SCHED.TRANS
get /usr/ud/primac/rev11/base/REV11-PSS/JOB.TRACK.ERR REV11-PSS\JOB.TRACK.ERR
get /usr/ud/primac/rev11/base/REV11-PSS/OVERDUE.JOB REV11-PSS\OVERDUE.JOB
get /usr/ud/primac/rev11/base/REV11-PSS/PEND.CCTR.SCHED REV11-PSS\PEND.CCTR.SCHED
get /usr/ud/primac/rev11/base/REV11-PSS/PEND.JOB.SCHED REV11-PSS\PEND.JOB.SCHED
get /usr/ud/primac/rev11/base/REV11-PSS/PSS.CONTROL REV11-PSS\PSS.CONTROL
get /usr/ud/primac/rev11/base/REV11-PSS/PSS.HIERARCHY REV11-PSS\PSS.HIERARCHY
get /usr/ud/primac/rev11/base/REV11-PSS/PSS.JOB.XREF REV11-PSS\PSS.JOB.XREF
get /usr/ud/primac/rev11/base/REV11-PSS/PSS.REPORTS REV11-PSS\PSS.REPORTS
get /usr/ud/primac/rev11/base/REV11-PSS/SCHEDULE REV11-PSS\SCHEDULE
get /usr/ud/primac/rev11/base/REV11-PSS/vocupgrade REV11-PSS\vocupgrade
get /usr/ud/primac/rev11/base/REV11-PSS/D_SAVEDLISTS REV11-PSS\D_SAVEDLISTS
get /usr/ud/primac/rev11/base/REV11-PSS/tload.dir/tloadmap REV11-PSS\tload.dir\tloadmap
get /usr/ud/primac/rev11/base/REV11-PSS/D_PSS.JOURNAL REV11-PSS\D_PSS.JOURNAL
get /usr/ud/primac/rev11/base/REV11-PSS/PSS.JOURNAL REV11-PSS\PSS.JOURNAL
get /usr/ud/primac/rev11/base/REV11-PSS/D_PSS.LOCK REV11-PSS\D_PSS.LOCK
get /usr/ud/primac/rev11/base/REV11-PSS/PSS.LOCK REV11-PSS\PSS.LOCK
get /usr/ud/primac/rev11/base/REV11-PSS/NTMIGRATE.LOC/tardir REV11-PSS\NTMIGRATE.LOC\tardir
get /usr/ud/primac/rev11/base/REV11-PSS/D_NTMIGRATE.LOC REV11-PSS\D_NTMIGRATE.LOC
get /usr/ud/primac/rev11/base/REV11-PSS/_HOLD_/UNIX_NT_SUMMARY REV11-PSS\_HOLD_\UNIX_NT_SUMMARY
get /usr/ud/primac/rev11/base/REV11-PSS/_HOLD_/UNIX_NT_WARNING REV11-PSS\_HOLD_\UNIX_NT_WARNING
get /usr/ud/primac/rev11/base/REV11-PSS/_HOLD_/UNIX_NT_CATASTROPHIC REV11-PSS\_HOLD_\UNIX_NT_CATASTROPHIC
!convcode REV11-PSS
!convdata -r REV11-PSS
