#unix acct name
#password
bin
!mkdir REV11-ARS
!mkdir REV11-ARS\_PH_
!mkdir REV11-ARS\NTMIGRATE.LOC
!mkdir REV11-ARS\tload.dir
!mkdir REV11-ARS\_HOLD_
!mkdir REV11-ARS\SAVEDLISTS
get /usr/ud/primac/rev11/base/REV11-ARS/VOC REV11-ARS\VOC
get /usr/ud/primac/rev11/base/REV11-ARS/D_VOC REV11-ARS\D_VOC
get /usr/ud/primac/rev11/base/REV11-ARS/D_SAVEDLISTS REV11-ARS\D_SAVEDLISTS
get /usr/ud/primac/rev11/base/REV11-ARS/D__HOLD_ REV11-ARS\D__HOLD_
get /usr/ud/primac/rev11/base/REV11-ARS/D__REPORT_ REV11-ARS\D__REPORT_
get /usr/ud/primac/rev11/base/REV11-ARS/_REPORT_ REV11-ARS\_REPORT_
get /usr/ud/primac/rev11/base/REV11-ARS/D__SCREEN_ REV11-ARS\D__SCREEN_
get /usr/ud/primac/rev11/base/REV11-ARS/_SCREEN_ REV11-ARS\_SCREEN_
get /usr/ud/primac/rev11/base/REV11-ARS/D_MENUFILE REV11-ARS\D_MENUFILE
get /usr/ud/primac/rev11/base/REV11-ARS/MENUFILE REV11-ARS\MENUFILE
get /usr/ud/primac/rev11/base/REV11-ARS/D___V__VIEW REV11-ARS\D___V__VIEW
get /usr/ud/primac/rev11/base/REV11-ARS/__V__VIEW REV11-ARS\__V__VIEW
get /usr/ud/primac/rev11/base/REV11-ARS/D_AE_COMS REV11-ARS\D_AE_COMS
get /usr/ud/primac/rev11/base/REV11-ARS/AE_COMS REV11-ARS\AE_COMS
get /usr/ud/primac/rev11/base/REV11-ARS/D_tload.dir REV11-ARS\D_tload.dir
get /usr/ud/primac/rev11/base/REV11-ARS/_ED_ REV11-ARS\_ED_
get /usr/ud/primac/rev11/base/REV11-ARS/D__ED_ REV11-ARS\D__ED_
get /usr/ud/primac/rev11/base/REV11-ARS/COA.LIST.PROC REV11-ARS\COA.LIST.PROC
get /usr/ud/primac/rev11/base/REV11-ARS/DAILY.CASH.TAG REV11-ARS\DAILY.CASH.TAG
get /usr/ud/primac/rev11/base/REV11-ARS/CASH.HIST REV11-ARS\CASH.HIST
get /usr/ud/primac/rev11/base/REV11-ARS/D_DL_ID REV11-ARS\D_DL_ID
get /usr/ud/primac/rev11/base/REV11-ARS/D_NTMIGRATE.LOC REV11-ARS\D_NTMIGRATE.LOC
get /usr/ud/primac/rev11/base/REV11-ARS/D_savelist.map REV11-ARS\D_savelist.map
get /usr/ud/primac/rev11/base/REV11-ARS/D_INV.REG.TEMP REV11-ARS\D_INV.REG.TEMP
get /usr/ud/primac/rev11/base/REV11-ARS/D_CASH.HIST REV11-ARS\D_CASH.HIST
get /usr/ud/primac/rev11/base/REV11-ARS/CHECK.XREF REV11-ARS\CHECK.XREF
get /usr/ud/primac/rev11/base/REV11-ARS/D_CHECK.XREF REV11-ARS\D_CHECK.XREF
get /usr/ud/primac/rev11/base/REV11-ARS/DAILY.CASH REV11-ARS\DAILY.CASH
get /usr/ud/primac/rev11/base/REV11-ARS/D_DAILY.CASH REV11-ARS\D_DAILY.CASH
get /usr/ud/primac/rev11/base/REV11-ARS/D_DAILY.MANUAL.INVOICE REV11-ARS\D_DAILY.MANUAL.INVOICE
get /usr/ud/primac/rev11/base/REV11-ARS/D_MANUAL.INVOICE REV11-ARS\D_MANUAL.INVOICE
get /usr/ud/primac/rev11/base/REV11-ARS/D_MANUAL.INVOICE.TAG REV11-ARS\D_MANUAL.INVOICE.TAG
get /usr/ud/primac/rev11/base/REV11-ARS/MANUAL.INVOICE.TAG REV11-ARS\MANUAL.INVOICE.TAG
get /usr/ud/primac/rev11/base/REV11-ARS/OPEN.RECV REV11-ARS\OPEN.RECV
get /usr/ud/primac/rev11/base/REV11-ARS/D_OPEN.RECV REV11-ARS\D_OPEN.RECV
get /usr/ud/primac/rev11/base/REV11-ARS/savelist.map REV11-ARS\savelist.map
get /usr/ud/primac/rev11/base/REV11-ARS/UDTLOG REV11-ARS\UDTLOG
get /usr/ud/primac/rev11/base/REV11-ARS/&USERTYPE& REV11-ARS\&USERTYPE&
get /usr/ud/primac/rev11/base/REV11-ARS/&USERTYPE&jr REV11-ARS\&USERTYPE&jr
get /usr/ud/primac/rev11/base/REV11-ARS/GUIDE_STATS.LIS_020698 REV11-ARS\GUIDE_STATS.LIS_020698
get /usr/ud/primac/rev11/base/REV11-ARS/D__PH_ REV11-ARS\D__PH_
get /usr/ud/primac/rev11/base/REV11-ARS/&USERTYPE&dlg REV11-ARS\&USERTYPE&dlg
get /usr/ud/primac/rev11/base/REV11-ARS/vocupgrade REV11-ARS\vocupgrade
get /usr/ud/primac/rev11/base/REV11-ARS/D_DAILY.CASH.TAG REV11-ARS\D_DAILY.CASH.TAG
get /usr/ud/primac/rev11/base/REV11-ARS/QFILE REV11-ARS\QFILE
get /usr/ud/primac/rev11/base/REV11-ARS/DAILY.MANUAL.INVOICE REV11-ARS\DAILY.MANUAL.INVOICE
get /usr/ud/primac/rev11/base/REV11-ARS/INV.REG.TEMP REV11-ARS\INV.REG.TEMP
get /usr/ud/primac/rev11/base/REV11-ARS/MANUAL.INVOICE REV11-ARS\MANUAL.INVOICE
get /usr/ud/primac/rev11/base/REV11-ARS/D_SALES.JOURNAL.TEMP REV11-ARS\D_SALES.JOURNAL.TEMP
get /usr/ud/primac/rev11/base/REV11-ARS/SALES.JOURNAL.TEMP REV11-ARS\SALES.JOURNAL.TEMP
get /usr/ud/primac/rev11/base/REV11-ARS/D_AE_SCRATCH REV11-ARS\D_AE_SCRATCH
get /usr/ud/primac/rev11/base/REV11-ARS/GUIDE_ERRORS.LIS_020698 REV11-ARS\GUIDE_ERRORS.LIS_020698
get /usr/ud/primac/rev11/base/REV11-ARS/GUIDE_ADVICE.LIS_020698 REV11-ARS\GUIDE_ADVICE.LIS_020698
get /usr/ud/primac/rev11/base/REV11-ARS/GUIDE_STATS.LIS_020698_E REV11-ARS\GUIDE_STATS.LIS_020698_E
get /usr/ud/primac/rev11/base/REV11-ARS/D_ARC.EOM.TRANS004 REV11-ARS\D_ARC.EOM.TRANS004
get /usr/ud/primac/rev11/base/REV11-ARS/ARC.EOM.TRANS004 REV11-ARS\ARC.EOM.TRANS004
get /usr/ud/primac/rev11/base/REV11-ARS/D_ARC.POST.REJECTS004 REV11-ARS\D_ARC.POST.REJECTS004
get /usr/ud/primac/rev11/base/REV11-ARS/ARC.POST.REJECTS004 REV11-ARS\ARC.POST.REJECTS004
get /usr/ud/primac/rev11/base/REV11-ARS/GUIDE_ERRORS.LIS REV11-ARS\GUIDE_ERRORS.LIS
get /usr/ud/primac/rev11/base/REV11-ARS/GUIDE_ERRORS.LIS_020698_A REV11-ARS\GUIDE_ERRORS.LIS_020698_A
get /usr/ud/primac/rev11/base/REV11-ARS/GUIDE_STATS.LIS_020698_A REV11-ARS\GUIDE_STATS.LIS_020698_A
get /usr/ud/primac/rev11/base/REV11-ARS/GUIDE_STATS.LIS REV11-ARS\GUIDE_STATS.LIS
get /usr/ud/primac/rev11/base/REV11-ARS/GUIDE_ADVICE.LIS_020698_A REV11-ARS\GUIDE_ADVICE.LIS_020698_A
get /usr/ud/primac/rev11/base/REV11-ARS/GUIDE_ERRORS.LIS_020698_B REV11-ARS\GUIDE_ERRORS.LIS_020698_B
get /usr/ud/primac/rev11/base/REV11-ARS/GUIDE_STATS.LIS_020698_B REV11-ARS\GUIDE_STATS.LIS_020698_B
get /usr/ud/primac/rev11/base/REV11-ARS/GUIDE_ADVICE.LIS_020698_B REV11-ARS\GUIDE_ADVICE.LIS_020698_B
get /usr/ud/primac/rev11/base/REV11-ARS/GUIDE_ERRORS.LIS_020698_C REV11-ARS\GUIDE_ERRORS.LIS_020698_C
get /usr/ud/primac/rev11/base/REV11-ARS/GUIDE_STATS.LIS_020698_C REV11-ARS\GUIDE_STATS.LIS_020698_C
get /usr/ud/primac/rev11/base/REV11-ARS/GUIDE_ADVICE.LIS_020698_C REV11-ARS\GUIDE_ADVICE.LIS_020698_C
get /usr/ud/primac/rev11/base/REV11-ARS/GUIDE_ERRORS.LIS_020698_D REV11-ARS\GUIDE_ERRORS.LIS_020698_D
get /usr/ud/primac/rev11/base/REV11-ARS/GUIDE_STATS.LIS_020698_D REV11-ARS\GUIDE_STATS.LIS_020698_D
get /usr/ud/primac/rev11/base/REV11-ARS/GUIDE_ADVICE.LIS_020698_D REV11-ARS\GUIDE_ADVICE.LIS_020698_D
get /usr/ud/primac/rev11/base/REV11-ARS/GUIDE_ERRORS.LIS_020698_E REV11-ARS\GUIDE_ERRORS.LIS_020698_E
get /usr/ud/primac/rev11/base/REV11-ARS/GUIDE_ADVICE.LIS_020698_N REV11-ARS\GUIDE_ADVICE.LIS_020698_N
get /usr/ud/primac/rev11/base/REV11-ARS/GUIDE_ADVICE.LIS_020698_E REV11-ARS\GUIDE_ADVICE.LIS_020698_E
get /usr/ud/primac/rev11/base/REV11-ARS/GUIDE_ERRORS.LIS_020698_F REV11-ARS\GUIDE_ERRORS.LIS_020698_F
get /usr/ud/primac/rev11/base/REV11-ARS/GUIDE_STATS.LIS_020698_F REV11-ARS\GUIDE_STATS.LIS_020698_F
get /usr/ud/primac/rev11/base/REV11-ARS/GUIDE_ADVICE.LIS_020698_F REV11-ARS\GUIDE_ADVICE.LIS_020698_F
get /usr/ud/primac/rev11/base/REV11-ARS/GUIDE_ERRORS.LIS_020698_G REV11-ARS\GUIDE_ERRORS.LIS_020698_G
get /usr/ud/primac/rev11/base/REV11-ARS/GUIDE_STATS.LIS_020698_G REV11-ARS\GUIDE_STATS.LIS_020698_G
get /usr/ud/primac/rev11/base/REV11-ARS/GUIDE_ADVICE.LIS_020698_G REV11-ARS\GUIDE_ADVICE.LIS_020698_G
get /usr/ud/primac/rev11/base/REV11-ARS/GUIDE_ERRORS.LIS_020698_H REV11-ARS\GUIDE_ERRORS.LIS_020698_H
get /usr/ud/primac/rev11/base/REV11-ARS/GUIDE_STATS.LIS_020698_H REV11-ARS\GUIDE_STATS.LIS_020698_H
get /usr/ud/primac/rev11/base/REV11-ARS/GUIDE_ADVICE.LIS_020698_H REV11-ARS\GUIDE_ADVICE.LIS_020698_H
get /usr/ud/primac/rev11/base/REV11-ARS/GUIDE_ERRORS.LIS_020698_I REV11-ARS\GUIDE_ERRORS.LIS_020698_I
get /usr/ud/primac/rev11/base/REV11-ARS/GUIDE_STATS.LIS_020698_I REV11-ARS\GUIDE_STATS.LIS_020698_I
get /usr/ud/primac/rev11/base/REV11-ARS/GUIDE_ADVICE.LIS_020698_I REV11-ARS\GUIDE_ADVICE.LIS_020698_I
get /usr/ud/primac/rev11/base/REV11-ARS/GUIDE_ERRORS.LIS_020698_J REV11-ARS\GUIDE_ERRORS.LIS_020698_J
get /usr/ud/primac/rev11/base/REV11-ARS/GUIDE_STATS.LIS_020698_J REV11-ARS\GUIDE_STATS.LIS_020698_J
get /usr/ud/primac/rev11/base/REV11-ARS/GUIDE_ADVICE.LIS_020698_J REV11-ARS\GUIDE_ADVICE.LIS_020698_J
get /usr/ud/primac/rev11/base/REV11-ARS/GUIDE_ERRORS.LIS_020698_K REV11-ARS\GUIDE_ERRORS.LIS_020698_K
get /usr/ud/primac/rev11/base/REV11-ARS/GUIDE_STATS.LIS_020698_K REV11-ARS\GUIDE_STATS.LIS_020698_K
get /usr/ud/primac/rev11/base/REV11-ARS/GUIDE_ADVICE.LIS_020698_K REV11-ARS\GUIDE_ADVICE.LIS_020698_K
get /usr/ud/primac/rev11/base/REV11-ARS/GUIDE_ERRORS.LIS_020698_L REV11-ARS\GUIDE_ERRORS.LIS_020698_L
get /usr/ud/primac/rev11/base/REV11-ARS/GUIDE_STATS.LIS_020698_L REV11-ARS\GUIDE_STATS.LIS_020698_L
get /usr/ud/primac/rev11/base/REV11-ARS/GUIDE_ADVICE.LIS_020698_L REV11-ARS\GUIDE_ADVICE.LIS_020698_L
get /usr/ud/primac/rev11/base/REV11-ARS/GUIDE_ERRORS.LIS_020698_M REV11-ARS\GUIDE_ERRORS.LIS_020698_M
get /usr/ud/primac/rev11/base/REV11-ARS/GUIDE_STATS.LIS_020698_M REV11-ARS\GUIDE_STATS.LIS_020698_M
get /usr/ud/primac/rev11/base/REV11-ARS/GUIDE_ADVICE.LIS_020698_M REV11-ARS\GUIDE_ADVICE.LIS_020698_M
get /usr/ud/primac/rev11/base/REV11-ARS/GUIDE_ERRORS.LIS_020698_N REV11-ARS\GUIDE_ERRORS.LIS_020698_N
get /usr/ud/primac/rev11/base/REV11-ARS/GUIDE_STATS.LIS_020698_N REV11-ARS\GUIDE_STATS.LIS_020698_N
get /usr/ud/primac/rev11/base/REV11-ARS/GUIDE_ADVICE.LIS REV11-ARS\GUIDE_ADVICE.LIS
get /usr/ud/primac/rev11/base/REV11-ARS/GUIDE_ERRORS.LIS_020698_O REV11-ARS\GUIDE_ERRORS.LIS_020698_O
get /usr/ud/primac/rev11/base/REV11-ARS/GUIDE_STATS.LIS_020698_O REV11-ARS\GUIDE_STATS.LIS_020698_O
get /usr/ud/primac/rev11/base/REV11-ARS/GUIDE_ADVICE.LIS_020698_O REV11-ARS\GUIDE_ADVICE.LIS_020698_O
get /usr/ud/primac/rev11/base/REV11-ARS/GUIDE_ERRORS.LIS_020698_P REV11-ARS\GUIDE_ERRORS.LIS_020698_P
get /usr/ud/primac/rev11/base/REV11-ARS/GUIDE_STATS.LIS_020698_P REV11-ARS\GUIDE_STATS.LIS_020698_P
get /usr/ud/primac/rev11/base/REV11-ARS/GUIDE_ADVICE.LIS_020698_P REV11-ARS\GUIDE_ADVICE.LIS_020698_P
get /usr/ud/primac/rev11/base/REV11-ARS/GUIDE_ERRORS.LIS_020698_Q REV11-ARS\GUIDE_ERRORS.LIS_020698_Q
get /usr/ud/primac/rev11/base/REV11-ARS/GUIDE_STATS.LIS_020698_Q REV11-ARS\GUIDE_STATS.LIS_020698_Q
get /usr/ud/primac/rev11/base/REV11-ARS/GUIDE_ADVICE.LIS_020698_Q REV11-ARS\GUIDE_ADVICE.LIS_020698_Q
get /usr/ud/primac/rev11/base/REV11-ARS/GUIDE_ERRORS.LIS_020698_R REV11-ARS\GUIDE_ERRORS.LIS_020698_R
get /usr/ud/primac/rev11/base/REV11-ARS/GUIDE_STATS.LIS_020698_R REV11-ARS\GUIDE_STATS.LIS_020698_R
get /usr/ud/primac/rev11/base/REV11-ARS/GUIDE_ADVICE.LIS_020698_R REV11-ARS\GUIDE_ADVICE.LIS_020698_R
get /usr/ud/primac/rev11/base/REV11-ARS/GUIDE_ERRORS.LIS_020698_S REV11-ARS\GUIDE_ERRORS.LIS_020698_S
get /usr/ud/primac/rev11/base/REV11-ARS/GUIDE_STATS.LIS_020698_S REV11-ARS\GUIDE_STATS.LIS_020698_S
get /usr/ud/primac/rev11/base/REV11-ARS/GUIDE_ADVICE.LIS_020698_S REV11-ARS\GUIDE_ADVICE.LIS_020698_S
get /usr/ud/primac/rev11/base/REV11-ARS/GUIDE_ERRORS.LIS_020698_T REV11-ARS\GUIDE_ERRORS.LIS_020698_T
get /usr/ud/primac/rev11/base/REV11-ARS/GUIDE_STATS.LIS_020698_T REV11-ARS\GUIDE_STATS.LIS_020698_T
get /usr/ud/primac/rev11/base/REV11-ARS/GUIDE_ADVICE.LIS_020698_T REV11-ARS\GUIDE_ADVICE.LIS_020698_T
get /usr/ud/primac/rev11/base/REV11-ARS/GUIDE_ERRORS.LIS_020698_U REV11-ARS\GUIDE_ERRORS.LIS_020698_U
get /usr/ud/primac/rev11/base/REV11-ARS/GUIDE_STATS.LIS_020698_U REV11-ARS\GUIDE_STATS.LIS_020698_U
get /usr/ud/primac/rev11/base/REV11-ARS/GUIDE_ADVICE.LIS_020698_U REV11-ARS\GUIDE_ADVICE.LIS_020698_U
get /usr/ud/primac/rev11/base/REV11-ARS/GUIDE_ERRORS.LIS_020698_V REV11-ARS\GUIDE_ERRORS.LIS_020698_V
get /usr/ud/primac/rev11/base/REV11-ARS/GUIDE_STATS.LIS_020698_V REV11-ARS\GUIDE_STATS.LIS_020698_V
get /usr/ud/primac/rev11/base/REV11-ARS/GUIDE_ADVICE.LIS_020698_V REV11-ARS\GUIDE_ADVICE.LIS_020698_V
get /usr/ud/primac/rev11/base/REV11-ARS/GUIDE_ERRORS.LIS_020698_W REV11-ARS\GUIDE_ERRORS.LIS_020698_W
get /usr/ud/primac/rev11/base/REV11-ARS/GUIDE_STATS.LIS_020698_W REV11-ARS\GUIDE_STATS.LIS_020698_W
get /usr/ud/primac/rev11/base/REV11-ARS/GUIDE_ADVICE.LIS_020698_W REV11-ARS\GUIDE_ADVICE.LIS_020698_W
get /usr/ud/primac/rev11/base/REV11-ARS/GUIDE_ERRORS.LIS_020698_X REV11-ARS\GUIDE_ERRORS.LIS_020698_X
get /usr/ud/primac/rev11/base/REV11-ARS/GUIDE_STATS.LIS_020698_X REV11-ARS\GUIDE_STATS.LIS_020698_X
get /usr/ud/primac/rev11/base/REV11-ARS/GUIDE_ADVICE.LIS_020698_X REV11-ARS\GUIDE_ADVICE.LIS_020698_X
get /usr/ud/primac/rev11/base/REV11-ARS/GUIDE_ERRORS.LIS_020698_Y REV11-ARS\GUIDE_ERRORS.LIS_020698_Y
get /usr/ud/primac/rev11/base/REV11-ARS/GUIDE_STATS.LIS_020698_Y REV11-ARS\GUIDE_STATS.LIS_020698_Y
get /usr/ud/primac/rev11/base/REV11-ARS/GUIDE_ADVICE.LIS_020698_Y REV11-ARS\GUIDE_ADVICE.LIS_020698_Y
get /usr/ud/primac/rev11/base/REV11-ARS/GUIDE_ERRORS.LIS_020698_Z REV11-ARS\GUIDE_ERRORS.LIS_020698_Z
get /usr/ud/primac/rev11/base/REV11-ARS/GUIDE_STATS.LIS_020698_Z REV11-ARS\GUIDE_STATS.LIS_020698_Z
get /usr/ud/primac/rev11/base/REV11-ARS/GUIDE_ADVICE.LIS_020698_Z REV11-ARS\GUIDE_ADVICE.LIS_020698_Z
get /usr/ud/primac/rev11/base/REV11-ARS/NTMIGRATE.LOC/tardir REV11-ARS\NTMIGRATE.LOC\tardir
get /usr/ud/primac/rev11/base/REV11-ARS/NTMIGRATE.LOC/tarhash REV11-ARS\NTMIGRATE.LOC\tarhash
get /usr/ud/primac/rev11/base/REV11-ARS/tload.dir/tloadmap REV11-ARS\tload.dir\tloadmap
get /usr/ud/primac/rev11/base/REV11-ARS/_HOLD_/UNIX_NT_SUMMARY REV11-ARS\_HOLD_\UNIX_NT_SUMMARY
get /usr/ud/primac/rev11/base/REV11-ARS/_HOLD_/UNIX_NT_WARNING REV11-ARS\_HOLD_\UNIX_NT_WARNING
get /usr/ud/primac/rev11/base/REV11-ARS/_HOLD_/UNIX_NT_CATASTROPHIC REV11-ARS\_HOLD_\UNIX_NT_CATASTROPHIC
!convcode REV11-ARS
!convdata -r REV11-ARS
