#unix acct name
#password
bin
!mkdir REV11-OPS
!mkdir REV11-OPS\NTMIGRATE.LOC
!mkdir REV11-OPS\_PH_
!mkdir REV11-OPS\SAVEDLISTS
!mkdir REV11-OPS\_HOLD_
get /usr/ud/primac/rev11/base/REV11-OPS/VOC REV11-OPS\VOC
get /usr/ud/primac/rev11/base/REV11-OPS/D_VOC REV11-OPS\D_VOC
get /usr/ud/primac/rev11/base/REV11-OPS/D_SAVEDLISTS REV11-OPS\D_SAVEDLISTS
get /usr/ud/primac/rev11/base/REV11-OPS/D__PH_ REV11-OPS\D__PH_
get /usr/ud/primac/rev11/base/REV11-OPS/D_BP REV11-OPS\D_BP
get /usr/ud/primac/rev11/base/REV11-OPS/D_CTLG REV11-OPS\D_CTLG
get /usr/ud/primac/rev11/base/REV11-OPS/D__REPORT_ REV11-OPS\D__REPORT_
get /usr/ud/primac/rev11/base/REV11-OPS/_REPORT_ REV11-OPS\_REPORT_
get /usr/ud/primac/rev11/base/REV11-OPS/D__SCREEN_ REV11-OPS\D__SCREEN_
get /usr/ud/primac/rev11/base/REV11-OPS/_SCREEN_ REV11-OPS\_SCREEN_
get /usr/ud/primac/rev11/base/REV11-OPS/D_MENUFILE REV11-OPS\D_MENUFILE
get /usr/ud/primac/rev11/base/REV11-OPS/MENUFILE REV11-OPS\MENUFILE
get /usr/ud/primac/rev11/base/REV11-OPS/D___V__VIEW REV11-OPS\D___V__VIEW
get /usr/ud/primac/rev11/base/REV11-OPS/__V__VIEW REV11-OPS\__V__VIEW
get /usr/ud/primac/rev11/base/REV11-OPS/D_PALLET_TAG REV11-OPS\D_PALLET_TAG
get /usr/ud/primac/rev11/base/REV11-OPS/D_ORDER REV11-OPS\D_ORDER
get /usr/ud/primac/rev11/base/REV11-OPS/ORDER REV11-OPS\ORDER
get /usr/ud/primac/rev11/base/REV11-OPS/PALLET REV11-OPS\PALLET
get /usr/ud/primac/rev11/base/REV11-OPS/D_ORDER.DETAIL REV11-OPS\D_ORDER.DETAIL
get /usr/ud/primac/rev11/base/REV11-OPS/ORDER.DETAIL REV11-OPS\ORDER.DETAIL
get /usr/ud/primac/rev11/base/REV11-OPS/D_ORDER.RELEASE REV11-OPS\D_ORDER.RELEASE
get /usr/ud/primac/rev11/base/REV11-OPS/D_BOL_TAG REV11-OPS\D_BOL_TAG
get /usr/ud/primac/rev11/base/REV11-OPS/ORDER.RELEASE REV11-OPS\ORDER.RELEASE
get /usr/ud/primac/rev11/base/REV11-OPS/D_BOL REV11-OPS\D_BOL
get /usr/ud/primac/rev11/base/REV11-OPS/D_PICK.TICKET REV11-OPS\D_PICK.TICKET
get /usr/ud/primac/rev11/base/REV11-OPS/PICK.TICKET REV11-OPS\PICK.TICKET
get /usr/ud/primac/rev11/base/REV11-OPS/D_DAILY.ORDER.SHIP REV11-OPS\D_DAILY.ORDER.SHIP
get /usr/ud/primac/rev11/base/REV11-OPS/DAILY.ORDER.SHIP REV11-OPS\DAILY.ORDER.SHIP
get /usr/ud/primac/rev11/base/REV11-OPS/D_FNGD.RECEIPT.HIST REV11-OPS\D_FNGD.RECEIPT.HIST
get /usr/ud/primac/rev11/base/REV11-OPS/vocupgrade REV11-OPS\vocupgrade
get /usr/ud/primac/rev11/base/REV11-OPS/D_PICK.TICKET.PRT REV11-OPS\D_PICK.TICKET.PRT
get /usr/ud/primac/rev11/base/REV11-OPS/PICK.TICKET.PRT REV11-OPS\PICK.TICKET.PRT
get /usr/ud/primac/rev11/base/REV11-OPS/D_DAILY.PALLET REV11-OPS\D_DAILY.PALLET
get /usr/ud/primac/rev11/base/REV11-OPS/DAILY.PALLET REV11-OPS\DAILY.PALLET
get /usr/ud/primac/rev11/base/REV11-OPS/D_PALLET REV11-OPS\D_PALLET
get /usr/ud/primac/rev11/base/REV11-OPS/BOL REV11-OPS\BOL
get /usr/ud/primac/rev11/base/REV11-OPS/D_DAILY.BOL REV11-OPS\D_DAILY.BOL
get /usr/ud/primac/rev11/base/REV11-OPS/DAILY.BOL REV11-OPS\DAILY.BOL
get /usr/ud/primac/rev11/base/REV11-OPS/D_DAILY.ORD.SHIP.DET REV11-OPS\D_DAILY.ORD.SHIP.DET
get /usr/ud/primac/rev11/base/REV11-OPS/DAILY.ORD.SHIP.DET REV11-OPS\DAILY.ORD.SHIP.DET
get /usr/ud/primac/rev11/base/REV11-OPS/D_TEMP REV11-OPS\D_TEMP
get /usr/ud/primac/rev11/base/REV11-OPS/D_ORDER.INVOICE REV11-OPS\D_ORDER.INVOICE
get /usr/ud/primac/rev11/base/REV11-OPS/ORDER.INVOICE REV11-OPS\ORDER.INVOICE
get /usr/ud/primac/rev11/base/REV11-OPS/D_FNGD.WIP.HIST REV11-OPS\D_FNGD.WIP.HIST
get /usr/ud/primac/rev11/base/REV11-OPS/D_DAILY.ORDER.INVOICE REV11-OPS\D_DAILY.ORDER.INVOICE
get /usr/ud/primac/rev11/base/REV11-OPS/ZZZ REV11-OPS\ZZZ
get /usr/ud/primac/rev11/base/REV11-OPS/DAILY.ORDER.INVOICE REV11-OPS\DAILY.ORDER.INVOICE
get /usr/ud/primac/rev11/base/REV11-OPS/D__HOLD_ REV11-OPS\D__HOLD_
get /usr/ud/primac/rev11/base/REV11-OPS/D_AE_SCRATCH REV11-OPS\D_AE_SCRATCH
get /usr/ud/primac/rev11/base/REV11-OPS/D_SAVE.PKT REV11-OPS\D_SAVE.PKT
get /usr/ud/primac/rev11/base/REV11-OPS/SAVE.PKT REV11-OPS\SAVE.PKT
get /usr/ud/primac/rev11/base/REV11-OPS/D_ITEM.MASTER REV11-OPS\D_ITEM.MASTER
get /usr/ud/primac/rev11/base/REV11-OPS/ITEM.MASTER REV11-OPS\ITEM.MASTER
get /usr/ud/primac/rev11/base/REV11-OPS/D_ITEM.MASTER.SS REV11-OPS\D_ITEM.MASTER.SS
get /usr/ud/primac/rev11/base/REV11-OPS/ITEM.MASTER.SS REV11-OPS\ITEM.MASTER.SS
get /usr/ud/primac/rev11/base/REV11-OPS/D_ITEM.MASTER.SS.DIE REV11-OPS\D_ITEM.MASTER.SS.DIE
get /usr/ud/primac/rev11/base/REV11-OPS/ITEM.MASTER.SS.DIE REV11-OPS\ITEM.MASTER.SS.DIE
get /usr/ud/primac/rev11/base/REV11-OPS/D_JOB.JACK REV11-OPS\D_JOB.JACK
get /usr/ud/primac/rev11/base/REV11-OPS/JOB.JACK REV11-OPS\JOB.JACK
get /usr/ud/primac/rev11/base/REV11-OPS/D_OPEN.ITEM.AUDIT REV11-OPS\D_OPEN.ITEM.AUDIT
get /usr/ud/primac/rev11/base/REV11-OPS/OPEN.ITEM.AUDIT REV11-OPS\OPEN.ITEM.AUDIT
get /usr/ud/primac/rev11/base/REV11-OPS/D_ORDER.JOB REV11-OPS\D_ORDER.JOB
get /usr/ud/primac/rev11/base/REV11-OPS/D_OPEN.ITEM.MASTER REV11-OPS\D_OPEN.ITEM.MASTER
get /usr/ud/primac/rev11/base/REV11-OPS/OPEN.ITEM.MASTER REV11-OPS\OPEN.ITEM.MASTER
get /usr/ud/primac/rev11/base/REV11-OPS/TEMP REV11-OPS\TEMP
get /usr/ud/primac/rev11/base/REV11-OPS/D_ORD.SHIP.DET.HIST REV11-OPS\D_ORD.SHIP.DET.HIST
get /usr/ud/primac/rev11/base/REV11-OPS/ORD.SHIP.DET.HIST REV11-OPS\ORD.SHIP.DET.HIST
get /usr/ud/primac/rev11/base/REV11-OPS/ORDER.JOB REV11-OPS\ORDER.JOB
get /usr/ud/primac/rev11/base/REV11-OPS/D_ORDER.SHIP.HIST REV11-OPS\D_ORDER.SHIP.HIST
get /usr/ud/primac/rev11/base/REV11-OPS/ORDER.SHIP.HIST REV11-OPS\ORDER.SHIP.HIST
get /usr/ud/primac/rev11/base/REV11-OPS/D_SPEC.INSTR REV11-OPS\D_SPEC.INSTR
get /usr/ud/primac/rev11/base/REV11-OPS/SPEC.INSTR REV11-OPS\SPEC.INSTR
get /usr/ud/primac/rev11/base/REV11-OPS/D_CUST.PROD.STATS REV11-OPS\D_CUST.PROD.STATS
get /usr/ud/primac/rev11/base/REV11-OPS/CUST.PROD.STATS REV11-OPS\CUST.PROD.STATS
get /usr/ud/primac/rev11/base/REV11-OPS/FNGD.WIP.HIST REV11-OPS\FNGD.WIP.HIST
get /usr/ud/primac/rev11/base/REV11-OPS/D_CARTON REV11-OPS\D_CARTON
get /usr/ud/primac/rev11/base/REV11-OPS/CARTON REV11-OPS\CARTON
get /usr/ud/primac/rev11/base/REV11-OPS/NTMIGRATE.LOC/tardir REV11-OPS\NTMIGRATE.LOC\tardir
get /usr/ud/primac/rev11/base/REV11-OPS/D_NTMIGRATE.LOC REV11-OPS\D_NTMIGRATE.LOC
get /usr/ud/primac/rev11/base/REV11-OPS/PALLET_TAG REV11-OPS\PALLET_TAG
get /usr/ud/primac/rev11/base/REV11-OPS/D_FNGD_WIP_HIST_TAG REV11-OPS\D_FNGD_WIP_HIST_TAG
get /usr/ud/primac/rev11/base/REV11-OPS/FNGD_WIP_HIST_TAG REV11-OPS\FNGD_WIP_HIST_TAG
get /usr/ud/primac/rev11/base/REV11-OPS/D_CREDIT_STATS REV11-OPS\D_CREDIT_STATS
get /usr/ud/primac/rev11/base/REV11-OPS/CREDIT_STATS REV11-OPS\CREDIT_STATS
get /usr/ud/primac/rev11/base/REV11-OPS/BOL_TAG REV11-OPS\BOL_TAG
get /usr/ud/primac/rev11/base/REV11-OPS/D_FNGD_RECEIPT_HIST_TAG REV11-OPS\D_FNGD_RECEIPT_HIST_TAG
get /usr/ud/primac/rev11/base/REV11-OPS/FNGD_RECEIPT_HIST_TAG REV11-OPS\FNGD_RECEIPT_HIST_TAG
get /usr/ud/primac/rev11/base/REV11-OPS/D_ORDER_INVOICE_TAG REV11-OPS\D_ORDER_INVOICE_TAG
get /usr/ud/primac/rev11/base/REV11-OPS/ORDER_INVOICE_TAG REV11-OPS\ORDER_INVOICE_TAG
get /usr/ud/primac/rev11/base/REV11-OPS/D_VOID_INVOICES REV11-OPS\D_VOID_INVOICES
get /usr/ud/primac/rev11/base/REV11-OPS/VOID_INVOICES REV11-OPS\VOID_INVOICES
get /usr/ud/primac/rev11/base/REV11-OPS/D_DAILY.FNGD.RECEIPT REV11-OPS\D_DAILY.FNGD.RECEIPT
get /usr/ud/primac/rev11/base/REV11-OPS/DAILY.FNGD.RECEIPT REV11-OPS\DAILY.FNGD.RECEIPT
get /usr/ud/primac/rev11/base/REV11-OPS/FNGD.RECEIPT.HIST REV11-OPS\FNGD.RECEIPT.HIST
get /usr/ud/primac/rev11/base/REV11-OPS/D_PEND.SHIP.RPT REV11-OPS\D_PEND.SHIP.RPT
get /usr/ud/primac/rev11/base/REV11-OPS/_HOLD_/P_0000 REV11-OPS\_HOLD_\P_0000
get /usr/ud/primac/rev11/base/REV11-OPS/_HOLD_/UNIX_NT_SUMMARY REV11-OPS\_HOLD_\UNIX_NT_SUMMARY
get /usr/ud/primac/rev11/base/REV11-OPS/_HOLD_/UNIX_NT_WARNING REV11-OPS\_HOLD_\UNIX_NT_WARNING
get /usr/ud/primac/rev11/base/REV11-OPS/_HOLD_/UNIX_NT_CATASTROPHIC REV11-OPS\_HOLD_\UNIX_NT_CATASTROPHIC
!convcode REV11-OPS
!convdata -r REV11-OPS
