
VEND.PROD.STATS
  Basic statistics:
    File type............................... Static Hashing
    File size............................... 487424
    File modulo............................. 43
    File hash type.......................... 0
    File block size......................... 1024
  Group count:
    Number of level 1 overflow groups....... 270
    Primary groups in level 1 overflow...... 43
    Number of level 2 overflow groups....... 118
    Primary groups in level 2 overflow...... 43
    Free blocks in group headers............ 44
  Record count:
    Total number of records................. 3607
    Average number of records per group..... 83.88
    Standard deviation from average......... 9.41
  Record length:
    Average record length................... 47.34
    Standard deviation from average......... 31.46
  Key length:
    Average key length...................... 27.22
    Standard deviation from average......... 4.04
  Data size:
    Average data size....................... 84.56
    Standard deviation from average......... 32.20
    Total data size......................... 305019
  Predicted optimal size:
    Records per block....................... 10
    Percentage of near term growth.......... 10
    Scalar applied to calculation........... 0.80
    Block size.............................. 2048
    Modulo.................................. 223


Files processed:    1
Errors encountered: 0
