#unix acct name
#password
bin
!mkdir REV11-POS
!mkdir REV11-POS\_PH_
!mkdir REV11-POS\SAVEDLISTS
!mkdir REV11-POS\tload.dir
!mkdir REV11-POS\_HOLD_
!mkdir REV11-POS\NTMIGRATE.LOC
get /usr/ud/primac/rev11/base/REV11-POS/VOC REV11-POS\VOC
get /usr/ud/primac/rev11/base/REV11-POS/D_VOC REV11-POS\D_VOC
get /usr/ud/primac/rev11/base/REV11-POS/D_SAVEDLISTS REV11-POS\D_SAVEDLISTS
get /usr/ud/primac/rev11/base/REV11-POS/D__HOLD_ REV11-POS\D__HOLD_
get /usr/ud/primac/rev11/base/REV11-POS/D_BP REV11-POS\D_BP
get /usr/ud/primac/rev11/base/REV11-POS/D__REPORT_ REV11-POS\D__REPORT_
get /usr/ud/primac/rev11/base/REV11-POS/_REPORT_ REV11-POS\_REPORT_
get /usr/ud/primac/rev11/base/REV11-POS/D__SCREEN_ REV11-POS\D__SCREEN_
get /usr/ud/primac/rev11/base/REV11-POS/_SCREEN_ REV11-POS\_SCREEN_
get /usr/ud/primac/rev11/base/REV11-POS/D_MENUFILE REV11-POS\D_MENUFILE
get /usr/ud/primac/rev11/base/REV11-POS/MENUFILE REV11-POS\MENUFILE
get /usr/ud/primac/rev11/base/REV11-POS/D___V__VIEW REV11-POS\D___V__VIEW
get /usr/ud/primac/rev11/base/REV11-POS/__V__VIEW REV11-POS\__V__VIEW
get /usr/ud/primac/rev11/base/REV11-POS/D_tload.dir REV11-POS\D_tload.dir
get /usr/ud/primac/rev11/base/REV11-POS/_ED_ REV11-POS\_ED_
get /usr/ud/primac/rev11/base/REV11-POS/D__ED_ REV11-POS\D__ED_
get /usr/ud/primac/rev11/base/REV11-POS/D_DL_ID REV11-POS\D_DL_ID
get /usr/ud/primac/rev11/base/REV11-POS/MISC.PO REV11-POS\MISC.PO
get /usr/ud/primac/rev11/base/REV11-POS/D_MISC.PO REV11-POS\D_MISC.PO
get /usr/ud/primac/rev11/base/REV11-POS/OUTSIDE.PO REV11-POS\OUTSIDE.PO
get /usr/ud/primac/rev11/base/REV11-POS/D_AE_COMS REV11-POS\D_AE_COMS
get /usr/ud/primac/rev11/base/REV11-POS/AE_COMS REV11-POS\AE_COMS
get /usr/ud/primac/rev11/base/REV11-POS/D_OUTSIDE.PO REV11-POS\D_OUTSIDE.PO
get /usr/ud/primac/rev11/base/REV11-POS/D__PH_ REV11-POS\D__PH_
get /usr/ud/primac/rev11/base/REV11-POS/D_OPOAPS.XREF REV11-POS\D_OPOAPS.XREF
get /usr/ud/primac/rev11/base/REV11-POS/OPOAPS.XREF REV11-POS\OPOAPS.XREF
get /usr/ud/primac/rev11/base/REV11-POS/vocupgrade REV11-POS\vocupgrade
get /usr/ud/primac/rev11/base/REV11-POS/D_LABEL.TXT REV11-POS\D_LABEL.TXT
get /usr/ud/primac/rev11/base/REV11-POS/LABEL.TXT REV11-POS\LABEL.TXT
get /usr/ud/primac/rev11/base/REV11-POS/D_RS.LABEL REV11-POS\D_RS.LABEL
get /usr/ud/primac/rev11/base/REV11-POS/RS.LABEL REV11-POS\RS.LABEL
get /usr/ud/primac/rev11/base/REV11-POS/D_AE_SCRATCH REV11-POS\D_AE_SCRATCH
get /usr/ud/primac/rev11/base/REV11-POS/D_ACCRUED.LIAB.HIST REV11-POS\D_ACCRUED.LIAB.HIST
get /usr/ud/primac/rev11/base/REV11-POS/ACCRUED.LIAB.HIST REV11-POS\ACCRUED.LIAB.HIST
get /usr/ud/primac/rev11/base/REV11-POS/X_ACCRUED.LIAB.HIST REV11-POS\X_ACCRUED.LIAB.HIST
get /usr/ud/primac/rev11/base/REV11-POS/tload.dir/tloadmap REV11-POS\tload.dir\tloadmap
get /usr/ud/primac/rev11/base/REV11-POS/_HOLD_/P_0000 REV11-POS\_HOLD_\P_0000
get /usr/ud/primac/rev11/base/REV11-POS/_HOLD_/UNIX_NT_SUMMARY REV11-POS\_HOLD_\UNIX_NT_SUMMARY
get /usr/ud/primac/rev11/base/REV11-POS/_HOLD_/UNIX_NT_WARNING REV11-POS\_HOLD_\UNIX_NT_WARNING
get /usr/ud/primac/rev11/base/REV11-POS/_HOLD_/UNIX_NT_CATASTROPHIC REV11-POS\_HOLD_\UNIX_NT_CATASTROPHIC
get /usr/ud/primac/rev11/base/REV11-POS/NTMIGRATE.LOC/tardir REV11-POS\NTMIGRATE.LOC\tardir
get /usr/ud/primac/rev11/base/REV11-POS/D_NTMIGRATE.LOC REV11-POS\D_NTMIGRATE.LOC
!convcode REV11-POS
!convdata -r REV11-POS
