#unix acct name
#password
bin
!mkdir REV11-JES
!mkdir REV11-JES\_PH_
!mkdir REV11-JES\SAVEDLISTS
!mkdir REV11-JES\tload.dir
!mkdir REV11-JES\_HOLD_
!mkdir REV11-JES\NTMIGRATE.LOC
get /usr/ud/primac/rev11/base/REV11-JES/VOC REV11-JES\VOC
get /usr/ud/primac/rev11/base/REV11-JES/D_VOC REV11-JES\D_VOC
get /usr/ud/primac/rev11/base/REV11-JES/X_EQUIPMENT REV11-JES\X_EQUIPMENT
get /usr/ud/primac/rev11/base/REV11-JES/D_BP REV11-JES\D_BP
get /usr/ud/primac/rev11/base/REV11-JES/D__REPORT_ REV11-JES\D__REPORT_
get /usr/ud/primac/rev11/base/REV11-JES/_REPORT_ REV11-JES\_REPORT_
get /usr/ud/primac/rev11/base/REV11-JES/D__SCREEN_ REV11-JES\D__SCREEN_
get /usr/ud/primac/rev11/base/REV11-JES/_SCREEN_ REV11-JES\_SCREEN_
get /usr/ud/primac/rev11/base/REV11-JES/D_MENUFILE REV11-JES\D_MENUFILE
get /usr/ud/primac/rev11/base/REV11-JES/MENUFILE REV11-JES\MENUFILE
get /usr/ud/primac/rev11/base/REV11-JES/D___V__VIEW REV11-JES\D___V__VIEW
get /usr/ud/primac/rev11/base/REV11-JES/__V__VIEW REV11-JES\__V__VIEW
get /usr/ud/primac/rev11/base/REV11-JES/D_tload.dir REV11-JES\D_tload.dir
get /usr/ud/primac/rev11/base/REV11-JES/_ED_ REV11-JES\_ED_
get /usr/ud/primac/rev11/base/REV11-JES/D__ED_ REV11-JES\D__ED_
get /usr/ud/primac/rev11/base/REV11-JES/D_EST.DESC.CODE REV11-JES\D_EST.DESC.CODE
get /usr/ud/primac/rev11/base/REV11-JES/FORMULA.DOC REV11-JES\FORMULA.DOC
get /usr/ud/primac/rev11/base/REV11-JES/D_DL_ID REV11-JES\D_DL_ID
get /usr/ud/primac/rev11/base/REV11-JES/EQ.BU REV11-JES\EQ.BU
get /usr/ud/primac/rev11/base/REV11-JES/D_EQ.BU REV11-JES\D_EQ.BU
get /usr/ud/primac/rev11/base/REV11-JES/EQUIPMENT REV11-JES\EQUIPMENT
get /usr/ud/primac/rev11/base/REV11-JES/AE_COMS REV11-JES\AE_COMS
get /usr/ud/primac/rev11/base/REV11-JES/D_EQUIPMENT REV11-JES\D_EQUIPMENT
get /usr/ud/primac/rev11/base/REV11-JES/ESTIMATE REV11-JES\ESTIMATE
get /usr/ud/primac/rev11/base/REV11-JES/D_ESTIMATE.BIND.SPOIL REV11-JES\D_ESTIMATE.BIND.SPOIL
get /usr/ud/primac/rev11/base/REV11-JES/D_ESTIMATE REV11-JES\D_ESTIMATE
get /usr/ud/primac/rev11/base/REV11-JES/D_ESTIMATE.CUT.EFF REV11-JES\D_ESTIMATE.CUT.EFF
get /usr/ud/primac/rev11/base/REV11-JES/D_ESTIMATE.DC.CODE REV11-JES\D_ESTIMATE.DC.CODE
get /usr/ud/primac/rev11/base/REV11-JES/ESTIMATE.DC.CODE REV11-JES\ESTIMATE.DC.CODE
get /usr/ud/primac/rev11/base/REV11-JES/D_ESTIMATE.DEPT REV11-JES\D_ESTIMATE.DEPT
get /usr/ud/primac/rev11/base/REV11-JES/ESTIMATE.DEPT REV11-JES\ESTIMATE.DEPT
get /usr/ud/primac/rev11/base/REV11-JES/D_ESTIMATE.DEPT.BU REV11-JES\D_ESTIMATE.DEPT.BU
get /usr/ud/primac/rev11/base/REV11-JES/D_ESTIMATE.DESC.GRP REV11-JES\D_ESTIMATE.DESC.GRP
get /usr/ud/primac/rev11/base/REV11-JES/D_FORMULA.DOC REV11-JES\D_FORMULA.DOC
get /usr/ud/primac/rev11/base/REV11-JES/D_PROSPECT.EST.XREF REV11-JES\D_PROSPECT.EST.XREF
get /usr/ud/primac/rev11/base/REV11-JES/PROSPECT.EST.XREF REV11-JES\PROSPECT.EST.XREF
get /usr/ud/primac/rev11/base/REV11-JES/ESTIMATOR REV11-JES\ESTIMATOR
get /usr/ud/primac/rev11/base/REV11-JES/D_ESTIMATOR REV11-JES\D_ESTIMATOR
get /usr/ud/primac/rev11/base/REV11-JES/D_AE_COMS REV11-JES\D_AE_COMS
get /usr/ud/primac/rev11/base/REV11-JES/UDTLOG REV11-JES\UDTLOG
get /usr/ud/primac/rev11/base/REV11-JES/D_CUST.EST.XREF REV11-JES\D_CUST.EST.XREF
get /usr/ud/primac/rev11/base/REV11-JES/CUST.EST.XREF REV11-JES\CUST.EST.XREF
get /usr/ud/primac/rev11/base/REV11-JES/EST.DESC.CODE REV11-JES\EST.DESC.CODE
get /usr/ud/primac/rev11/base/REV11-JES/ESTIMATE.BIND.SPOIL REV11-JES\ESTIMATE.BIND.SPOIL
get /usr/ud/primac/rev11/base/REV11-JES/D__PH_ REV11-JES\D__PH_
get /usr/ud/primac/rev11/base/REV11-JES/ESTIMATE.CUT.EFF REV11-JES\ESTIMATE.CUT.EFF
get /usr/ud/primac/rev11/base/REV11-JES/D_ESTIMATE.DIV REV11-JES\D_ESTIMATE.DIV
get /usr/ud/primac/rev11/base/REV11-JES/ESTIMATE.DEPT.BU REV11-JES\ESTIMATE.DEPT.BU
get /usr/ud/primac/rev11/base/REV11-JES/ESTIMATE.DESC.GRP REV11-JES\ESTIMATE.DESC.GRP
get /usr/ud/primac/rev11/base/REV11-JES/ESTIMATE.DIV REV11-JES\ESTIMATE.DIV
get /usr/ud/primac/rev11/base/REV11-JES/D_ESTIMATE.GDESC REV11-JES\D_ESTIMATE.GDESC
get /usr/ud/primac/rev11/base/REV11-JES/ESTIMATE.GDESC REV11-JES\ESTIMATE.GDESC
get /usr/ud/primac/rev11/base/REV11-JES/D_ESTIMATE.GRP REV11-JES\D_ESTIMATE.GRP
get /usr/ud/primac/rev11/base/REV11-JES/ESTIMATE.GRP REV11-JES\ESTIMATE.GRP
get /usr/ud/primac/rev11/base/REV11-JES/D_ESTIMATE.GRP.XREF REV11-JES\D_ESTIMATE.GRP.XREF
get /usr/ud/primac/rev11/base/REV11-JES/ESTIMATE.GRP.XREF REV11-JES\ESTIMATE.GRP.XREF
get /usr/ud/primac/rev11/base/REV11-JES/D_ESTIMATE.IMPO REV11-JES\D_ESTIMATE.IMPO
get /usr/ud/primac/rev11/base/REV11-JES/ESTIMATE.IMPO REV11-JES\ESTIMATE.IMPO
get /usr/ud/primac/rev11/base/REV11-JES/D_ESTIMATE.JOB REV11-JES\D_ESTIMATE.JOB
get /usr/ud/primac/rev11/base/REV11-JES/ESTIMATE.JOB REV11-JES\ESTIMATE.JOB
get /usr/ud/primac/rev11/base/REV11-JES/D_ESTIMATE.LOST.SALES REV11-JES\D_ESTIMATE.LOST.SALES
get /usr/ud/primac/rev11/base/REV11-JES/ESTIMATE.LOST.SALES REV11-JES\ESTIMATE.LOST.SALES
get /usr/ud/primac/rev11/base/REV11-JES/ESTIMATE.MARKUP REV11-JES\ESTIMATE.MARKUP
get /usr/ud/primac/rev11/base/REV11-JES/D_ESTIMATE.LS.CODE REV11-JES\D_ESTIMATE.LS.CODE
get /usr/ud/primac/rev11/base/REV11-JES/ESTIMATE.LS.CODE REV11-JES\ESTIMATE.LS.CODE
get /usr/ud/primac/rev11/base/REV11-JES/D_ESTIMATE.MARKUP REV11-JES\D_ESTIMATE.MARKUP
get /usr/ud/primac/rev11/base/REV11-JES/D_ESTIMATE.MATL REV11-JES\D_ESTIMATE.MATL
get /usr/ud/primac/rev11/base/REV11-JES/ESTIMATE.MATL REV11-JES\ESTIMATE.MATL
get /usr/ud/primac/rev11/base/REV11-JES/D_ESTIMATE.PAPER.GROUP REV11-JES\D_ESTIMATE.PAPER.GROUP
get /usr/ud/primac/rev11/base/REV11-JES/ESTIMATE.PAPER.GROUP REV11-JES\ESTIMATE.PAPER.GROUP
get /usr/ud/primac/rev11/base/REV11-JES/D_ESTIMATE.PRESS.SPOIL REV11-JES\D_ESTIMATE.PRESS.SPOIL
get /usr/ud/primac/rev11/base/REV11-JES/ESTIMATE.PRESS.SPOIL REV11-JES\ESTIMATE.PRESS.SPOIL
get /usr/ud/primac/rev11/base/REV11-JES/ESTIMATE.PURGE.BU REV11-JES\ESTIMATE.PURGE.BU
get /usr/ud/primac/rev11/base/REV11-JES/D_ESTIMATE.PURGE.BU REV11-JES\D_ESTIMATE.PURGE.BU
get /usr/ud/primac/rev11/base/REV11-JES/D_ESTIMATE.QTY REV11-JES\D_ESTIMATE.QTY
get /usr/ud/primac/rev11/base/REV11-JES/ESTIMATE.QTY REV11-JES\ESTIMATE.QTY
get /usr/ud/primac/rev11/base/REV11-JES/D_ESTIMATE.RPT REV11-JES\D_ESTIMATE.RPT
get /usr/ud/primac/rev11/base/REV11-JES/ESTIMATE.RPT REV11-JES\ESTIMATE.RPT
get /usr/ud/primac/rev11/base/REV11-JES/D_ESTIMATE.RUN.EFF REV11-JES\D_ESTIMATE.RUN.EFF
get /usr/ud/primac/rev11/base/REV11-JES/ESTIMATE.RUN.EFF REV11-JES\ESTIMATE.RUN.EFF
get /usr/ud/primac/rev11/base/REV11-JES/vocupgrade REV11-JES\vocupgrade
get /usr/ud/primac/rev11/base/REV11-JES/D_ESTIMATE.TBL REV11-JES\D_ESTIMATE.TBL
get /usr/ud/primac/rev11/base/REV11-JES/ESTIMATE.TBL REV11-JES\ESTIMATE.TBL
get /usr/ud/primac/rev11/base/REV11-JES/D_ESTIMATE.XREF REV11-JES\D_ESTIMATE.XREF
get /usr/ud/primac/rev11/base/REV11-JES/ESTIMATE.XREF REV11-JES\ESTIMATE.XREF
get /usr/ud/primac/rev11/base/REV11-JES/D_ESTIMATE.CUTTER.EFF REV11-JES\D_ESTIMATE.CUTTER.EFF
get /usr/ud/primac/rev11/base/REV11-JES/D_ESTIMATE.RL REV11-JES\D_ESTIMATE.RL
get /usr/ud/primac/rev11/base/REV11-JES/ESTIMATE.CUTTER.EFF REV11-JES\ESTIMATE.CUTTER.EFF
get /usr/ud/primac/rev11/base/REV11-JES/ESTIMATE.RL REV11-JES\ESTIMATE.RL
get /usr/ud/primac/rev11/base/REV11-JES/D_ESTIMATE.RL.DIE REV11-JES\D_ESTIMATE.RL.DIE
get /usr/ud/primac/rev11/base/REV11-JES/ESTIMATE.RL.DIE REV11-JES\ESTIMATE.RL.DIE
get /usr/ud/primac/rev11/base/REV11-JES/D_ESTIMATE.RL.CYLINDER REV11-JES\D_ESTIMATE.RL.CYLINDER
get /usr/ud/primac/rev11/base/REV11-JES/ESTIMATE.RL.CYLINDER REV11-JES\ESTIMATE.RL.CYLINDER
get /usr/ud/primac/rev11/base/REV11-JES/D_DIE.XREF REV11-JES\D_DIE.XREF
get /usr/ud/primac/rev11/base/REV11-JES/DIE.XREF REV11-JES\DIE.XREF
get /usr/ud/primac/rev11/base/REV11-JES/D_QUOTE.PRT REV11-JES\D_QUOTE.PRT
get /usr/ud/primac/rev11/base/REV11-JES/QUOTE.PRT REV11-JES\QUOTE.PRT
get /usr/ud/primac/rev11/base/REV11-JES/D_SAVEDLISTS REV11-JES\D_SAVEDLISTS
get /usr/ud/primac/rev11/base/REV11-JES/D_AE_SCRATCH REV11-JES\D_AE_SCRATCH
get /usr/ud/primac/rev11/base/REV11-JES/D_ESTIMATE.QP REV11-JES\D_ESTIMATE.QP
get /usr/ud/primac/rev11/base/REV11-JES/ESTIMATE.QP REV11-JES\ESTIMATE.QP
get /usr/ud/primac/rev11/base/REV11-JES/D_QPL.PROMPT REV11-JES\D_QPL.PROMPT
get /usr/ud/primac/rev11/base/REV11-JES/QPL.PROMPT REV11-JES\QPL.PROMPT
get /usr/ud/primac/rev11/base/REV11-JES/D_QPL.SCREEN REV11-JES\D_QPL.SCREEN
get /usr/ud/primac/rev11/base/REV11-JES/QPL.SCREEN REV11-JES\QPL.SCREEN
get /usr/ud/primac/rev11/base/REV11-JES/D_QPL.SCRIPT REV11-JES\D_QPL.SCRIPT
get /usr/ud/primac/rev11/base/REV11-JES/QPL.SCRIPT REV11-JES\QPL.SCRIPT
get /usr/ud/primac/rev11/base/REV11-JES/D_ESTIMATE.MGRP REV11-JES\D_ESTIMATE.MGRP
get /usr/ud/primac/rev11/base/REV11-JES/ESTIMATE.MGRP REV11-JES\ESTIMATE.MGRP
get /usr/ud/primac/rev11/base/REV11-JES/D_QPL.PARAM REV11-JES\D_QPL.PARAM
get /usr/ud/primac/rev11/base/REV11-JES/QPL.PARAM REV11-JES\QPL.PARAM
get /usr/ud/primac/rev11/base/REV11-JES/D_ESTIMATE.QP.GRP.XREF REV11-JES\D_ESTIMATE.QP.GRP.XREF
get /usr/ud/primac/rev11/base/REV11-JES/ESTIMATE.QP.GRP.XREF REV11-JES\ESTIMATE.QP.GRP.XREF
get /usr/ud/primac/rev11/base/REV11-JES/D_ESTIMATE.QP.GRP REV11-JES\D_ESTIMATE.QP.GRP
get /usr/ud/primac/rev11/base/REV11-JES/ESTIMATE.QP.GRP REV11-JES\ESTIMATE.QP.GRP
get /usr/ud/primac/rev11/base/REV11-JES/ESTIMATE.RL.FIN.EFF REV11-JES\ESTIMATE.RL.FIN.EFF
get /usr/ud/primac/rev11/base/REV11-JES/ESTIMATE.TABLE REV11-JES\ESTIMATE.TABLE
get /usr/ud/primac/rev11/base/REV11-JES/D_ESTIMATE.WORK REV11-JES\D_ESTIMATE.WORK
get /usr/ud/primac/rev11/base/REV11-JES/ESTIMATE.WORK REV11-JES\ESTIMATE.WORK
get /usr/ud/primac/rev11/base/REV11-JES/D_EST.REF.FDIE.SPEEDS REV11-JES\D_EST.REF.FDIE.SPEEDS
get /usr/ud/primac/rev11/base/REV11-JES/EST.REF.FDIE.SPEEDS REV11-JES\EST.REF.FDIE.SPEEDS
get /usr/ud/primac/rev11/base/REV11-JES/D_ESTIMATE.QUOTES REV11-JES\D_ESTIMATE.QUOTES
get /usr/ud/primac/rev11/base/REV11-JES/ESTIMATE.QUOTES REV11-JES\ESTIMATE.QUOTES
get /usr/ud/primac/rev11/base/REV11-JES/D_ESTIMATE.RES REV11-JES\D_ESTIMATE.RES
get /usr/ud/primac/rev11/base/REV11-JES/ESTIMATE.RES REV11-JES\ESTIMATE.RES
get /usr/ud/primac/rev11/base/REV11-JES/D_ESTIMATE.RES.CYLINDER REV11-JES\D_ESTIMATE.RES.CYLINDER
get /usr/ud/primac/rev11/base/REV11-JES/ESTIMATE.RES.CYLINDER REV11-JES\ESTIMATE.RES.CYLINDER
get /usr/ud/primac/rev11/base/REV11-JES/D_ESTIMATE.RES.DIE REV11-JES\D_ESTIMATE.RES.DIE
get /usr/ud/primac/rev11/base/REV11-JES/ESTIMATE.RES.DIE REV11-JES\ESTIMATE.RES.DIE
get /usr/ud/primac/rev11/base/REV11-JES/D_ESTIMATE.RES.DIE.XREF REV11-JES\D_ESTIMATE.RES.DIE.XREF
get /usr/ud/primac/rev11/base/REV11-JES/ESTIMATE.RES.DIE.XREF REV11-JES\ESTIMATE.RES.DIE.XREF
get /usr/ud/primac/rev11/base/REV11-JES/D_ESTIMATE.RES.GEARSET REV11-JES\D_ESTIMATE.RES.GEARSET
get /usr/ud/primac/rev11/base/REV11-JES/ESTIMATE.RES.GEARSET REV11-JES\ESTIMATE.RES.GEARSET
get /usr/ud/primac/rev11/base/REV11-JES/D_ESTIMATE.RES.MR.TABLE REV11-JES\D_ESTIMATE.RES.MR.TABLE
get /usr/ud/primac/rev11/base/REV11-JES/ESTIMATE.RES.MR.TABLE REV11-JES\ESTIMATE.RES.MR.TABLE
get /usr/ud/primac/rev11/base/REV11-JES/D_ESTIMATE.RES.PRESS.SPOIL REV11-JES\D_ESTIMATE.RES.PRESS.SPOIL
get /usr/ud/primac/rev11/base/REV11-JES/ESTIMATE.RES.PRESS.SPOIL REV11-JES\ESTIMATE.RES.PRESS.SPOIL
get /usr/ud/primac/rev11/base/REV11-JES/D_ESTIMATE.STATS REV11-JES\D_ESTIMATE.STATS
get /usr/ud/primac/rev11/base/REV11-JES/D_ESTIMATE.RES.RUN.EFF REV11-JES\D_ESTIMATE.RES.RUN.EFF
get /usr/ud/primac/rev11/base/REV11-JES/ESTIMATE.RES.RUN.EFF REV11-JES\ESTIMATE.RES.RUN.EFF
get /usr/ud/primac/rev11/base/REV11-JES/ESTIMATE.STATS REV11-JES\ESTIMATE.STATS
get /usr/ud/primac/rev11/base/REV11-JES/D_ESTIMATE.STATS.XREF REV11-JES\D_ESTIMATE.STATS.XREF
get /usr/ud/primac/rev11/base/REV11-JES/ESTIMATE.STATS.XREF REV11-JES\ESTIMATE.STATS.XREF
get /usr/ud/primac/rev11/base/REV11-JES/D_EST.RES.FDIE.SPEEDS REV11-JES\D_EST.RES.FDIE.SPEEDS
get /usr/ud/primac/rev11/base/REV11-JES/EST.RES.FDIE.SPEEDS REV11-JES\EST.RES.FDIE.SPEEDS
get /usr/ud/primac/rev11/base/REV11-JES/D_ESTIMATE.RES.SHAPE REV11-JES\D_ESTIMATE.RES.SHAPE
get /usr/ud/primac/rev11/base/REV11-JES/ESTIMATE.RES.SHAPE REV11-JES\ESTIMATE.RES.SHAPE
get /usr/ud/primac/rev11/base/REV11-JES/tload.dir/tloadmap REV11-JES\tload.dir\tloadmap
get /usr/ud/primac/rev11/base/REV11-JES/_HOLD_/P_0000 REV11-JES\_HOLD_\P_0000
get /usr/ud/primac/rev11/base/REV11-JES/_HOLD_/UNIX_NT_SUMMARY REV11-JES\_HOLD_\UNIX_NT_SUMMARY
get /usr/ud/primac/rev11/base/REV11-JES/_HOLD_/UNIX_NT_WARNING REV11-JES\_HOLD_\UNIX_NT_WARNING
get /usr/ud/primac/rev11/base/REV11-JES/_HOLD_/UNIX_NT_CATASTROPHIC REV11-JES\_HOLD_\UNIX_NT_CATASTROPHIC
get /usr/ud/primac/rev11/base/REV11-JES/NTMIGRATE.LOC/tardir REV11-JES\NTMIGRATE.LOC\tardir
get /usr/ud/primac/rev11/base/REV11-JES/D_NTMIGRATE.LOC REV11-JES\D_NTMIGRATE.LOC
!convcode REV11-JES
!convdata -r REV11-JES
