#unix acct name
#password
bin
!mkdir REV11-ICS
!mkdir REV11-ICS\_PH_
!mkdir REV11-ICS\NTMIGRATE.LOC
!mkdir REV11-ICS\_HOLD_
!mkdir REV11-ICS\SAVEDLISTS
!mkdir REV11-ICS\tload.dir
!mkdir REV11-ICS\TEMP
get /usr/ud/primac/rev11/base/REV11-ICS/VOC REV11-ICS\VOC
get /usr/ud/primac/rev11/base/REV11-ICS/D_VOC REV11-ICS\D_VOC
get /usr/ud/primac/rev11/base/REV11-ICS/D__HOLD_ REV11-ICS\D__HOLD_
get /usr/ud/primac/rev11/base/REV11-ICS/D_BP REV11-ICS\D_BP
get /usr/ud/primac/rev11/base/REV11-ICS/RS.XFER REV11-ICS\RS.XFER
get /usr/ud/primac/rev11/base/REV11-ICS/D__REPORT_ REV11-ICS\D__REPORT_
get /usr/ud/primac/rev11/base/REV11-ICS/_REPORT_ REV11-ICS\_REPORT_
get /usr/ud/primac/rev11/base/REV11-ICS/D__SCREEN_ REV11-ICS\D__SCREEN_
get /usr/ud/primac/rev11/base/REV11-ICS/_SCREEN_ REV11-ICS\_SCREEN_
get /usr/ud/primac/rev11/base/REV11-ICS/D_MENUFILE REV11-ICS\D_MENUFILE
get /usr/ud/primac/rev11/base/REV11-ICS/MENUFILE REV11-ICS\MENUFILE
get /usr/ud/primac/rev11/base/REV11-ICS/D___V__VIEW REV11-ICS\D___V__VIEW
get /usr/ud/primac/rev11/base/REV11-ICS/__V__VIEW REV11-ICS\__V__VIEW
get /usr/ud/primac/rev11/base/REV11-ICS/D_SAVEDLISTS REV11-ICS\D_SAVEDLISTS
get /usr/ud/primac/rev11/base/REV11-ICS/D_tload.dir REV11-ICS\D_tload.dir
get /usr/ud/primac/rev11/base/REV11-ICS/_ED_ REV11-ICS\_ED_
get /usr/ud/primac/rev11/base/REV11-ICS/D__ED_ REV11-ICS\D__ED_
get /usr/ud/primac/rev11/base/REV11-ICS/CATEGORY REV11-ICS\CATEGORY
get /usr/ud/primac/rev11/base/REV11-ICS/D_CATEGORY REV11-ICS\D_CATEGORY
get /usr/ud/primac/rev11/base/REV11-ICS/COLOR REV11-ICS\COLOR
get /usr/ud/primac/rev11/base/REV11-ICS/D_COLOR REV11-ICS\D_COLOR
get /usr/ud/primac/rev11/base/REV11-ICS/D_DL_ID REV11-ICS\D_DL_ID
get /usr/ud/primac/rev11/base/REV11-ICS/PRICE.TABLE REV11-ICS\PRICE.TABLE
get /usr/ud/primac/rev11/base/REV11-ICS/FINISH REV11-ICS\FINISH
get /usr/ud/primac/rev11/base/REV11-ICS/D_FINISH REV11-ICS\D_FINISH
get /usr/ud/primac/rev11/base/REV11-ICS/D_savelist.map REV11-ICS\D_savelist.map
get /usr/ud/primac/rev11/base/REV11-ICS/D_INV.ADJ.HIST REV11-ICS\D_INV.ADJ.HIST
get /usr/ud/primac/rev11/base/REV11-ICS/savelist.map REV11-ICS\savelist.map
get /usr/ud/primac/rev11/base/REV11-ICS/D__PH_ REV11-ICS\D__PH_
get /usr/ud/primac/rev11/base/REV11-ICS/INV.ADJ.HIST REV11-ICS\INV.ADJ.HIST
get /usr/ud/primac/rev11/base/REV11-ICS/JANUS.CONTROL REV11-ICS\JANUS.CONTROL
get /usr/ud/primac/rev11/base/REV11-ICS/D_INV.COST.ADJ REV11-ICS\D_INV.COST.ADJ
get /usr/ud/primac/rev11/base/REV11-ICS/INV.COST.ADJ REV11-ICS\INV.COST.ADJ
get /usr/ud/primac/rev11/base/REV11-ICS/D_INV.JOB.STATS REV11-ICS\D_INV.JOB.STATS
get /usr/ud/primac/rev11/base/REV11-ICS/INV.JOB.STATS REV11-ICS\INV.JOB.STATS
get /usr/ud/primac/rev11/base/REV11-ICS/INV.HIST REV11-ICS\INV.HIST
get /usr/ud/primac/rev11/base/REV11-ICS/D_INV.HIST REV11-ICS\D_INV.HIST
get /usr/ud/primac/rev11/base/REV11-ICS/D_INV.PRICE.CODE REV11-ICS\D_INV.PRICE.CODE
get /usr/ud/primac/rev11/base/REV11-ICS/D_INV.REC.ADJ REV11-ICS\D_INV.REC.ADJ
get /usr/ud/primac/rev11/base/REV11-ICS/INV.REC.ADJ REV11-ICS\INV.REC.ADJ
get /usr/ud/primac/rev11/base/REV11-ICS/D_INV.TRAN.HIST REV11-ICS\D_INV.TRAN.HIST
get /usr/ud/primac/rev11/base/REV11-ICS/INV.TRAN.HIST REV11-ICS\INV.TRAN.HIST
get /usr/ud/primac/rev11/base/REV11-ICS/D_PRODUCT.XREF REV11-ICS\D_PRODUCT.XREF
get /usr/ud/primac/rev11/base/REV11-ICS/INV.SIZE REV11-ICS\INV.SIZE
get /usr/ud/primac/rev11/base/REV11-ICS/D_INV.SIZE REV11-ICS\D_INV.SIZE
get /usr/ud/primac/rev11/base/REV11-ICS/INV.STATS REV11-ICS\INV.STATS
get /usr/ud/primac/rev11/base/REV11-ICS/D_INV.STATS REV11-ICS\D_INV.STATS
get /usr/ud/primac/rev11/base/REV11-ICS/D_INV.WHSE.LOC REV11-ICS\D_INV.WHSE.LOC
get /usr/ud/primac/rev11/base/REV11-ICS/INV.WHSE REV11-ICS\INV.WHSE
get /usr/ud/primac/rev11/base/REV11-ICS/D_INV.WHSE REV11-ICS\D_INV.WHSE
get /usr/ud/primac/rev11/base/REV11-ICS/INVENTORY REV11-ICS\INVENTORY
get /usr/ud/primac/rev11/base/REV11-ICS/D_INVENTORY REV11-ICS\D_INVENTORY
get /usr/ud/primac/rev11/base/REV11-ICS/D_STORAGE.CHG.TAB REV11-ICS\D_STORAGE.CHG.TAB
get /usr/ud/primac/rev11/base/REV11-ICS/STORAGE.CHG.TAB REV11-ICS\STORAGE.CHG.TAB
get /usr/ud/primac/rev11/base/REV11-ICS/STOCK.REC REV11-ICS\STOCK.REC
get /usr/ud/primac/rev11/base/REV11-ICS/D_STOCK.REC REV11-ICS\D_STOCK.REC
get /usr/ud/primac/rev11/base/REV11-ICS/PRODUCT.XREF REV11-ICS\PRODUCT.XREF
get /usr/ud/primac/rev11/base/REV11-ICS/TRANSFER REV11-ICS\TRANSFER
get /usr/ud/primac/rev11/base/REV11-ICS/D_TRANSFER REV11-ICS\D_TRANSFER
get /usr/ud/primac/rev11/base/REV11-ICS/WAREHOUSE REV11-ICS\WAREHOUSE
get /usr/ud/primac/rev11/base/REV11-ICS/D_WAREHOUSE REV11-ICS\D_WAREHOUSE
get /usr/ud/primac/rev11/base/REV11-ICS/D_AE_COMS REV11-ICS\D_AE_COMS
get /usr/ud/primac/rev11/base/REV11-ICS/AE_COMS REV11-ICS\AE_COMS
get /usr/ud/primac/rev11/base/REV11-ICS/UDTLOG REV11-ICS\UDTLOG
get /usr/ud/primac/rev11/base/REV11-ICS/INV.PRICE.CODE REV11-ICS\INV.PRICE.CODE
get /usr/ud/primac/rev11/base/REV11-ICS/NTMIGRATE.LOC/tardir REV11-ICS\NTMIGRATE.LOC\tardir
get /usr/ud/primac/rev11/base/REV11-ICS/D_INV.ADJ.CODES REV11-ICS\D_INV.ADJ.CODES
get /usr/ud/primac/rev11/base/REV11-ICS/INV.ADJ.CODES REV11-ICS\INV.ADJ.CODES
get /usr/ud/primac/rev11/base/REV11-ICS/INV.WHSE.LOC REV11-ICS\INV.WHSE.LOC
get /usr/ud/primac/rev11/base/REV11-ICS/D_INVENTORY.XREF REV11-ICS\D_INVENTORY.XREF
get /usr/ud/primac/rev11/base/REV11-ICS/INVENTORY.XREF REV11-ICS\INVENTORY.XREF
get /usr/ud/primac/rev11/base/REV11-ICS/D_PHYSICAL.INV REV11-ICS\D_PHYSICAL.INV
get /usr/ud/primac/rev11/base/REV11-ICS/PHYSICAL.INV REV11-ICS\PHYSICAL.INV
get /usr/ud/primac/rev11/base/REV11-ICS/D_PRICE.CHANGE REV11-ICS\D_PRICE.CHANGE
get /usr/ud/primac/rev11/base/REV11-ICS/PRICE.CHANGE REV11-ICS\PRICE.CHANGE
get /usr/ud/primac/rev11/base/REV11-ICS/D_SPECIAL.PROD REV11-ICS\D_SPECIAL.PROD
get /usr/ud/primac/rev11/base/REV11-ICS/SPECIAL.PROD REV11-ICS\SPECIAL.PROD
get /usr/ud/primac/rev11/base/REV11-ICS/vocupgrade REV11-ICS\vocupgrade
get /usr/ud/primac/rev11/base/REV11-ICS/D_PHY.INV REV11-ICS\D_PHY.INV
get /usr/ud/primac/rev11/base/REV11-ICS/PHY.INV REV11-ICS\PHY.INV
get /usr/ud/primac/rev11/base/REV11-ICS/D_SIZE REV11-ICS\D_SIZE
get /usr/ud/primac/rev11/base/REV11-ICS/SIZE REV11-ICS\SIZE
get /usr/ud/primac/rev11/base/REV11-ICS/D_PO.RSKI.XREF REV11-ICS\D_PO.RSKI.XREF
get /usr/ud/primac/rev11/base/REV11-ICS/PO.RSKI.XREF REV11-ICS\PO.RSKI.XREF
get /usr/ud/primac/rev11/base/REV11-ICS/D_ROLL.SKID.INFO REV11-ICS\D_ROLL.SKID.INFO
get /usr/ud/primac/rev11/base/REV11-ICS/ROLL.SKID.INFO REV11-ICS\ROLL.SKID.INFO
get /usr/ud/primac/rev11/base/REV11-ICS/D_RS.XFER REV11-ICS\D_RS.XFER
get /usr/ud/primac/rev11/base/REV11-ICS/D_TT8.TRAN REV11-ICS\D_TT8.TRAN
get /usr/ud/primac/rev11/base/REV11-ICS/TT8.TRAN REV11-ICS\TT8.TRAN
get /usr/ud/primac/rev11/base/REV11-ICS/D_PRICE.TABLE REV11-ICS\D_PRICE.TABLE
get /usr/ud/primac/rev11/base/REV11-ICS/D_INV.FNGD REV11-ICS\D_INV.FNGD
get /usr/ud/primac/rev11/base/REV11-ICS/INV.FNGD REV11-ICS\INV.FNGD
get /usr/ud/primac/rev11/base/REV11-ICS/D_FNGD.BOM REV11-ICS\D_FNGD.BOM
get /usr/ud/primac/rev11/base/REV11-ICS/FNGD.BOM REV11-ICS\FNGD.BOM
get /usr/ud/primac/rev11/base/REV11-ICS/D_FNGD.DIE REV11-ICS\D_FNGD.DIE
get /usr/ud/primac/rev11/base/REV11-ICS/FNGD.DIE REV11-ICS\FNGD.DIE
get /usr/ud/primac/rev11/base/REV11-ICS/D_FNGD.DIE.XREF REV11-ICS\D_FNGD.DIE.XREF
get /usr/ud/primac/rev11/base/REV11-ICS/FNGD.DIE.XREF REV11-ICS\FNGD.DIE.XREF
get /usr/ud/primac/rev11/base/REV11-ICS/D_FNGD.BOM.XREF REV11-ICS\D_FNGD.BOM.XREF
get /usr/ud/primac/rev11/base/REV11-ICS/FNGD.BOM.XREF REV11-ICS\FNGD.BOM.XREF
get /usr/ud/primac/rev11/base/REV11-ICS/D_FNGD.STATS REV11-ICS\D_FNGD.STATS
get /usr/ud/primac/rev11/base/REV11-ICS/FNGD.STATS REV11-ICS\FNGD.STATS
get /usr/ud/primac/rev11/base/REV11-ICS/D_FNGD.JOB.STATS REV11-ICS\D_FNGD.JOB.STATS
get /usr/ud/primac/rev11/base/REV11-ICS/FNGD.JOB.STATS REV11-ICS\FNGD.JOB.STATS
get /usr/ud/primac/rev11/base/REV11-ICS/D_FNGD.ORDER.STATS REV11-ICS\D_FNGD.ORDER.STATS
get /usr/ud/primac/rev11/base/REV11-ICS/FNGD.ORDER.STATS REV11-ICS\FNGD.ORDER.STATS
get /usr/ud/primac/rev11/base/REV11-ICS/D_FNGD_ADJ_HIST_TAG REV11-ICS\D_FNGD_ADJ_HIST_TAG
get /usr/ud/primac/rev11/base/REV11-ICS/FNGD_ADJ_HIST REV11-ICS\FNGD_ADJ_HIST
get /usr/ud/primac/rev11/base/REV11-ICS/FNGD_ADJ_HIST_TAG REV11-ICS\FNGD_ADJ_HIST_TAG
get /usr/ud/primac/rev11/base/REV11-ICS/D_FNGD_ADJ_HIST REV11-ICS\D_FNGD_ADJ_HIST
get /usr/ud/primac/rev11/base/REV11-ICS/D_PO.MAN.XREF REV11-ICS\D_PO.MAN.XREF
get /usr/ud/primac/rev11/base/REV11-ICS/PO.MAN.XREF REV11-ICS\PO.MAN.XREF
get /usr/ud/primac/rev11/base/REV11-ICS/D_AE_SCRATCH REV11-ICS\D_AE_SCRATCH
get /usr/ud/primac/rev11/base/REV11-ICS/D_JANUS.CONTROL REV11-ICS\D_JANUS.CONTROL
get /usr/ud/primac/rev11/base/REV11-ICS/D_NTMIGRATE.LOC REV11-ICS\D_NTMIGRATE.LOC
get /usr/ud/primac/rev11/base/REV11-ICS/U_OVERFLOWED REV11-ICS\U_OVERFLOWED
get /usr/ud/primac/rev11/base/REV11-ICS/D_SLIT.TRANS REV11-ICS\D_SLIT.TRANS
get /usr/ud/primac/rev11/base/REV11-ICS/SLIT.TRANS REV11-ICS\SLIT.TRANS
get /usr/ud/primac/rev11/base/REV11-ICS/core REV11-ICS\core
get /usr/ud/primac/rev11/base/REV11-ICS/D_CATEGORY.MISC REV11-ICS\D_CATEGORY.MISC
get /usr/ud/primac/rev11/base/REV11-ICS/CATEGORY.MISC REV11-ICS\CATEGORY.MISC
get /usr/ud/primac/rev11/base/REV11-ICS/D_INV.GLA.TAG REV11-ICS\D_INV.GLA.TAG
get /usr/ud/primac/rev11/base/REV11-ICS/INV.GLA.TAG REV11-ICS\INV.GLA.TAG
get /usr/ud/primac/rev11/base/REV11-ICS/D_INV.GLA.TRANS REV11-ICS\D_INV.GLA.TRANS
get /usr/ud/primac/rev11/base/REV11-ICS/INV.GLA.TRANS REV11-ICS\INV.GLA.TRANS
get /usr/ud/primac/rev11/base/REV11-ICS/D_MISC.STOCK.REC REV11-ICS\D_MISC.STOCK.REC
get /usr/ud/primac/rev11/base/REV11-ICS/MISC.STOCK.REC REV11-ICS\MISC.STOCK.REC
get /usr/ud/primac/rev11/base/REV11-ICS/D_TEMP REV11-ICS\D_TEMP
get /usr/ud/primac/rev11/base/REV11-ICS/D_BOB.TEMP REV11-ICS\D_BOB.TEMP
get /usr/ud/primac/rev11/base/REV11-ICS/BOB.TEMP REV11-ICS\BOB.TEMP
get /usr/ud/primac/rev11/base/REV11-ICS/INV.RANK.USAGE.SEQ REV11-ICS\INV.RANK.USAGE.SEQ
get /usr/ud/primac/rev11/base/REV11-ICS/D_INV_ADJ_HIST_TAG REV11-ICS\D_INV_ADJ_HIST_TAG
get /usr/ud/primac/rev11/base/REV11-ICS/INV_ADJ_HIST_TAG REV11-ICS\INV_ADJ_HIST_TAG
get /usr/ud/primac/rev11/base/REV11-ICS/_HOLD_/UNIX_NT_SUMMARY REV11-ICS\_HOLD_\UNIX_NT_SUMMARY
get /usr/ud/primac/rev11/base/REV11-ICS/_HOLD_/UNIX_NT_WARNING REV11-ICS\_HOLD_\UNIX_NT_WARNING
get /usr/ud/primac/rev11/base/REV11-ICS/_HOLD_/UNIX_NT_CATASTROPHIC REV11-ICS\_HOLD_\UNIX_NT_CATASTROPHIC
get /usr/ud/primac/rev11/base/REV11-ICS/D_INV.RANK.USAGE.SEQ REV11-ICS\D_INV.RANK.USAGE.SEQ
get /usr/ud/primac/rev11/base/REV11-ICS/tload.dir/tloadmap REV11-ICS\tload.dir\tloadmap
get /usr/ud/primac/rev11/base/REV11-ICS/TEMP/dat001 REV11-ICS\TEMP\dat001
get /usr/ud/primac/rev11/base/REV11-ICS/TEMP/over001 REV11-ICS\TEMP\over001
get /usr/ud/primac/rev11/base/REV11-ICS/D_INV.WHSE.LOC.FI REV11-ICS\D_INV.WHSE.LOC.FI
get /usr/ud/primac/rev11/base/REV11-ICS/INV.WHSE.LOC.FI REV11-ICS\INV.WHSE.LOC.FI
get /usr/ud/primac/rev11/base/REV11-ICS/D_INV.RANK.SEQUENCE REV11-ICS\D_INV.RANK.SEQUENCE
get /usr/ud/primac/rev11/base/REV11-ICS/INV.RANK.SEQUENCE REV11-ICS\INV.RANK.SEQUENCE
!convcode REV11-ICS
!convdata -r REV11-ICS
