#unix acct name
#password
bin
!mkdir REV11-PRS
!mkdir REV11-PRS\_PH_
!mkdir REV11-PRS\NTMIGRATE.LOC
!mkdir REV11-PRS\_HOLD_
!mkdir REV11-PRS\SAVEDLISTS
!mkdir REV11-PRS\tload.dir
get /usr/ud/primac/rev11/base/REV11-PRS/VOC REV11-PRS\VOC
get /usr/ud/primac/rev11/base/REV11-PRS/D_VOC REV11-PRS\D_VOC
get /usr/ud/primac/rev11/base/REV11-PRS/D__HOLD_ REV11-PRS\D__HOLD_
get /usr/ud/primac/rev11/base/REV11-PRS/D_BP REV11-PRS\D_BP
get /usr/ud/primac/rev11/base/REV11-PRS/D__REPORT_ REV11-PRS\D__REPORT_
get /usr/ud/primac/rev11/base/REV11-PRS/_REPORT_ REV11-PRS\_REPORT_
get /usr/ud/primac/rev11/base/REV11-PRS/D__SCREEN_ REV11-PRS\D__SCREEN_
get /usr/ud/primac/rev11/base/REV11-PRS/_SCREEN_ REV11-PRS\_SCREEN_
get /usr/ud/primac/rev11/base/REV11-PRS/D_MENUFILE REV11-PRS\D_MENUFILE
get /usr/ud/primac/rev11/base/REV11-PRS/MENUFILE REV11-PRS\MENUFILE
get /usr/ud/primac/rev11/base/REV11-PRS/D___V__VIEW REV11-PRS\D___V__VIEW
get /usr/ud/primac/rev11/base/REV11-PRS/__V__VIEW REV11-PRS\__V__VIEW
get /usr/ud/primac/rev11/base/REV11-PRS/D_tload.dir REV11-PRS\D_tload.dir
get /usr/ud/primac/rev11/base/REV11-PRS/_ED_ REV11-PRS\_ED_
get /usr/ud/primac/rev11/base/REV11-PRS/D__ED_ REV11-PRS\D__ED_
get /usr/ud/primac/rev11/base/REV11-PRS/BATCH REV11-PRS\BATCH
get /usr/ud/primac/rev11/base/REV11-PRS/D_BATCH REV11-PRS\D_BATCH
get /usr/ud/primac/rev11/base/REV11-PRS/BATCH1 REV11-PRS\BATCH1
get /usr/ud/primac/rev11/base/REV11-PRS/D_BATCH1 REV11-PRS\D_BATCH1
get /usr/ud/primac/rev11/base/REV11-PRS/DEDRECAP REV11-PRS\DEDRECAP
get /usr/ud/primac/rev11/base/REV11-PRS/D_DEDRECAP REV11-PRS\D_DEDRECAP
get /usr/ud/primac/rev11/base/REV11-PRS/DEDREG REV11-PRS\DEDREG
get /usr/ud/primac/rev11/base/REV11-PRS/D_DEDREG REV11-PRS\D_DEDREG
get /usr/ud/primac/rev11/base/REV11-PRS/D_DL_ID REV11-PRS\D_DL_ID
get /usr/ud/primac/rev11/base/REV11-PRS/EMPTRANS REV11-PRS\EMPTRANS
get /usr/ud/primac/rev11/base/REV11-PRS/D_EMPTRANS REV11-PRS\D_EMPTRANS
get /usr/ud/primac/rev11/base/REV11-PRS/MDS REV11-PRS\MDS
get /usr/ud/primac/rev11/base/REV11-PRS/D_MDS REV11-PRS\D_MDS
get /usr/ud/primac/rev11/base/REV11-PRS/MISCDED REV11-PRS\MISCDED
get /usr/ud/primac/rev11/base/REV11-PRS/D_MISCDED REV11-PRS\D_MISCDED
get /usr/ud/primac/rev11/base/REV11-PRS/MPAYREG REV11-PRS\MPAYREG
get /usr/ud/primac/rev11/base/REV11-PRS/PRD REV11-PRS\PRD
get /usr/ud/primac/rev11/base/REV11-PRS/D_MPAYREG REV11-PRS\D_MPAYREG
get /usr/ud/primac/rev11/base/REV11-PRS/MTAXRECAP REV11-PRS\MTAXRECAP
get /usr/ud/primac/rev11/base/REV11-PRS/D_MTAXRECAP REV11-PRS\D_MTAXRECAP
get /usr/ud/primac/rev11/base/REV11-PRS/MTH-UNION REV11-PRS\MTH-UNION
get /usr/ud/primac/rev11/base/REV11-PRS/D_MTH-UNION REV11-PRS\D_MTH-UNION
get /usr/ud/primac/rev11/base/REV11-PRS/MUNION REV11-PRS\MUNION
get /usr/ud/primac/rev11/base/REV11-PRS/D_MUNION REV11-PRS\D_MUNION
get /usr/ud/primac/rev11/base/REV11-PRS/OTHER-INC REV11-PRS\OTHER-INC
get /usr/ud/primac/rev11/base/REV11-PRS/D_OTHER-INC REV11-PRS\D_OTHER-INC
get /usr/ud/primac/rev11/base/REV11-PRS/PAYREG REV11-PRS\PAYREG
get /usr/ud/primac/rev11/base/REV11-PRS/D_PAYREG REV11-PRS\D_PAYREG
get /usr/ud/primac/rev11/base/REV11-PRS/PAYTYPE REV11-PRS\PAYTYPE
get /usr/ud/primac/rev11/base/REV11-PRS/D_PAYTYPE REV11-PRS\D_PAYTYPE
get /usr/ud/primac/rev11/base/REV11-PRS/PETTY.CASH REV11-PRS\PETTY.CASH
get /usr/ud/primac/rev11/base/REV11-PRS/D_PETTY.CASH REV11-PRS\D_PETTY.CASH
get /usr/ud/primac/rev11/base/REV11-PRS/PRCHECK REV11-PRS\PRCHECK
get /usr/ud/primac/rev11/base/REV11-PRS/D_PRCHECK REV11-PRS\D_PRCHECK
get /usr/ud/primac/rev11/base/REV11-PRS/D_PRD REV11-PRS\D_PRD
get /usr/ud/primac/rev11/base/REV11-PRS/QHR REV11-PRS\QHR
get /usr/ud/primac/rev11/base/REV11-PRS/D_QHR REV11-PRS\D_QHR
get /usr/ud/primac/rev11/base/REV11-PRS/QTD-YTD REV11-PRS\QTD-YTD
get /usr/ud/primac/rev11/base/REV11-PRS/D_QTD-YTD REV11-PRS\D_QTD-YTD
get /usr/ud/primac/rev11/base/REV11-PRS/D_S.COMPANY REV11-PRS\D_S.COMPANY
get /usr/ud/primac/rev11/base/REV11-PRS/S.COMPANY REV11-PRS\S.COMPANY
get /usr/ud/primac/rev11/base/REV11-PRS/S.EMPLOYEE REV11-PRS\S.EMPLOYEE
get /usr/ud/primac/rev11/base/REV11-PRS/D_S.EMPLOYEE REV11-PRS\D_S.EMPLOYEE
get /usr/ud/primac/rev11/base/REV11-PRS/S.QTD-YTD REV11-PRS\S.QTD-YTD
get /usr/ud/primac/rev11/base/REV11-PRS/D_S.QTD-YTD REV11-PRS\D_S.QTD-YTD
get /usr/ud/primac/rev11/base/REV11-PRS/STATE REV11-PRS\STATE
get /usr/ud/primac/rev11/base/REV11-PRS/D_STATE REV11-PRS\D_STATE
get /usr/ud/primac/rev11/base/REV11-PRS/TAX2 REV11-PRS\TAX2
get /usr/ud/primac/rev11/base/REV11-PRS/D_TAX2 REV11-PRS\D_TAX2
get /usr/ud/primac/rev11/base/REV11-PRS/D_BATCH.HEADER REV11-PRS\D_BATCH.HEADER
get /usr/ud/primac/rev11/base/REV11-PRS/UNION REV11-PRS\UNION
get /usr/ud/primac/rev11/base/REV11-PRS/D_UNION REV11-PRS\D_UNION
get /usr/ud/primac/rev11/base/REV11-PRS/D_AE_COMS REV11-PRS\D_AE_COMS
get /usr/ud/primac/rev11/base/REV11-PRS/AE_COMS REV11-PRS\AE_COMS
get /usr/ud/primac/rev11/base/REV11-PRS/BATCH.HEADER REV11-PRS\BATCH.HEADER
get /usr/ud/primac/rev11/base/REV11-PRS/D_BATCH.DETAIL REV11-PRS\D_BATCH.DETAIL
get /usr/ud/primac/rev11/base/REV11-PRS/BATCH.DETAIL REV11-PRS\BATCH.DETAIL
get /usr/ud/primac/rev11/base/REV11-PRS/D_BATCH.ANAL REV11-PRS\D_BATCH.ANAL
get /usr/ud/primac/rev11/base/REV11-PRS/D__PH_ REV11-PRS\D__PH_
get /usr/ud/primac/rev11/base/REV11-PRS/BATCH.ANAL REV11-PRS\BATCH.ANAL
get /usr/ud/primac/rev11/base/REV11-PRS/HOLIDAY REV11-PRS\HOLIDAY
get /usr/ud/primac/rev11/base/REV11-PRS/D_JOB.CLASS REV11-PRS\D_JOB.CLASS
get /usr/ud/primac/rev11/base/REV11-PRS/JOB.CLASS REV11-PRS\JOB.CLASS
get /usr/ud/primac/rev11/base/REV11-PRS/D_ATTEND.CODE REV11-PRS\D_ATTEND.CODE
get /usr/ud/primac/rev11/base/REV11-PRS/ATTEND.CODE REV11-PRS\ATTEND.CODE
get /usr/ud/primac/rev11/base/REV11-PRS/D_WORK.SHIFT REV11-PRS\D_WORK.SHIFT
get /usr/ud/primac/rev11/base/REV11-PRS/WORK.SHIFT REV11-PRS\WORK.SHIFT
get /usr/ud/primac/rev11/base/REV11-PRS/D_ATTEND.HIST REV11-PRS\D_ATTEND.HIST
get /usr/ud/primac/rev11/base/REV11-PRS/ATTEND.HIST REV11-PRS\ATTEND.HIST
get /usr/ud/primac/rev11/base/REV11-PRS/D_S.FICA.TABLE REV11-PRS\D_S.FICA.TABLE
get /usr/ud/primac/rev11/base/REV11-PRS/S.FICA.TABLE REV11-PRS\S.FICA.TABLE
get /usr/ud/primac/rev11/base/REV11-PRS/vocupgrade REV11-PRS\vocupgrade
get /usr/ud/primac/rev11/base/REV11-PRS/D_DAILY.HOURS REV11-PRS\D_DAILY.HOURS
get /usr/ud/primac/rev11/base/REV11-PRS/DAILY.HOURS REV11-PRS\DAILY.HOURS
get /usr/ud/primac/rev11/base/REV11-PRS/D_EMPLOYEE.INVEST.CONTR REV11-PRS\D_EMPLOYEE.INVEST.CONTR
get /usr/ud/primac/rev11/base/REV11-PRS/EMPLOYEE.INVEST.CONTR REV11-PRS\EMPLOYEE.INVEST.CONTR
get /usr/ud/primac/rev11/base/REV11-PRS/D_INVEST.FUND.CODE REV11-PRS\D_INVEST.FUND.CODE
get /usr/ud/primac/rev11/base/REV11-PRS/INVEST.FUND.CODE REV11-PRS\INVEST.FUND.CODE
get /usr/ud/primac/rev11/base/REV11-PRS/D_DLY.HRS.CONTROL REV11-PRS\D_DLY.HRS.CONTROL
get /usr/ud/primac/rev11/base/REV11-PRS/DLY.HRS.CONTROL REV11-PRS\DLY.HRS.CONTROL
get /usr/ud/primac/rev11/base/REV11-PRS/D_EPS.DAILY.HOURS REV11-PRS\D_EPS.DAILY.HOURS
get /usr/ud/primac/rev11/base/REV11-PRS/EPS.DAILY.HOURS REV11-PRS\EPS.DAILY.HOURS
get /usr/ud/primac/rev11/base/REV11-PRS/D_ANNUAL.QTD-YTD REV11-PRS\D_ANNUAL.QTD-YTD
get /usr/ud/primac/rev11/base/REV11-PRS/ANNUAL.QTD-YTD REV11-PRS\ANNUAL.QTD-YTD
get /usr/ud/primac/rev11/base/REV11-PRS/core REV11-PRS\core
get /usr/ud/primac/rev11/base/REV11-PRS/D_HOLIDAY REV11-PRS\D_HOLIDAY
get /usr/ud/primac/rev11/base/REV11-PRS/D_JOB.GROUP REV11-PRS\D_JOB.GROUP
get /usr/ud/primac/rev11/base/REV11-PRS/JOB.GROUP REV11-PRS\JOB.GROUP
get /usr/ud/primac/rev11/base/REV11-PRS/D_JOB.RATE REV11-PRS\D_JOB.RATE
get /usr/ud/primac/rev11/base/REV11-PRS/JOB.RATE REV11-PRS\JOB.RATE
get /usr/ud/primac/rev11/base/REV11-PRS/D_OTH.INC.RECAP REV11-PRS\D_OTH.INC.RECAP
get /usr/ud/primac/rev11/base/REV11-PRS/OTH.INC.RECAP REV11-PRS\OTH.INC.RECAP
get /usr/ud/primac/rev11/base/REV11-PRS/D_W2.FORMS REV11-PRS\D_W2.FORMS
get /usr/ud/primac/rev11/base/REV11-PRS/W2.FORMS REV11-PRS\W2.FORMS
get /usr/ud/primac/rev11/base/REV11-PRS/D_W2.FORMS.BACKUP REV11-PRS\D_W2.FORMS.BACKUP
get /usr/ud/primac/rev11/base/REV11-PRS/W2.FORMS.BACKUP REV11-PRS\W2.FORMS.BACKUP
get /usr/ud/primac/rev11/base/REV11-PRS/D_WORK.CALC REV11-PRS\D_WORK.CALC
get /usr/ud/primac/rev11/base/REV11-PRS/WORK.CALC REV11-PRS\WORK.CALC
get /usr/ud/primac/rev11/base/REV11-PRS/D_UNPAY.DEDUCT REV11-PRS\D_UNPAY.DEDUCT
get /usr/ud/primac/rev11/base/REV11-PRS/UNPAY.DEDUCT REV11-PRS\UNPAY.DEDUCT
get /usr/ud/primac/rev11/base/REV11-PRS/NTMIGRATE.LOC/tardir REV11-PRS\NTMIGRATE.LOC\tardir
get /usr/ud/primac/rev11/base/REV11-PRS/D_NTMIGRATE.LOC REV11-PRS\D_NTMIGRATE.LOC
get /usr/ud/primac/rev11/base/REV11-PRS/D_S.EMPLOYEE.INVEST.CONTR REV11-PRS\D_S.EMPLOYEE.INVEST.CONTR
get /usr/ud/primac/rev11/base/REV11-PRS/S.EMPLOYEE.INVEST.CONTR REV11-PRS\S.EMPLOYEE.INVEST.CONTR
get /usr/ud/primac/rev11/base/REV11-PRS/D_SAVEDLISTS REV11-PRS\D_SAVEDLISTS
get /usr/ud/primac/rev11/base/REV11-PRS/D_AE_SCRATCH REV11-PRS\D_AE_SCRATCH
get /usr/ud/primac/rev11/base/REV11-PRS/_HOLD_/P_0000 REV11-PRS\_HOLD_\P_0000
get /usr/ud/primac/rev11/base/REV11-PRS/_HOLD_/UNIX_NT_SUMMARY REV11-PRS\_HOLD_\UNIX_NT_SUMMARY
get /usr/ud/primac/rev11/base/REV11-PRS/_HOLD_/UNIX_NT_WARNING REV11-PRS\_HOLD_\UNIX_NT_WARNING
get /usr/ud/primac/rev11/base/REV11-PRS/_HOLD_/UNIX_NT_CATASTROPHIC REV11-PRS\_HOLD_\UNIX_NT_CATASTROPHIC
get /usr/ud/primac/rev11/base/REV11-PRS/tload.dir/tloadmap REV11-PRS\tload.dir\tloadmap
!convcode REV11-PRS
!convdata -r REV11-PRS
